<?xml version="1.0" encoding="UTF-8" standalone="no"?>
<!DOCTYPE log SYSTEM "logger.dtd">
<log>
<record>
  <date>2018-01-23T12:13:32</date>
  <millis>1516689812660</millis>
  <sequence>0</sequence>
  <level>START</level>
  <class>com.kms.katalon.core.logging.KeywordLogger</class>
  <method>startSuite</method>
  <thread>1</thread>
  <message>Start Test Suite : PPE</message>
  <nestedLevel>0</nestedLevel>
  <property name="name">PPE</property>
  <property name="description"></property>
  <property name="id">Test Suites/PPE</property>
</record>
<record>
  <date>2018-01-23T12:13:32</date>
  <millis>1516689812696</millis>
  <sequence>1</sequence>
  <level>RUN_DATA</level>
  <class>com.kms.katalon.core.logging.KeywordLogger</class>
  <method>logMessage</method>
  <thread>1</thread>
  <message>Logging run data &amp;apos;hostName&amp;apos; with value &amp;apos;gsalunkhe - CTS-QUA-4.cogitate.india&amp;apos;</message>
  <nestedLevel>0</nestedLevel>
  <property name="hostName">gsalunkhe - CTS-QUA-4.cogitate.india</property>
</record>
<record>
  <date>2018-01-23T12:13:32</date>
  <millis>1516689812697</millis>
  <sequence>2</sequence>
  <level>RUN_DATA</level>
  <class>com.kms.katalon.core.logging.KeywordLogger</class>
  <method>logMessage</method>
  <thread>1</thread>
  <message>Logging run data &amp;apos;os&amp;apos; with value &amp;apos;Windows 7 64bit&amp;apos;</message>
  <nestedLevel>0</nestedLevel>
  <property name="os">Windows 7 64bit</property>
</record>
<record>
  <date>2018-01-23T12:13:32</date>
  <millis>1516689812698</millis>
  <sequence>3</sequence>
  <level>RUN_DATA</level>
  <class>com.kms.katalon.core.logging.KeywordLogger</class>
  <method>logMessage</method>
  <thread>1</thread>
  <message>Logging run data &amp;apos;hostAddress&amp;apos; with value &amp;apos;192.168.0.4&amp;apos;</message>
  <nestedLevel>0</nestedLevel>
  <property name="hostAddress">192.168.0.4</property>
</record>
<record>
  <date>2018-01-23T12:13:32</date>
  <millis>1516689812700</millis>
  <sequence>4</sequence>
  <level>RUN_DATA</level>
  <class>com.kms.katalon.core.logging.KeywordLogger</class>
  <method>logMessage</method>
  <thread>1</thread>
  <message>Logging run data &amp;apos;katalonVersion&amp;apos; with value &amp;apos;5.0.1.1&amp;apos;</message>
  <nestedLevel>0</nestedLevel>
  <property name="katalonVersion">5.0.1.1</property>
</record>
<record>
  <date>2018-01-23T12:13:32</date>
  <millis>1516689812997</millis>
  <sequence>5</sequence>
  <level>START</level>
  <class>com.kms.katalon.core.logging.KeywordLogger</class>
  <method>startTest</method>
  <thread>1</thread>
  <message>Start Test Case : Test Cases/QUOTE_CREATION</message>
  <nestedLevel>1</nestedLevel>
  <property name="name">Test Cases/QUOTE_CREATION</property>
  <property name="description">Agent Quote process</property>
  <property name="id">Test Cases/QUOTE_CREATION</property>
  <property name="source">D:\\Katalon_Practice_Workspace\\Katalon_MitendraTest Cases\\QUOTE_CREATION.tc</property>
  <property name="isOptional">false</property>
</record>
<record>
  <date>2018-01-23T12:13:33</date>
  <millis>1516689813174</millis>
  <sequence>6</sequence>
  <level>INFO</level>
  <class>com.kms.katalon.core.logging.KeywordLogger</class>
  <method>logMessage</method>
  <thread>1</thread>
  <message>Evaluating variables for test case</message>
  <nestedLevel>1</nestedLevel>
</record>
<record>
  <date>2018-01-23T12:13:33</date>
  <millis>1516689813493</millis>
  <sequence>7</sequence>
  <level>START</level>
  <class>com.kms.katalon.core.logging.KeywordLogger</class>
  <method>startKeyword</method>
  <thread>1</thread>
  <message>Start action : openBrowser</message>
  <nestedLevel>1</nestedLevel>
  <property name="startLine">10</property>
  <property name="stepIndex">1</property>
</record>
<record>
  <date>2018-01-23T12:13:33</date>
  <millis>1516689813948</millis>
  <sequence>8</sequence>
  <level>INFO</level>
  <class>com.kms.katalon.core.logging.KeywordLogger</class>
  <method>logMessage</method>
  <thread>1</thread>
  <message>Opening browser</message>
  <nestedLevel>1</nestedLevel>
</record>
<record>
  <date>2018-01-23T12:13:33</date>
  <millis>1516689813958</millis>
  <sequence>9</sequence>
  <level>INFO</level>
  <class>com.kms.katalon.core.logging.KeywordLogger</class>
  <method>logMessage</method>
  <thread>1</thread>
  <message>Starting &amp;apos;Chrome&amp;apos; driver</message>
  <nestedLevel>1</nestedLevel>
</record>
<record>
  <date>2018-01-23T12:13:33</date>
  <millis>1516689813986</millis>
  <sequence>10</sequence>
  <level>INFO</level>
  <class>com.kms.katalon.core.logging.KeywordLogger</class>
  <method>logMessage</method>
  <thread>1</thread>
  <message>Action delay is set to 0 seconds</message>
  <nestedLevel>1</nestedLevel>
</record>
<record>
  <date>2018-01-23T12:13:38</date>
  <millis>1516689818358</millis>
  <sequence>11</sequence>
  <level>RUN_DATA</level>
  <class>com.kms.katalon.core.logging.KeywordLogger</class>
  <method>logMessage</method>
  <thread>1</thread>
  <message>Logging run data &amp;apos;sessionId&amp;apos; with value &amp;apos;1699b4c118a7d3430759d870de0d25e4&amp;apos;</message>
  <nestedLevel>1</nestedLevel>
  <property name="sessionId">1699b4c118a7d3430759d870de0d25e4</property>
</record>
<record>
  <date>2018-01-23T12:13:38</date>
  <millis>1516689818391</millis>
  <sequence>12</sequence>
  <level>RUN_DATA</level>
  <class>com.kms.katalon.core.logging.KeywordLogger</class>
  <method>logMessage</method>
  <thread>1</thread>
  <message>Logging run data &amp;apos;browser&amp;apos; with value &amp;apos;Chrome 63.0.3239.132&amp;apos;</message>
  <nestedLevel>1</nestedLevel>
  <property name="browser">Chrome 63.0.3239.132</property>
</record>
<record>
  <date>2018-01-23T12:13:38</date>
  <millis>1516689818393</millis>
  <sequence>13</sequence>
  <level>RUN_DATA</level>
  <class>com.kms.katalon.core.logging.KeywordLogger</class>
  <method>logMessage</method>
  <thread>1</thread>
  <message>Logging run data &amp;apos;platform&amp;apos; with value &amp;apos;Windows 7&amp;apos;</message>
  <nestedLevel>1</nestedLevel>
  <property name="platform">Windows 7</property>
</record>
<record>
  <date>2018-01-23T12:13:38</date>
  <millis>1516689818399</millis>
  <sequence>14</sequence>
  <level>RUN_DATA</level>
  <class>com.kms.katalon.core.logging.KeywordLogger</class>
  <method>logMessage</method>
  <thread>1</thread>
  <message>Logging run data &amp;apos;seleniumVersion&amp;apos; with value &amp;apos;2.53.0&amp;apos;</message>
  <nestedLevel>1</nestedLevel>
  <property name="seleniumVersion">2.53.0</property>
</record>
<record>
  <date>2018-01-23T12:13:38</date>
  <millis>1516689818404</millis>
  <sequence>15</sequence>
  <level>RUN_DATA</level>
  <class>com.kms.katalon.core.logging.KeywordLogger</class>
  <method>logMessage</method>
  <thread>1</thread>
  <message>Logging run data &amp;apos;proxyInformation&amp;apos; with value &amp;apos;ProxyInformation{proxyOption=NO_PROXY, proxyServerType=HTTP, password=, proxyServerAddress=, proxyServerPort=0}&amp;apos;</message>
  <nestedLevel>1</nestedLevel>
  <property name="proxyInformation">ProxyInformation{proxyOption=NO_PROXY, proxyServerType=HTTP, password=, proxyServerAddress=, proxyServerPort=0}</property>
</record>
<record>
  <date>2018-01-23T12:13:38</date>
  <millis>1516689818406</millis>
  <sequence>16</sequence>
  <level>INFO</level>
  <class>com.kms.katalon.core.logging.KeywordLogger</class>
  <method>logMessage</method>
  <thread>1</thread>
  <message>Navigating browser to: &amp;apos;http://13.90.102.191:8066&amp;apos;</message>
  <nestedLevel>1</nestedLevel>
</record>
<record>
  <date>2018-01-23T12:13:42</date>
  <millis>1516689822607</millis>
  <sequence>17</sequence>
  <level>PASSED</level>
  <class>com.kms.katalon.core.logging.KeywordLogger</class>
  <method>logMessage</method>
  <thread>1</thread>
  <message>Browser is opened with url: &amp;apos;http://13.90.102.191:8066&amp;apos;</message>
  <nestedLevel>1</nestedLevel>
</record>
<record>
  <date>2018-01-23T12:13:42</date>
  <millis>1516689822608</millis>
  <sequence>18</sequence>
  <level>END</level>
  <class>com.kms.katalon.core.logging.KeywordLogger</class>
  <method>endKeyword</method>
  <thread>1</thread>
  <message>End action : openBrowser</message>
  <nestedLevel>1</nestedLevel>
</record>
<record>
  <date>2018-01-23T12:13:42</date>
  <millis>1516689822608</millis>
  <sequence>19</sequence>
  <level>START</level>
  <class>com.kms.katalon.core.logging.KeywordLogger</class>
  <method>startKeyword</method>
  <thread>1</thread>
  <message>Start action : maximizeWindow</message>
  <nestedLevel>1</nestedLevel>
  <property name="startLine">12</property>
  <property name="stepIndex">2</property>
</record>
<record>
  <date>2018-01-23T12:13:42</date>
  <millis>1516689822621</millis>
  <sequence>20</sequence>
  <level>INFO</level>
  <class>com.kms.katalon.core.logging.KeywordLogger</class>
  <method>logMessage</method>
  <thread>1</thread>
  <message>Maximizing current window</message>
  <nestedLevel>1</nestedLevel>
</record>
<record>
  <date>2018-01-23T12:13:44</date>
  <millis>1516689824088</millis>
  <sequence>21</sequence>
  <level>PASSED</level>
  <class>com.kms.katalon.core.logging.KeywordLogger</class>
  <method>logMessage</method>
  <thread>1</thread>
  <message>Current window maximized</message>
  <nestedLevel>1</nestedLevel>
</record>
<record>
  <date>2018-01-23T12:13:44</date>
  <millis>1516689824089</millis>
  <sequence>22</sequence>
  <level>END</level>
  <class>com.kms.katalon.core.logging.KeywordLogger</class>
  <method>endKeyword</method>
  <thread>1</thread>
  <message>End action : maximizeWindow</message>
  <nestedLevel>1</nestedLevel>
</record>
<record>
  <date>2018-01-23T12:13:44</date>
  <millis>1516689824090</millis>
  <sequence>23</sequence>
  <level>START</level>
  <class>com.kms.katalon.core.logging.KeywordLogger</class>
  <method>startKeyword</method>
  <thread>1</thread>
  <message>Start action : setText</message>
  <nestedLevel>1</nestedLevel>
  <property name="startLine">14</property>
  <property name="stepIndex">3</property>
</record>
<record>
  <date>2018-01-23T12:13:44</date>
  <millis>1516689824097</millis>
  <sequence>24</sequence>
  <level>INFO</level>
  <class>com.kms.katalon.core.logging.KeywordLogger</class>
  <method>logMessage</method>
  <thread>1</thread>
  <message>Finding Test Object with id &amp;apos;Object Repository/Quote_OR/txtfield_USERNAME&amp;apos;</message>
  <nestedLevel>1</nestedLevel>
</record>
<record>
  <date>2018-01-23T12:13:44</date>
  <millis>1516689824161</millis>
  <sequence>25</sequence>
  <level>INFO</level>
  <class>com.kms.katalon.core.logging.KeywordLogger</class>
  <method>logMessage</method>
  <thread>1</thread>
  <message>Checking object</message>
  <nestedLevel>1</nestedLevel>
</record>
<record>
  <date>2018-01-23T12:13:44</date>
  <millis>1516689824162</millis>
  <sequence>26</sequence>
  <level>INFO</level>
  <class>com.kms.katalon.core.logging.KeywordLogger</class>
  <method>logMessage</method>
  <thread>1</thread>
  <message>Checking text</message>
  <nestedLevel>1</nestedLevel>
</record>
<record>
  <date>2018-01-23T12:13:44</date>
  <millis>1516689824162</millis>
  <sequence>27</sequence>
  <level>INFO</level>
  <class>com.kms.katalon.core.logging.KeywordLogger</class>
  <method>logMessage</method>
  <thread>1</thread>
  <message>Checking timeout</message>
  <nestedLevel>1</nestedLevel>
</record>
<record>
  <date>2018-01-23T12:13:44</date>
  <millis>1516689824202</millis>
  <sequence>28</sequence>
  <level>INFO</level>
  <class>com.kms.katalon.core.logging.KeywordLogger</class>
  <method>logMessage</method>
  <thread>1</thread>
  <message>Finding web element with id: &amp;apos;Object Repository/Quote_OR/txtfield_USERNAME&amp;apos; located by &amp;apos;By.xpath: //*[@id=\&amp;quot;txtUserName\&amp;quot;]&amp;apos; in &amp;apos;30&amp;apos; second(s)</message>
  <nestedLevel>1</nestedLevel>
</record>
<record>
  <date>2018-01-23T12:13:44</date>
  <millis>1516689824254</millis>
  <sequence>29</sequence>
  <level>INFO</level>
  <class>com.kms.katalon.core.logging.KeywordLogger</class>
  <method>logMessage</method>
  <thread>1</thread>
  <message>Found 1 web elements with id: &amp;apos;Object Repository/Quote_OR/txtfield_USERNAME&amp;apos; located by &amp;apos;By.xpath: //*[@id=\&amp;quot;txtUserName\&amp;quot;]&amp;apos; in &amp;apos;30&amp;apos; second(s)</message>
  <nestedLevel>1</nestedLevel>
</record>
<record>
  <date>2018-01-23T12:13:44</date>
  <millis>1516689824255</millis>
  <sequence>30</sequence>
  <level>INFO</level>
  <class>com.kms.katalon.core.logging.KeywordLogger</class>
  <method>logMessage</method>
  <thread>1</thread>
  <message>Clearing text of object &amp;apos;Object Repository/Quote_OR/txtfield_USERNAME&amp;apos;</message>
  <nestedLevel>1</nestedLevel>
</record>
<record>
  <date>2018-01-23T12:13:44</date>
  <millis>1516689824293</millis>
  <sequence>31</sequence>
  <level>INFO</level>
  <class>com.kms.katalon.core.logging.KeywordLogger</class>
  <method>logMessage</method>
  <thread>1</thread>
  <message>Checking timeout</message>
  <nestedLevel>1</nestedLevel>
</record>
<record>
  <date>2018-01-23T12:13:44</date>
  <millis>1516689824294</millis>
  <sequence>32</sequence>
  <level>INFO</level>
  <class>com.kms.katalon.core.logging.KeywordLogger</class>
  <method>logMessage</method>
  <thread>1</thread>
  <message>Finding web element with id: &amp;apos;Object Repository/Quote_OR/txtfield_USERNAME&amp;apos; located by &amp;apos;By.xpath: //*[@id=\&amp;quot;txtUserName\&amp;quot;]&amp;apos; in &amp;apos;30&amp;apos; second(s)</message>
  <nestedLevel>1</nestedLevel>
</record>
<record>
  <date>2018-01-23T12:13:44</date>
  <millis>1516689824319</millis>
  <sequence>33</sequence>
  <level>INFO</level>
  <class>com.kms.katalon.core.logging.KeywordLogger</class>
  <method>logMessage</method>
  <thread>1</thread>
  <message>Found 1 web elements with id: &amp;apos;Object Repository/Quote_OR/txtfield_USERNAME&amp;apos; located by &amp;apos;By.xpath: //*[@id=\&amp;quot;txtUserName\&amp;quot;]&amp;apos; in &amp;apos;30&amp;apos; second(s)</message>
  <nestedLevel>1</nestedLevel>
</record>
<record>
  <date>2018-01-23T12:13:44</date>
  <millis>1516689824323</millis>
  <sequence>34</sequence>
  <level>INFO</level>
  <class>com.kms.katalon.core.logging.KeywordLogger</class>
  <method>logMessage</method>
  <thread>1</thread>
  <message>Setting text of object &amp;apos;Object Repository/Quote_OR/txtfield_USERNAME&amp;apos; to value &amp;apos;ih.chelms&amp;apos;</message>
  <nestedLevel>1</nestedLevel>
</record>
<record>
  <date>2018-01-23T12:13:44</date>
  <millis>1516689824437</millis>
  <sequence>35</sequence>
  <level>PASSED</level>
  <class>com.kms.katalon.core.logging.KeywordLogger</class>
  <method>logMessage</method>
  <thread>1</thread>
  <message>Text &amp;apos;ih.chelms&amp;apos; is set on object &amp;apos;Object Repository/Quote_OR/txtfield_USERNAME&amp;apos;</message>
  <nestedLevel>1</nestedLevel>
</record>
<record>
  <date>2018-01-23T12:13:44</date>
  <millis>1516689824438</millis>
  <sequence>36</sequence>
  <level>END</level>
  <class>com.kms.katalon.core.logging.KeywordLogger</class>
  <method>endKeyword</method>
  <thread>1</thread>
  <message>End action : setText</message>
  <nestedLevel>1</nestedLevel>
</record>
<record>
  <date>2018-01-23T12:13:44</date>
  <millis>1516689824438</millis>
  <sequence>37</sequence>
  <level>START</level>
  <class>com.kms.katalon.core.logging.KeywordLogger</class>
  <method>startKeyword</method>
  <thread>1</thread>
  <message>Start action : setText</message>
  <nestedLevel>1</nestedLevel>
  <property name="startLine">16</property>
  <property name="stepIndex">4</property>
</record>
<record>
  <date>2018-01-23T12:13:44</date>
  <millis>1516689824439</millis>
  <sequence>38</sequence>
  <level>INFO</level>
  <class>com.kms.katalon.core.logging.KeywordLogger</class>
  <method>logMessage</method>
  <thread>1</thread>
  <message>Finding Test Object with id &amp;apos;Object Repository/Quote_OR/txtfield_PASSWORD&amp;apos;</message>
  <nestedLevel>1</nestedLevel>
</record>
<record>
  <date>2018-01-23T12:13:44</date>
  <millis>1516689824494</millis>
  <sequence>39</sequence>
  <level>INFO</level>
  <class>com.kms.katalon.core.logging.KeywordLogger</class>
  <method>logMessage</method>
  <thread>1</thread>
  <message>Checking object</message>
  <nestedLevel>1</nestedLevel>
</record>
<record>
  <date>2018-01-23T12:13:44</date>
  <millis>1516689824495</millis>
  <sequence>40</sequence>
  <level>INFO</level>
  <class>com.kms.katalon.core.logging.KeywordLogger</class>
  <method>logMessage</method>
  <thread>1</thread>
  <message>Checking text</message>
  <nestedLevel>1</nestedLevel>
</record>
<record>
  <date>2018-01-23T12:13:44</date>
  <millis>1516689824496</millis>
  <sequence>41</sequence>
  <level>INFO</level>
  <class>com.kms.katalon.core.logging.KeywordLogger</class>
  <method>logMessage</method>
  <thread>1</thread>
  <message>Checking timeout</message>
  <nestedLevel>1</nestedLevel>
</record>
<record>
  <date>2018-01-23T12:13:44</date>
  <millis>1516689824498</millis>
  <sequence>42</sequence>
  <level>INFO</level>
  <class>com.kms.katalon.core.logging.KeywordLogger</class>
  <method>logMessage</method>
  <thread>1</thread>
  <message>Finding web element with id: &amp;apos;Object Repository/Quote_OR/txtfield_PASSWORD&amp;apos; located by &amp;apos;By.xpath: //input[count(. | //*[@id = &amp;apos;txtPassword&amp;apos;]) = count(//*[@id = &amp;apos;txtPassword&amp;apos;])][count(. | //*[@type = &amp;apos;password&amp;apos;]) = count(//*[@type = &amp;apos;password&amp;apos;])][count(. | //*[@placeholder = &amp;apos;Password&amp;apos;]) = count(//*[@placeholder = &amp;apos;Password&amp;apos;])][count(. | //*[@name = &amp;apos;password&amp;apos;]) = count(//*[@name = &amp;apos;password&amp;apos;])][count(. | //*[@class = &amp;apos;form-control&amp;apos;]) = count(//*[@class = &amp;apos;form-control&amp;apos;])][count(. | //*[@maxlength = &amp;apos;25&amp;apos;]) = count(//*[@maxlength = &amp;apos;25&amp;apos;])][count(. | //*[@autocomplete = &amp;apos;new-password&amp;apos;]) = count(//*[@autocomplete = &amp;apos;new-password&amp;apos;])][count(. | id(\&amp;quot;txtPassword\&amp;quot;)) = count(id(\&amp;quot;txtPassword\&amp;quot;))]&amp;apos; in &amp;apos;30&amp;apos; second(s)</message>
  <nestedLevel>1</nestedLevel>
</record>
<record>
  <date>2018-01-23T12:13:44</date>
  <millis>1516689824530</millis>
  <sequence>43</sequence>
  <level>INFO</level>
  <class>com.kms.katalon.core.logging.KeywordLogger</class>
  <method>logMessage</method>
  <thread>1</thread>
  <message>Found 1 web elements with id: &amp;apos;Object Repository/Quote_OR/txtfield_PASSWORD&amp;apos; located by &amp;apos;By.xpath: //input[count(. | //*[@id = &amp;apos;txtPassword&amp;apos;]) = count(//*[@id = &amp;apos;txtPassword&amp;apos;])][count(. | //*[@type = &amp;apos;password&amp;apos;]) = count(//*[@type = &amp;apos;password&amp;apos;])][count(. | //*[@placeholder = &amp;apos;Password&amp;apos;]) = count(//*[@placeholder = &amp;apos;Password&amp;apos;])][count(. | //*[@name = &amp;apos;password&amp;apos;]) = count(//*[@name = &amp;apos;password&amp;apos;])][count(. | //*[@class = &amp;apos;form-control&amp;apos;]) = count(//*[@class = &amp;apos;form-control&amp;apos;])][count(. | //*[@maxlength = &amp;apos;25&amp;apos;]) = count(//*[@maxlength = &amp;apos;25&amp;apos;])][count(. | //*[@autocomplete = &amp;apos;new-password&amp;apos;]) = count(//*[@autocomplete = &amp;apos;new-password&amp;apos;])][count(. | id(\&amp;quot;txtPassword\&amp;quot;)) = count(id(\&amp;quot;txtPassword\&amp;quot;))]&amp;apos; in &amp;apos;30&amp;apos; second(s)</message>
  <nestedLevel>1</nestedLevel>
</record>
<record>
  <date>2018-01-23T12:13:44</date>
  <millis>1516689824531</millis>
  <sequence>44</sequence>
  <level>INFO</level>
  <class>com.kms.katalon.core.logging.KeywordLogger</class>
  <method>logMessage</method>
  <thread>1</thread>
  <message>Clearing text of object &amp;apos;Object Repository/Quote_OR/txtfield_PASSWORD&amp;apos;</message>
  <nestedLevel>1</nestedLevel>
</record>
<record>
  <date>2018-01-23T12:13:44</date>
  <millis>1516689824739</millis>
  <sequence>45</sequence>
  <level>INFO</level>
  <class>com.kms.katalon.core.logging.KeywordLogger</class>
  <method>logMessage</method>
  <thread>1</thread>
  <message>Checking timeout</message>
  <nestedLevel>1</nestedLevel>
</record>
<record>
  <date>2018-01-23T12:13:44</date>
  <millis>1516689824749</millis>
  <sequence>46</sequence>
  <level>INFO</level>
  <class>com.kms.katalon.core.logging.KeywordLogger</class>
  <method>logMessage</method>
  <thread>1</thread>
  <message>Finding web element with id: &amp;apos;Object Repository/Quote_OR/txtfield_PASSWORD&amp;apos; located by &amp;apos;By.xpath: //input[count(. | //*[@id = &amp;apos;txtPassword&amp;apos;]) = count(//*[@id = &amp;apos;txtPassword&amp;apos;])][count(. | //*[@type = &amp;apos;password&amp;apos;]) = count(//*[@type = &amp;apos;password&amp;apos;])][count(. | //*[@placeholder = &amp;apos;Password&amp;apos;]) = count(//*[@placeholder = &amp;apos;Password&amp;apos;])][count(. | //*[@name = &amp;apos;password&amp;apos;]) = count(//*[@name = &amp;apos;password&amp;apos;])][count(. | //*[@class = &amp;apos;form-control&amp;apos;]) = count(//*[@class = &amp;apos;form-control&amp;apos;])][count(. | //*[@maxlength = &amp;apos;25&amp;apos;]) = count(//*[@maxlength = &amp;apos;25&amp;apos;])][count(. | //*[@autocomplete = &amp;apos;new-password&amp;apos;]) = count(//*[@autocomplete = &amp;apos;new-password&amp;apos;])][count(. | id(\&amp;quot;txtPassword\&amp;quot;)) = count(id(\&amp;quot;txtPassword\&amp;quot;))]&amp;apos; in &amp;apos;30&amp;apos; second(s)</message>
  <nestedLevel>1</nestedLevel>
</record>
<record>
  <date>2018-01-23T12:13:44</date>
  <millis>1516689824827</millis>
  <sequence>47</sequence>
  <level>INFO</level>
  <class>com.kms.katalon.core.logging.KeywordLogger</class>
  <method>logMessage</method>
  <thread>1</thread>
  <message>Found 1 web elements with id: &amp;apos;Object Repository/Quote_OR/txtfield_PASSWORD&amp;apos; located by &amp;apos;By.xpath: //input[count(. | //*[@id = &amp;apos;txtPassword&amp;apos;]) = count(//*[@id = &amp;apos;txtPassword&amp;apos;])][count(. | //*[@type = &amp;apos;password&amp;apos;]) = count(//*[@type = &amp;apos;password&amp;apos;])][count(. | //*[@placeholder = &amp;apos;Password&amp;apos;]) = count(//*[@placeholder = &amp;apos;Password&amp;apos;])][count(. | //*[@name = &amp;apos;password&amp;apos;]) = count(//*[@name = &amp;apos;password&amp;apos;])][count(. | //*[@class = &amp;apos;form-control&amp;apos;]) = count(//*[@class = &amp;apos;form-control&amp;apos;])][count(. | //*[@maxlength = &amp;apos;25&amp;apos;]) = count(//*[@maxlength = &amp;apos;25&amp;apos;])][count(. | //*[@autocomplete = &amp;apos;new-password&amp;apos;]) = count(//*[@autocomplete = &amp;apos;new-password&amp;apos;])][count(. | id(\&amp;quot;txtPassword\&amp;quot;)) = count(id(\&amp;quot;txtPassword\&amp;quot;))]&amp;apos; in &amp;apos;30&amp;apos; second(s)</message>
  <nestedLevel>1</nestedLevel>
</record>
<record>
  <date>2018-01-23T12:13:44</date>
  <millis>1516689824830</millis>
  <sequence>48</sequence>
  <level>INFO</level>
  <class>com.kms.katalon.core.logging.KeywordLogger</class>
  <method>logMessage</method>
  <thread>1</thread>
  <message>Setting text of object &amp;apos;Object Repository/Quote_OR/txtfield_PASSWORD&amp;apos; to value &amp;apos;10#Hammer&amp;apos;</message>
  <nestedLevel>1</nestedLevel>
</record>
<record>
  <date>2018-01-23T12:13:44</date>
  <millis>1516689824941</millis>
  <sequence>49</sequence>
  <level>PASSED</level>
  <class>com.kms.katalon.core.logging.KeywordLogger</class>
  <method>logMessage</method>
  <thread>1</thread>
  <message>Text &amp;apos;10#Hammer&amp;apos; is set on object &amp;apos;Object Repository/Quote_OR/txtfield_PASSWORD&amp;apos;</message>
  <nestedLevel>1</nestedLevel>
</record>
<record>
  <date>2018-01-23T12:13:44</date>
  <millis>1516689824942</millis>
  <sequence>50</sequence>
  <level>END</level>
  <class>com.kms.katalon.core.logging.KeywordLogger</class>
  <method>endKeyword</method>
  <thread>1</thread>
  <message>End action : setText</message>
  <nestedLevel>1</nestedLevel>
</record>
<record>
  <date>2018-01-23T12:13:44</date>
  <millis>1516689824942</millis>
  <sequence>51</sequence>
  <level>START</level>
  <class>com.kms.katalon.core.logging.KeywordLogger</class>
  <method>startKeyword</method>
  <thread>1</thread>
  <message>Start action : click</message>
  <nestedLevel>1</nestedLevel>
  <property name="startLine">18</property>
  <property name="stepIndex">5</property>
</record>
<record>
  <date>2018-01-23T12:13:44</date>
  <millis>1516689824943</millis>
  <sequence>52</sequence>
  <level>INFO</level>
  <class>com.kms.katalon.core.logging.KeywordLogger</class>
  <method>logMessage</method>
  <thread>1</thread>
  <message>Finding Test Object with id &amp;apos;Object Repository/Quote_OR/btn-LOGIN&amp;apos;</message>
  <nestedLevel>1</nestedLevel>
</record>
<record>
  <date>2018-01-23T12:13:44</date>
  <millis>1516689824994</millis>
  <sequence>53</sequence>
  <level>INFO</level>
  <class>com.kms.katalon.core.logging.KeywordLogger</class>
  <method>logMessage</method>
  <thread>1</thread>
  <message>Checking object</message>
  <nestedLevel>1</nestedLevel>
</record>
<record>
  <date>2018-01-23T12:13:44</date>
  <millis>1516689824997</millis>
  <sequence>54</sequence>
  <level>INFO</level>
  <class>com.kms.katalon.core.logging.KeywordLogger</class>
  <method>logMessage</method>
  <thread>1</thread>
  <message>Checking timeout</message>
  <nestedLevel>1</nestedLevel>
</record>
<record>
  <date>2018-01-23T12:13:44</date>
  <millis>1516689824998</millis>
  <sequence>55</sequence>
  <level>INFO</level>
  <class>com.kms.katalon.core.logging.KeywordLogger</class>
  <method>logMessage</method>
  <thread>1</thread>
  <message>Finding web element with id: &amp;apos;Object Repository/Quote_OR/btn-LOGIN&amp;apos; located by &amp;apos;By.xpath: //*[@id=\&amp;quot;btnSubmit\&amp;quot;]&amp;apos; in &amp;apos;30&amp;apos; second(s)</message>
  <nestedLevel>1</nestedLevel>
</record>
<record>
  <date>2018-01-23T12:13:45</date>
  <millis>1516689825407</millis>
  <sequence>56</sequence>
  <level>INFO</level>
  <class>com.kms.katalon.core.logging.KeywordLogger</class>
  <method>logMessage</method>
  <thread>1</thread>
  <message>Found 1 web elements with id: &amp;apos;Object Repository/Quote_OR/btn-LOGIN&amp;apos; located by &amp;apos;By.xpath: //*[@id=\&amp;quot;btnSubmit\&amp;quot;]&amp;apos; in &amp;apos;30&amp;apos; second(s)</message>
  <nestedLevel>1</nestedLevel>
</record>
<record>
  <date>2018-01-23T12:13:45</date>
  <millis>1516689825408</millis>
  <sequence>57</sequence>
  <level>INFO</level>
  <class>com.kms.katalon.core.logging.KeywordLogger</class>
  <method>logMessage</method>
  <thread>1</thread>
  <message>Clicking on object: &amp;apos;Object Repository/Quote_OR/btn-LOGIN&amp;apos;</message>
  <nestedLevel>1</nestedLevel>
</record>
<record>
  <date>2018-01-23T12:13:51</date>
  <millis>1516689831442</millis>
  <sequence>58</sequence>
  <level>PASSED</level>
  <class>com.kms.katalon.core.logging.KeywordLogger</class>
  <method>logMessage</method>
  <thread>1</thread>
  <message>Object: &amp;apos;Object Repository/Quote_OR/btn-LOGIN&amp;apos; is clicked on</message>
  <nestedLevel>1</nestedLevel>
</record>
<record>
  <date>2018-01-23T12:13:51</date>
  <millis>1516689831443</millis>
  <sequence>59</sequence>
  <level>END</level>
  <class>com.kms.katalon.core.logging.KeywordLogger</class>
  <method>endKeyword</method>
  <thread>1</thread>
  <message>End action : click</message>
  <nestedLevel>1</nestedLevel>
</record>
<record>
  <date>2018-01-23T12:13:51</date>
  <millis>1516689831443</millis>
  <sequence>60</sequence>
  <level>START</level>
  <class>com.kms.katalon.core.logging.KeywordLogger</class>
  <method>startKeyword</method>
  <thread>1</thread>
  <message>Start action : setText</message>
  <nestedLevel>1</nestedLevel>
  <property name="startLine">20</property>
  <property name="stepIndex">6</property>
</record>
<record>
  <date>2018-01-23T12:13:51</date>
  <millis>1516689831444</millis>
  <sequence>61</sequence>
  <level>INFO</level>
  <class>com.kms.katalon.core.logging.KeywordLogger</class>
  <method>logMessage</method>
  <thread>1</thread>
  <message>Finding Test Object with id &amp;apos;Object Repository/Quote_OR/txtfield_ADDRESS_ON_LANDING_PAGE&amp;apos;</message>
  <nestedLevel>1</nestedLevel>
</record>
<record>
  <date>2018-01-23T12:13:51</date>
  <millis>1516689831475</millis>
  <sequence>62</sequence>
  <level>INFO</level>
  <class>com.kms.katalon.core.logging.KeywordLogger</class>
  <method>logMessage</method>
  <thread>1</thread>
  <message>Checking object</message>
  <nestedLevel>1</nestedLevel>
</record>
<record>
  <date>2018-01-23T12:13:51</date>
  <millis>1516689831475</millis>
  <sequence>63</sequence>
  <level>INFO</level>
  <class>com.kms.katalon.core.logging.KeywordLogger</class>
  <method>logMessage</method>
  <thread>1</thread>
  <message>Checking text</message>
  <nestedLevel>1</nestedLevel>
</record>
<record>
  <date>2018-01-23T12:13:51</date>
  <millis>1516689831477</millis>
  <sequence>64</sequence>
  <level>INFO</level>
  <class>com.kms.katalon.core.logging.KeywordLogger</class>
  <method>logMessage</method>
  <thread>1</thread>
  <message>Checking timeout</message>
  <nestedLevel>1</nestedLevel>
</record>
<record>
  <date>2018-01-23T12:13:51</date>
  <millis>1516689831480</millis>
  <sequence>65</sequence>
  <level>INFO</level>
  <class>com.kms.katalon.core.logging.KeywordLogger</class>
  <method>logMessage</method>
  <thread>1</thread>
  <message>Finding web element with id: &amp;apos;Object Repository/Quote_OR/txtfield_ADDRESS_ON_LANDING_PAGE&amp;apos; located by &amp;apos;By.xpath: //input[count(. | //*[@class = &amp;apos;form-control searchBar&amp;apos;]) = count(//*[@class = &amp;apos;form-control searchBar&amp;apos;])][count(. | //*[@data-val = &amp;apos;true&amp;apos;]) = count(//*[@data-val = &amp;apos;true&amp;apos;])][count(. | //*[@data-val-required = &amp;apos;The formattedAddress field is required.&amp;apos;]) = count(//*[@data-val-required = &amp;apos;The formattedAddress field is required.&amp;apos;])][count(. | //*[@id = &amp;apos;txtAddressAutoComplete&amp;apos;]) = count(//*[@id = &amp;apos;txtAddressAutoComplete&amp;apos;])][count(. | //*[@maxlength = &amp;apos;100&amp;apos;]) = count(//*[@maxlength = &amp;apos;100&amp;apos;])][count(. | //*[@name = &amp;apos;formattedAddress&amp;apos;]) = count(//*[@name = &amp;apos;formattedAddress&amp;apos;])][count(. | //*[@placeholder = &amp;apos;Search address:&amp;apos;]) = count(//*[@placeholder = &amp;apos;Search address:&amp;apos;])][count(. | //*[@type = &amp;apos;text&amp;apos;]) = count(//*[@type = &amp;apos;text&amp;apos;])][count(. | //*[@autocomplete = &amp;apos;off&amp;apos;]) = count(//*[@autocomplete = &amp;apos;off&amp;apos;])][count(. | id(\&amp;quot;txtAddressAutoComplete\&amp;quot;)) = count(id(\&amp;quot;txtAddressAutoComplete\&amp;quot;))]&amp;apos; in &amp;apos;30&amp;apos; second(s)</message>
  <nestedLevel>1</nestedLevel>
</record>
<record>
  <date>2018-01-23T12:13:51</date>
  <millis>1516689831515</millis>
  <sequence>66</sequence>
  <level>INFO</level>
  <class>com.kms.katalon.core.logging.KeywordLogger</class>
  <method>logMessage</method>
  <thread>1</thread>
  <message>Found 1 web elements with id: &amp;apos;Object Repository/Quote_OR/txtfield_ADDRESS_ON_LANDING_PAGE&amp;apos; located by &amp;apos;By.xpath: //input[count(. | //*[@class = &amp;apos;form-control searchBar&amp;apos;]) = count(//*[@class = &amp;apos;form-control searchBar&amp;apos;])][count(. | //*[@data-val = &amp;apos;true&amp;apos;]) = count(//*[@data-val = &amp;apos;true&amp;apos;])][count(. | //*[@data-val-required = &amp;apos;The formattedAddress field is required.&amp;apos;]) = count(//*[@data-val-required = &amp;apos;The formattedAddress field is required.&amp;apos;])][count(. | //*[@id = &amp;apos;txtAddressAutoComplete&amp;apos;]) = count(//*[@id = &amp;apos;txtAddressAutoComplete&amp;apos;])][count(. | //*[@maxlength = &amp;apos;100&amp;apos;]) = count(//*[@maxlength = &amp;apos;100&amp;apos;])][count(. | //*[@name = &amp;apos;formattedAddress&amp;apos;]) = count(//*[@name = &amp;apos;formattedAddress&amp;apos;])][count(. | //*[@placeholder = &amp;apos;Search address:&amp;apos;]) = count(//*[@placeholder = &amp;apos;Search address:&amp;apos;])][count(. | //*[@type = &amp;apos;text&amp;apos;]) = count(//*[@type = &amp;apos;text&amp;apos;])][count(. | //*[@autocomplete = &amp;apos;off&amp;apos;]) = count(//*[@autocomplete = &amp;apos;off&amp;apos;])][count(. | id(\&amp;quot;txtAddressAutoComplete\&amp;quot;)) = count(id(\&amp;quot;txtAddressAutoComplete\&amp;quot;))]&amp;apos; in &amp;apos;30&amp;apos; second(s)</message>
  <nestedLevel>1</nestedLevel>
</record>
<record>
  <date>2018-01-23T12:13:51</date>
  <millis>1516689831516</millis>
  <sequence>67</sequence>
  <level>INFO</level>
  <class>com.kms.katalon.core.logging.KeywordLogger</class>
  <method>logMessage</method>
  <thread>1</thread>
  <message>Clearing text of object &amp;apos;Object Repository/Quote_OR/txtfield_ADDRESS_ON_LANDING_PAGE&amp;apos;</message>
  <nestedLevel>1</nestedLevel>
</record>
<record>
  <date>2018-01-23T12:13:51</date>
  <millis>1516689831554</millis>
  <sequence>68</sequence>
  <level>INFO</level>
  <class>com.kms.katalon.core.logging.KeywordLogger</class>
  <method>logMessage</method>
  <thread>1</thread>
  <message>Checking timeout</message>
  <nestedLevel>1</nestedLevel>
</record>
<record>
  <date>2018-01-23T12:13:51</date>
  <millis>1516689831555</millis>
  <sequence>69</sequence>
  <level>INFO</level>
  <class>com.kms.katalon.core.logging.KeywordLogger</class>
  <method>logMessage</method>
  <thread>1</thread>
  <message>Finding web element with id: &amp;apos;Object Repository/Quote_OR/txtfield_ADDRESS_ON_LANDING_PAGE&amp;apos; located by &amp;apos;By.xpath: //input[count(. | //*[@class = &amp;apos;form-control searchBar&amp;apos;]) = count(//*[@class = &amp;apos;form-control searchBar&amp;apos;])][count(. | //*[@data-val = &amp;apos;true&amp;apos;]) = count(//*[@data-val = &amp;apos;true&amp;apos;])][count(. | //*[@data-val-required = &amp;apos;The formattedAddress field is required.&amp;apos;]) = count(//*[@data-val-required = &amp;apos;The formattedAddress field is required.&amp;apos;])][count(. | //*[@id = &amp;apos;txtAddressAutoComplete&amp;apos;]) = count(//*[@id = &amp;apos;txtAddressAutoComplete&amp;apos;])][count(. | //*[@maxlength = &amp;apos;100&amp;apos;]) = count(//*[@maxlength = &amp;apos;100&amp;apos;])][count(. | //*[@name = &amp;apos;formattedAddress&amp;apos;]) = count(//*[@name = &amp;apos;formattedAddress&amp;apos;])][count(. | //*[@placeholder = &amp;apos;Search address:&amp;apos;]) = count(//*[@placeholder = &amp;apos;Search address:&amp;apos;])][count(. | //*[@type = &amp;apos;text&amp;apos;]) = count(//*[@type = &amp;apos;text&amp;apos;])][count(. | //*[@autocomplete = &amp;apos;off&amp;apos;]) = count(//*[@autocomplete = &amp;apos;off&amp;apos;])][count(. | id(\&amp;quot;txtAddressAutoComplete\&amp;quot;)) = count(id(\&amp;quot;txtAddressAutoComplete\&amp;quot;))]&amp;apos; in &amp;apos;30&amp;apos; second(s)</message>
  <nestedLevel>1</nestedLevel>
</record>
<record>
  <date>2018-01-23T12:13:51</date>
  <millis>1516689831581</millis>
  <sequence>70</sequence>
  <level>INFO</level>
  <class>com.kms.katalon.core.logging.KeywordLogger</class>
  <method>logMessage</method>
  <thread>1</thread>
  <message>Found 1 web elements with id: &amp;apos;Object Repository/Quote_OR/txtfield_ADDRESS_ON_LANDING_PAGE&amp;apos; located by &amp;apos;By.xpath: //input[count(. | //*[@class = &amp;apos;form-control searchBar&amp;apos;]) = count(//*[@class = &amp;apos;form-control searchBar&amp;apos;])][count(. | //*[@data-val = &amp;apos;true&amp;apos;]) = count(//*[@data-val = &amp;apos;true&amp;apos;])][count(. | //*[@data-val-required = &amp;apos;The formattedAddress field is required.&amp;apos;]) = count(//*[@data-val-required = &amp;apos;The formattedAddress field is required.&amp;apos;])][count(. | //*[@id = &amp;apos;txtAddressAutoComplete&amp;apos;]) = count(//*[@id = &amp;apos;txtAddressAutoComplete&amp;apos;])][count(. | //*[@maxlength = &amp;apos;100&amp;apos;]) = count(//*[@maxlength = &amp;apos;100&amp;apos;])][count(. | //*[@name = &amp;apos;formattedAddress&amp;apos;]) = count(//*[@name = &amp;apos;formattedAddress&amp;apos;])][count(. | //*[@placeholder = &amp;apos;Search address:&amp;apos;]) = count(//*[@placeholder = &amp;apos;Search address:&amp;apos;])][count(. | //*[@type = &amp;apos;text&amp;apos;]) = count(//*[@type = &amp;apos;text&amp;apos;])][count(. | //*[@autocomplete = &amp;apos;off&amp;apos;]) = count(//*[@autocomplete = &amp;apos;off&amp;apos;])][count(. | id(\&amp;quot;txtAddressAutoComplete\&amp;quot;)) = count(id(\&amp;quot;txtAddressAutoComplete\&amp;quot;))]&amp;apos; in &amp;apos;30&amp;apos; second(s)</message>
  <nestedLevel>1</nestedLevel>
</record>
<record>
  <date>2018-01-23T12:13:51</date>
  <millis>1516689831582</millis>
  <sequence>71</sequence>
  <level>INFO</level>
  <class>com.kms.katalon.core.logging.KeywordLogger</class>
  <method>logMessage</method>
  <thread>1</thread>
  <message>Setting text of object &amp;apos;Object Repository/Quote_OR/txtfield_ADDRESS_ON_LANDING_PAGE&amp;apos; to value &amp;apos;902 Morehead Ave Durham, NC 27707 USA&amp;apos;</message>
  <nestedLevel>1</nestedLevel>
</record>
<record>
  <date>2018-01-23T12:13:51</date>
  <millis>1516689831834</millis>
  <sequence>72</sequence>
  <level>PASSED</level>
  <class>com.kms.katalon.core.logging.KeywordLogger</class>
  <method>logMessage</method>
  <thread>1</thread>
  <message>Text &amp;apos;902 Morehead Ave Durham, NC 27707 USA&amp;apos; is set on object &amp;apos;Object Repository/Quote_OR/txtfield_ADDRESS_ON_LANDING_PAGE&amp;apos;</message>
  <nestedLevel>1</nestedLevel>
</record>
<record>
  <date>2018-01-23T12:13:51</date>
  <millis>1516689831835</millis>
  <sequence>73</sequence>
  <level>END</level>
  <class>com.kms.katalon.core.logging.KeywordLogger</class>
  <method>endKeyword</method>
  <thread>1</thread>
  <message>End action : setText</message>
  <nestedLevel>1</nestedLevel>
</record>
<record>
  <date>2018-01-23T12:13:51</date>
  <millis>1516689831836</millis>
  <sequence>74</sequence>
  <level>START</level>
  <class>com.kms.katalon.core.logging.KeywordLogger</class>
  <method>startKeyword</method>
  <thread>1</thread>
  <message>Start action : click</message>
  <nestedLevel>1</nestedLevel>
  <property name="startLine">22</property>
  <property name="stepIndex">7</property>
</record>
<record>
  <date>2018-01-23T12:13:51</date>
  <millis>1516689831837</millis>
  <sequence>75</sequence>
  <level>INFO</level>
  <class>com.kms.katalon.core.logging.KeywordLogger</class>
  <method>logMessage</method>
  <thread>1</thread>
  <message>Finding Test Object with id &amp;apos;Object Repository/Quote_OR/btn_SEARCH_ADDRESS&amp;apos;</message>
  <nestedLevel>1</nestedLevel>
</record>
<record>
  <date>2018-01-23T12:13:51</date>
  <millis>1516689831858</millis>
  <sequence>76</sequence>
  <level>INFO</level>
  <class>com.kms.katalon.core.logging.KeywordLogger</class>
  <method>logMessage</method>
  <thread>1</thread>
  <message>Checking object</message>
  <nestedLevel>1</nestedLevel>
</record>
<record>
  <date>2018-01-23T12:13:51</date>
  <millis>1516689831859</millis>
  <sequence>77</sequence>
  <level>INFO</level>
  <class>com.kms.katalon.core.logging.KeywordLogger</class>
  <method>logMessage</method>
  <thread>1</thread>
  <message>Checking timeout</message>
  <nestedLevel>1</nestedLevel>
</record>
<record>
  <date>2018-01-23T12:13:51</date>
  <millis>1516689831871</millis>
  <sequence>78</sequence>
  <level>INFO</level>
  <class>com.kms.katalon.core.logging.KeywordLogger</class>
  <method>logMessage</method>
  <thread>1</thread>
  <message>Finding web element with id: &amp;apos;Object Repository/Quote_OR/btn_SEARCH_ADDRESS&amp;apos; located by &amp;apos;By.xpath: //button[count(. | //*[@id = &amp;apos;btnSearchAddress&amp;apos;]) = count(//*[@id = &amp;apos;btnSearchAddress&amp;apos;])][count(. | //*[@class = &amp;apos;btn btn-default&amp;apos;]) = count(//*[@class = &amp;apos;btn btn-default&amp;apos;])][count(. | //*[@type = &amp;apos;button&amp;apos;]) = count(//*[@type = &amp;apos;button&amp;apos;])][count(. | id(\&amp;quot;btnSearchAddress\&amp;quot;)) = count(id(\&amp;quot;btnSearchAddress\&amp;quot;))]&amp;apos; in &amp;apos;30&amp;apos; second(s)</message>
  <nestedLevel>1</nestedLevel>
</record>
<record>
  <date>2018-01-23T12:13:51</date>
  <millis>1516689831900</millis>
  <sequence>79</sequence>
  <level>INFO</level>
  <class>com.kms.katalon.core.logging.KeywordLogger</class>
  <method>logMessage</method>
  <thread>1</thread>
  <message>Found 1 web elements with id: &amp;apos;Object Repository/Quote_OR/btn_SEARCH_ADDRESS&amp;apos; located by &amp;apos;By.xpath: //button[count(. | //*[@id = &amp;apos;btnSearchAddress&amp;apos;]) = count(//*[@id = &amp;apos;btnSearchAddress&amp;apos;])][count(. | //*[@class = &amp;apos;btn btn-default&amp;apos;]) = count(//*[@class = &amp;apos;btn btn-default&amp;apos;])][count(. | //*[@type = &amp;apos;button&amp;apos;]) = count(//*[@type = &amp;apos;button&amp;apos;])][count(. | id(\&amp;quot;btnSearchAddress\&amp;quot;)) = count(id(\&amp;quot;btnSearchAddress\&amp;quot;))]&amp;apos; in &amp;apos;30&amp;apos; second(s)</message>
  <nestedLevel>1</nestedLevel>
</record>
<record>
  <date>2018-01-23T12:13:51</date>
  <millis>1516689831901</millis>
  <sequence>80</sequence>
  <level>INFO</level>
  <class>com.kms.katalon.core.logging.KeywordLogger</class>
  <method>logMessage</method>
  <thread>1</thread>
  <message>Clicking on object: &amp;apos;Object Repository/Quote_OR/btn_SEARCH_ADDRESS&amp;apos;</message>
  <nestedLevel>1</nestedLevel>
</record>
<record>
  <date>2018-01-23T12:13:57</date>
  <millis>1516689837498</millis>
  <sequence>81</sequence>
  <level>PASSED</level>
  <class>com.kms.katalon.core.logging.KeywordLogger</class>
  <method>logMessage</method>
  <thread>1</thread>
  <message>Object: &amp;apos;Object Repository/Quote_OR/btn_SEARCH_ADDRESS&amp;apos; is clicked on</message>
  <nestedLevel>1</nestedLevel>
</record>
<record>
  <date>2018-01-23T12:13:57</date>
  <millis>1516689837500</millis>
  <sequence>82</sequence>
  <level>END</level>
  <class>com.kms.katalon.core.logging.KeywordLogger</class>
  <method>endKeyword</method>
  <thread>1</thread>
  <message>End action : click</message>
  <nestedLevel>1</nestedLevel>
</record>
<record>
  <date>2018-01-23T12:13:57</date>
  <millis>1516689837500</millis>
  <sequence>83</sequence>
  <level>START</level>
  <class>com.kms.katalon.core.logging.KeywordLogger</class>
  <method>startKeyword</method>
  <thread>1</thread>
  <message>Start action : waitForPageLoad</message>
  <nestedLevel>1</nestedLevel>
  <property name="startLine">24</property>
  <property name="stepIndex">8</property>
</record>
<record>
  <date>2018-01-23T12:13:57</date>
  <millis>1516689837518</millis>
  <sequence>84</sequence>
  <level>INFO</level>
  <class>com.kms.katalon.core.logging.KeywordLogger</class>
  <method>logMessage</method>
  <thread>1</thread>
  <message>Checking timeout</message>
  <nestedLevel>1</nestedLevel>
</record>
<record>
  <date>2018-01-23T12:13:57</date>
  <millis>1516689837562</millis>
  <sequence>85</sequence>
  <level>PASSED</level>
  <class>com.kms.katalon.core.logging.KeywordLogger</class>
  <method>logMessage</method>
  <thread>1</thread>
  <message>Wait for page load successfully</message>
  <nestedLevel>1</nestedLevel>
</record>
<record>
  <date>2018-01-23T12:13:57</date>
  <millis>1516689837563</millis>
  <sequence>86</sequence>
  <level>END</level>
  <class>com.kms.katalon.core.logging.KeywordLogger</class>
  <method>endKeyword</method>
  <thread>1</thread>
  <message>End action : waitForPageLoad</message>
  <nestedLevel>1</nestedLevel>
</record>
<record>
  <date>2018-01-23T12:13:57</date>
  <millis>1516689837563</millis>
  <sequence>87</sequence>
  <level>START</level>
  <class>com.kms.katalon.core.logging.KeywordLogger</class>
  <method>startKeyword</method>
  <thread>1</thread>
  <message>Start action : selectOptionByIndex</message>
  <nestedLevel>1</nestedLevel>
  <property name="startLine">26</property>
  <property name="stepIndex">9</property>
</record>
<record>
  <date>2018-01-23T12:13:57</date>
  <millis>1516689837564</millis>
  <sequence>88</sequence>
  <level>INFO</level>
  <class>com.kms.katalon.core.logging.KeywordLogger</class>
  <method>logMessage</method>
  <thread>1</thread>
  <message>Finding Test Object with id &amp;apos;Object Repository/Quote_OR/drp_PROPERTY_TYPE&amp;apos;</message>
  <nestedLevel>1</nestedLevel>
</record>
<record>
  <date>2018-01-23T12:13:57</date>
  <millis>1516689837607</millis>
  <sequence>89</sequence>
  <level>INFO</level>
  <class>com.kms.katalon.core.logging.KeywordLogger</class>
  <method>logMessage</method>
  <thread>1</thread>
  <message>Checking object</message>
  <nestedLevel>1</nestedLevel>
</record>
<record>
  <date>2018-01-23T12:13:57</date>
  <millis>1516689837607</millis>
  <sequence>90</sequence>
  <level>INFO</level>
  <class>com.kms.katalon.core.logging.KeywordLogger</class>
  <method>logMessage</method>
  <thread>1</thread>
  <message>Checking index range</message>
  <nestedLevel>1</nestedLevel>
</record>
<record>
  <date>2018-01-23T12:13:57</date>
  <millis>1516689837608</millis>
  <sequence>91</sequence>
  <level>INFO</level>
  <class>com.kms.katalon.core.logging.KeywordLogger</class>
  <method>logMessage</method>
  <thread>1</thread>
  <message>Converting range parameter &amp;apos;1&amp;apos; to index array</message>
  <nestedLevel>1</nestedLevel>
</record>
<record>
  <date>2018-01-23T12:13:57</date>
  <millis>1516689837608</millis>
  <sequence>92</sequence>
  <level>INFO</level>
  <class>com.kms.katalon.core.logging.KeywordLogger</class>
  <method>logMessage</method>
  <thread>1</thread>
  <message>Range parameter &amp;apos;1&amp;apos; is converted to index array [1]</message>
  <nestedLevel>1</nestedLevel>
</record>
<record>
  <date>2018-01-23T12:13:57</date>
  <millis>1516689837609</millis>
  <sequence>93</sequence>
  <level>INFO</level>
  <class>com.kms.katalon.core.logging.KeywordLogger</class>
  <method>logMessage</method>
  <thread>1</thread>
  <message>Checking timeout</message>
  <nestedLevel>1</nestedLevel>
</record>
<record>
  <date>2018-01-23T12:13:57</date>
  <millis>1516689837610</millis>
  <sequence>94</sequence>
  <level>INFO</level>
  <class>com.kms.katalon.core.logging.KeywordLogger</class>
  <method>logMessage</method>
  <thread>1</thread>
  <message>Finding web element with id: &amp;apos;Object Repository/Quote_OR/drp_PROPERTY_TYPE&amp;apos; located by &amp;apos;By.xpath: //*[@id=\&amp;quot;ddlPropertyType\&amp;quot;]&amp;apos; in &amp;apos;30&amp;apos; second(s)</message>
  <nestedLevel>1</nestedLevel>
</record>
<record>
  <date>2018-01-23T12:14:29</date>
  <millis>1516689869012</millis>
  <sequence>95</sequence>
  <level>FAILED</level>
  <class>com.kms.katalon.core.logging.KeywordLogger</class>
  <method>logMessage</method>
  <thread>1</thread>
  <message>Unable to select option by index &amp;apos;1&amp;apos; of object &amp;apos;Object Repository/Quote_OR/drp_PROPERTY_TYPE&amp;apos; (Root cause: com.kms.katalon.core.webui.exception.WebElementNotFoundException: Web element with id: &amp;apos;Object Repository/Quote_OR/drp_PROPERTY_TYPE&amp;apos; located by &amp;apos;By.xpath: //*[@id=\&amp;quot;ddlPropertyType\&amp;quot;]&amp;apos; not found)</message>
  <nestedLevel>1</nestedLevel>
  <property name="attachment">1516689868610.png</property>
</record>
<record>
  <date>2018-01-23T12:14:29</date>
  <millis>1516689869013</millis>
  <sequence>96</sequence>
  <level>END</level>
  <class>com.kms.katalon.core.logging.KeywordLogger</class>
  <method>endKeyword</method>
  <thread>1</thread>
  <message>End action : selectOptionByIndex</message>
  <nestedLevel>1</nestedLevel>
</record>
<record>
  <date>2018-01-23T12:14:29</date>
  <millis>1516689869014</millis>
  <sequence>97</sequence>
  <logger>com.kms.katalon.core.logging.KeywordLogger</logger>
  <level>FAILED</level>
  <class>com.kms.katalon.core.logging.KeywordLogger</class>
  <method>logMessage</method>
  <thread>1</thread>
  <message>Test Cases/QUOTE_CREATION FAILED because (of) Unable to select option by index &amp;apos;1&amp;apos; of object &amp;apos;Object Repository/Quote_OR/drp_PROPERTY_TYPE&amp;apos; (Root cause: com.kms.katalon.core.webui.exception.WebElementNotFoundException: Web element with id: &amp;apos;Object Repository/Quote_OR/drp_PROPERTY_TYPE&amp;apos; located by &amp;apos;By.xpath: //*[@id=\&amp;quot;ddlPropertyType\&amp;quot;]&amp;apos; not found)</message>
  <exception>
    <message>com.kms.katalon.core.exception.StepFailedException: Unable to select option by index '1' of object 'Object Repository/Quote_OR/drp_PROPERTY_TYPE' (Root cause: com.kms.katalon.core.webui.exception.WebElementNotFoundException: Web element with id: 'Object Repository/Quote_OR/drp_PROPERTY_TYPE' located by 'By.xpath: //*[@id="ddlPropertyType"]' not found)</message>
    <frame>
      <class>com.kms.katalon.core.keyword.internal.KeywordMain</class>
      <method>stepFailed</method>
      <line>36</line>
    </frame>
    <frame>
      <class>com.kms.katalon.core.webui.keyword.internal.WebUIKeywordMain</class>
      <method>stepFailed</method>
      <line>49</line>
    </frame>
    <frame>
      <class>com.kms.katalon.core.webui.keyword.internal.WebUIKeywordMain</class>
      <method>runKeyword</method>
      <line>27</line>
    </frame>
    <frame>
      <class>com.kms.katalon.core.webui.keyword.builtin.SelectOptionByIndexKeyword</class>
      <method>selectOptionByIndex</method>
      <line>93</line>
    </frame>
    <frame>
      <class>com.kms.katalon.core.webui.keyword.builtin.SelectOptionByIndexKeyword</class>
      <method>execute</method>
      <line>68</line>
    </frame>
    <frame>
      <class>com.kms.katalon.core.keyword.internal.KeywordExecutor</class>
      <method>executeKeywordForPlatform</method>
      <line>53</line>
    </frame>
    <frame>
      <class>com.kms.katalon.core.webui.keyword.WebUiBuiltInKeywords</class>
      <method>selectOptionByIndex</method>
      <line>1072</line>
    </frame>
    <frame>
      <class>com.kms.katalon.core.webui.keyword.WebUiBuiltInKeywords$selectOptionByIndex$4</class>
      <method>call</method>
    </frame>
    <frame>
      <class>org.codehaus.groovy.runtime.callsite.CallSiteArray</class>
      <method>defaultCall</method>
      <line>48</line>
    </frame>
    <frame>
      <class>org.codehaus.groovy.runtime.callsite.AbstractCallSite</class>
      <method>call</method>
      <line>113</line>
    </frame>
    <frame>
      <class>org.codehaus.groovy.runtime.callsite.AbstractCallSite</class>
      <method>call</method>
      <line>133</line>
    </frame>
    <frame>
      <class>Script1516183794027</class>
      <method>run</method>
      <line>26</line>
    </frame>
    <frame>
      <class>com.kms.katalon.core.main.ScriptEngine</class>
      <method>run</method>
      <line>183</line>
    </frame>
    <frame>
      <class>com.kms.katalon.core.main.ScriptEngine</class>
      <method>runScriptAsRawText</method>
      <line>108</line>
    </frame>
    <frame>
      <class>com.kms.katalon.core.main.TestCaseExecutor</class>
      <method>runScript</method>
      <line>215</line>
    </frame>
    <frame>
      <class>com.kms.katalon.core.main.TestCaseExecutor</class>
      <method>doExecute</method>
      <line>206</line>
    </frame>
    <frame>
      <class>com.kms.katalon.core.main.TestCaseExecutor</class>
      <method>processExecutionPhase</method>
      <line>185</line>
    </frame>
    <frame>
      <class>com.kms.katalon.core.main.TestCaseExecutor</class>
      <method>accessMainPhase</method>
      <line>177</line>
    </frame>
    <frame>
      <class>com.kms.katalon.core.main.TestCaseExecutor</class>
      <method>execute</method>
      <line>160</line>
    </frame>
    <frame>
      <class>com.kms.katalon.core.main.TestCaseMain</class>
      <method>runTestCase</method>
      <line>102</line>
    </frame>
    <frame>
      <class>com.kms.katalon.core.main.TestCaseMain$runTestCase$0</class>
      <method>call</method>
    </frame>
    <frame>
      <class>org.codehaus.groovy.runtime.callsite.CallSiteArray</class>
      <method>defaultCall</method>
      <line>48</line>
    </frame>
    <frame>
      <class>org.codehaus.groovy.runtime.callsite.AbstractCallSite</class>
      <method>call</method>
      <line>113</line>
    </frame>
    <frame>
      <class>org.codehaus.groovy.runtime.callsite.AbstractCallSite</class>
      <method>call</method>
      <line>141</line>
    </frame>
    <frame>
      <class>TempTestSuite1516689810611</class>
      <method>runTestCase_0</method>
      <line>18</line>
    </frame>
    <frame>
      <class>sun.reflect.NativeMethodAccessorImpl</class>
      <method>invoke0</method>
    </frame>
    <frame>
      <class>sun.reflect.NativeMethodAccessorImpl</class>
      <method>invoke</method>
      <line>62</line>
    </frame>
    <frame>
      <class>sun.reflect.DelegatingMethodAccessorImpl</class>
      <method>invoke</method>
      <line>43</line>
    </frame>
    <frame>
      <class>java.lang.reflect.Method</class>
      <method>invoke</method>
      <line>498</line>
    </frame>
    <frame>
      <class>org.codehaus.groovy.reflection.CachedMethod</class>
      <method>invoke</method>
      <line>93</line>
    </frame>
    <frame>
      <class>groovy.lang.MetaMethod</class>
      <method>doMethodInvoke</method>
      <line>325</line>
    </frame>
    <frame>
      <class>org.codehaus.groovy.runtime.metaclass.ClosureMetaClass</class>
      <method>invokeMethod</method>
      <line>384</line>
    </frame>
    <frame>
      <class>org.codehaus.groovy.runtime.ScriptBytecodeAdapter</class>
      <method>invokeMethodOnCurrentN</method>
      <line>82</line>
    </frame>
    <frame>
      <class>org.codehaus.groovy.runtime.ScriptBytecodeAdapter</class>
      <method>invokeMethodOnCurrent0</method>
      <line>113</line>
    </frame>
    <frame>
      <class>TempTestSuite1516689810611$_run_closure1</class>
      <method>doCall</method>
      <line>55</line>
    </frame>
    <frame>
      <class>sun.reflect.NativeMethodAccessorImpl</class>
      <method>invoke0</method>
    </frame>
    <frame>
      <class>sun.reflect.NativeMethodAccessorImpl</class>
      <method>invoke</method>
      <line>62</line>
    </frame>
    <frame>
      <class>sun.reflect.DelegatingMethodAccessorImpl</class>
      <method>invoke</method>
      <line>43</line>
    </frame>
    <frame>
      <class>java.lang.reflect.Method</class>
      <method>invoke</method>
      <line>498</line>
    </frame>
    <frame>
      <class>org.codehaus.groovy.reflection.CachedMethod</class>
      <method>invoke</method>
      <line>93</line>
    </frame>
    <frame>
      <class>groovy.lang.MetaMethod</class>
      <method>doMethodInvoke</method>
      <line>325</line>
    </frame>
    <frame>
      <class>org.codehaus.groovy.runtime.metaclass.ClosureMetaClass</class>
      <method>invokeMethod</method>
      <line>294</line>
    </frame>
    <frame>
      <class>groovy.lang.MetaClassImpl</class>
      <method>invokeMethod</method>
      <line>1024</line>
    </frame>
    <frame>
      <class>groovy.lang.Closure</class>
      <method>call</method>
      <line>414</line>
    </frame>
    <frame>
      <class>groovy.lang.Closure</class>
      <method>call</method>
      <line>430</line>
    </frame>
    <frame>
      <class>org.codehaus.groovy.runtime.DefaultGroovyMethods</class>
      <method>each</method>
      <line>2030</line>
    </frame>
    <frame>
      <class>org.codehaus.groovy.runtime.DefaultGroovyMethods</class>
      <method>each</method>
      <line>2015</line>
    </frame>
    <frame>
      <class>org.codehaus.groovy.runtime.DefaultGroovyMethods</class>
      <method>each</method>
      <line>2056</line>
    </frame>
    <frame>
      <class>org.codehaus.groovy.runtime.dgm$162</class>
      <method>invoke</method>
    </frame>
    <frame>
      <class>org.codehaus.groovy.runtime.callsite.PojoMetaMethodSite$PojoMetaMethodSiteNoUnwrapNoCoerce</class>
      <method>invoke</method>
      <line>274</line>
    </frame>
    <frame>
      <class>org.codehaus.groovy.runtime.callsite.PojoMetaMethodSite</class>
      <method>call</method>
      <line>56</line>
    </frame>
    <frame>
      <class>org.codehaus.groovy.runtime.callsite.CallSiteArray</class>
      <method>defaultCall</method>
      <line>48</line>
    </frame>
    <frame>
      <class>org.codehaus.groovy.runtime.callsite.AbstractCallSite</class>
      <method>call</method>
      <line>113</line>
    </frame>
    <frame>
      <class>org.codehaus.groovy.runtime.callsite.AbstractCallSite</class>
      <method>call</method>
      <line>125</line>
    </frame>
    <frame>
      <class>TempTestSuite1516689810611</class>
      <method>run</method>
      <line>54</line>
    </frame>
    <frame>
      <class>groovy.lang.GroovyShell</class>
      <method>runScriptOrMainOrTestOrRunnable</method>
      <line>263</line>
    </frame>
    <frame>
      <class>groovy.lang.GroovyShell</class>
      <method>run</method>
      <line>518</line>
    </frame>
    <frame>
      <class>groovy.lang.GroovyShell</class>
      <method>run</method>
      <line>507</line>
    </frame>
    <frame>
      <class>groovy.ui.GroovyMain</class>
      <method>processOnce</method>
      <line>653</line>
    </frame>
    <frame>
      <class>groovy.ui.GroovyMain</class>
      <method>run</method>
      <line>384</line>
    </frame>
    <frame>
      <class>groovy.ui.GroovyMain</class>
      <method>process</method>
      <line>370</line>
    </frame>
    <frame>
      <class>groovy.ui.GroovyMain</class>
      <method>processArgs</method>
      <line>129</line>
    </frame>
    <frame>
      <class>groovy.ui.GroovyMain</class>
      <method>main</method>
      <line>109</line>
    </frame>
    <frame>
      <class>sun.reflect.NativeMethodAccessorImpl</class>
      <method>invoke0</method>
    </frame>
    <frame>
      <class>sun.reflect.NativeMethodAccessorImpl</class>
      <method>invoke</method>
      <line>62</line>
    </frame>
    <frame>
      <class>sun.reflect.DelegatingMethodAccessorImpl</class>
      <method>invoke</method>
      <line>43</line>
    </frame>
    <frame>
      <class>java.lang.reflect.Method</class>
      <method>invoke</method>
      <line>498</line>
    </frame>
    <frame>
      <class>org.codehaus.groovy.tools.GroovyStarter</class>
      <method>rootLoader</method>
      <line>109</line>
    </frame>
    <frame>
      <class>org.codehaus.groovy.tools.GroovyStarter</class>
      <method>main</method>
      <line>131</line>
    </frame>
  </exception>
  <nestedLevel>0</nestedLevel>
</record>
<record>
  <date>2018-01-23T12:14:29</date>
  <millis>1516689869018</millis>
  <sequence>98</sequence>
  <level>END</level>
  <class>com.kms.katalon.core.logging.KeywordLogger</class>
  <method>endTest</method>
  <thread>1</thread>
  <message>End Test Case : Test Cases/QUOTE_CREATION</message>
  <nestedLevel>0</nestedLevel>
</record>
<record>
  <date>2018-01-23T12:14:29</date>
  <millis>1516689869087</millis>
  <sequence>99</sequence>
  <level>START</level>
  <class>com.kms.katalon.core.logging.KeywordLogger</class>
  <method>startTest</method>
  <thread>1</thread>
  <message>Start Test Case : Test Cases/APPLICATION_CREATION</message>
  <nestedLevel>1</nestedLevel>
  <property name="name">Test Cases/APPLICATION_CREATION</property>
  <property name="description"></property>
  <property name="id">Test Cases/APPLICATION_CREATION</property>
  <property name="source">D:\\Katalon_Practice_Workspace\\Katalon_MitendraTest Cases\\APPLICATION_CREATION.tc</property>
  <property name="isOptional">false</property>
</record>
<record>
  <date>2018-01-23T12:14:29</date>
  <millis>1516689869178</millis>
  <sequence>100</sequence>
  <level>INFO</level>
  <class>com.kms.katalon.core.logging.KeywordLogger</class>
  <method>logMessage</method>
  <thread>1</thread>
  <message>Evaluating variables for test case</message>
  <nestedLevel>1</nestedLevel>
</record>
<record>
  <date>2018-01-23T12:14:29</date>
  <millis>1516689869456</millis>
  <sequence>101</sequence>
  <level>START</level>
  <class>com.kms.katalon.core.logging.KeywordLogger</class>
  <method>startKeyword</method>
  <thread>1</thread>
  <message>Start action : setText</message>
  <nestedLevel>1</nestedLevel>
  <property name="startLine">17</property>
  <property name="stepIndex">1</property>
</record>
<record>
  <date>2018-01-23T12:14:29</date>
  <millis>1516689869457</millis>
  <sequence>102</sequence>
  <level>INFO</level>
  <class>com.kms.katalon.core.logging.KeywordLogger</class>
  <method>logMessage</method>
  <thread>1</thread>
  <message>Finding Test Object with id &amp;apos;Object Repository/Application_OR/txtfield_ADDRESS_ON_QUOTE_PAGE&amp;apos;</message>
  <nestedLevel>1</nestedLevel>
</record>
<record>
  <date>2018-01-23T12:14:29</date>
  <millis>1516689869479</millis>
  <sequence>103</sequence>
  <level>INFO</level>
  <class>com.kms.katalon.core.logging.KeywordLogger</class>
  <method>logMessage</method>
  <thread>1</thread>
  <message>Checking object</message>
  <nestedLevel>1</nestedLevel>
</record>
<record>
  <date>2018-01-23T12:14:29</date>
  <millis>1516689869480</millis>
  <sequence>104</sequence>
  <level>INFO</level>
  <class>com.kms.katalon.core.logging.KeywordLogger</class>
  <method>logMessage</method>
  <thread>1</thread>
  <message>Checking text</message>
  <nestedLevel>1</nestedLevel>
</record>
<record>
  <date>2018-01-23T12:14:29</date>
  <millis>1516689869481</millis>
  <sequence>105</sequence>
  <level>INFO</level>
  <class>com.kms.katalon.core.logging.KeywordLogger</class>
  <method>logMessage</method>
  <thread>1</thread>
  <message>Checking timeout</message>
  <nestedLevel>1</nestedLevel>
</record>
<record>
  <date>2018-01-23T12:14:29</date>
  <millis>1516689869481</millis>
  <sequence>106</sequence>
  <level>INFO</level>
  <class>com.kms.katalon.core.logging.KeywordLogger</class>
  <method>logMessage</method>
  <thread>1</thread>
  <message>Finding web element with id: &amp;apos;Object Repository/Application_OR/txtfield_ADDRESS_ON_QUOTE_PAGE&amp;apos; located by &amp;apos;By.xpath: //*[@id=\&amp;quot;txtAddressAutoComplete\&amp;quot;]&amp;apos; in &amp;apos;30&amp;apos; second(s)</message>
  <nestedLevel>1</nestedLevel>
</record>
<record>
  <date>2018-01-23T12:14:29</date>
  <millis>1516689869510</millis>
  <sequence>107</sequence>
  <level>INFO</level>
  <class>com.kms.katalon.core.logging.KeywordLogger</class>
  <method>logMessage</method>
  <thread>1</thread>
  <message>Found 1 web elements with id: &amp;apos;Object Repository/Application_OR/txtfield_ADDRESS_ON_QUOTE_PAGE&amp;apos; located by &amp;apos;By.xpath: //*[@id=\&amp;quot;txtAddressAutoComplete\&amp;quot;]&amp;apos; in &amp;apos;30&amp;apos; second(s)</message>
  <nestedLevel>1</nestedLevel>
</record>
<record>
  <date>2018-01-23T12:14:29</date>
  <millis>1516689869510</millis>
  <sequence>108</sequence>
  <level>INFO</level>
  <class>com.kms.katalon.core.logging.KeywordLogger</class>
  <method>logMessage</method>
  <thread>1</thread>
  <message>Clearing text of object &amp;apos;Object Repository/Application_OR/txtfield_ADDRESS_ON_QUOTE_PAGE&amp;apos;</message>
  <nestedLevel>1</nestedLevel>
</record>
<record>
  <date>2018-01-23T12:14:29</date>
  <millis>1516689869558</millis>
  <sequence>109</sequence>
  <level>INFO</level>
  <class>com.kms.katalon.core.logging.KeywordLogger</class>
  <method>logMessage</method>
  <thread>1</thread>
  <message>Checking timeout</message>
  <nestedLevel>1</nestedLevel>
</record>
<record>
  <date>2018-01-23T12:14:29</date>
  <millis>1516689869559</millis>
  <sequence>110</sequence>
  <level>INFO</level>
  <class>com.kms.katalon.core.logging.KeywordLogger</class>
  <method>logMessage</method>
  <thread>1</thread>
  <message>Finding web element with id: &amp;apos;Object Repository/Application_OR/txtfield_ADDRESS_ON_QUOTE_PAGE&amp;apos; located by &amp;apos;By.xpath: //*[@id=\&amp;quot;txtAddressAutoComplete\&amp;quot;]&amp;apos; in &amp;apos;30&amp;apos; second(s)</message>
  <nestedLevel>1</nestedLevel>
</record>
<record>
  <date>2018-01-23T12:14:29</date>
  <millis>1516689869613</millis>
  <sequence>111</sequence>
  <level>INFO</level>
  <class>com.kms.katalon.core.logging.KeywordLogger</class>
  <method>logMessage</method>
  <thread>1</thread>
  <message>Found 1 web elements with id: &amp;apos;Object Repository/Application_OR/txtfield_ADDRESS_ON_QUOTE_PAGE&amp;apos; located by &amp;apos;By.xpath: //*[@id=\&amp;quot;txtAddressAutoComplete\&amp;quot;]&amp;apos; in &amp;apos;30&amp;apos; second(s)</message>
  <nestedLevel>1</nestedLevel>
</record>
<record>
  <date>2018-01-23T12:14:29</date>
  <millis>1516689869614</millis>
  <sequence>112</sequence>
  <level>INFO</level>
  <class>com.kms.katalon.core.logging.KeywordLogger</class>
  <method>logMessage</method>
  <thread>1</thread>
  <message>Setting text of object &amp;apos;Object Repository/Application_OR/txtfield_ADDRESS_ON_QUOTE_PAGE&amp;apos; to value &amp;apos;1012 Cobb St Durham, NC 27707 USA&amp;apos;</message>
  <nestedLevel>1</nestedLevel>
</record>
<record>
  <date>2018-01-23T12:14:29</date>
  <millis>1516689869942</millis>
  <sequence>113</sequence>
  <level>PASSED</level>
  <class>com.kms.katalon.core.logging.KeywordLogger</class>
  <method>logMessage</method>
  <thread>1</thread>
  <message>Text &amp;apos;1012 Cobb St Durham, NC 27707 USA&amp;apos; is set on object &amp;apos;Object Repository/Application_OR/txtfield_ADDRESS_ON_QUOTE_PAGE&amp;apos;</message>
  <nestedLevel>1</nestedLevel>
</record>
<record>
  <date>2018-01-23T12:14:29</date>
  <millis>1516689869943</millis>
  <sequence>114</sequence>
  <level>END</level>
  <class>com.kms.katalon.core.logging.KeywordLogger</class>
  <method>endKeyword</method>
  <thread>1</thread>
  <message>End action : setText</message>
  <nestedLevel>1</nestedLevel>
</record>
<record>
  <date>2018-01-23T12:14:29</date>
  <millis>1516689869944</millis>
  <sequence>115</sequence>
  <level>START</level>
  <class>com.kms.katalon.core.logging.KeywordLogger</class>
  <method>startKeyword</method>
  <thread>1</thread>
  <message>Start action : click</message>
  <nestedLevel>1</nestedLevel>
  <property name="startLine">19</property>
  <property name="stepIndex">2</property>
</record>
<record>
  <date>2018-01-23T12:14:29</date>
  <millis>1516689869945</millis>
  <sequence>116</sequence>
  <level>INFO</level>
  <class>com.kms.katalon.core.logging.KeywordLogger</class>
  <method>logMessage</method>
  <thread>1</thread>
  <message>Finding Test Object with id &amp;apos;Object Repository/Application_OR/btn_SEARCH_ADDRESS_QUOTE_PAGE&amp;apos;</message>
  <nestedLevel>1</nestedLevel>
</record>
<record>
  <date>2018-01-23T12:14:29</date>
  <millis>1516689869968</millis>
  <sequence>117</sequence>
  <level>INFO</level>
  <class>com.kms.katalon.core.logging.KeywordLogger</class>
  <method>logMessage</method>
  <thread>1</thread>
  <message>Checking object</message>
  <nestedLevel>1</nestedLevel>
</record>
<record>
  <date>2018-01-23T12:14:29</date>
  <millis>1516689869969</millis>
  <sequence>118</sequence>
  <level>INFO</level>
  <class>com.kms.katalon.core.logging.KeywordLogger</class>
  <method>logMessage</method>
  <thread>1</thread>
  <message>Checking timeout</message>
  <nestedLevel>1</nestedLevel>
</record>
<record>
  <date>2018-01-23T12:14:29</date>
  <millis>1516689869969</millis>
  <sequence>119</sequence>
  <level>INFO</level>
  <class>com.kms.katalon.core.logging.KeywordLogger</class>
  <method>logMessage</method>
  <thread>1</thread>
  <message>Finding web element with id: &amp;apos;Object Repository/Application_OR/btn_SEARCH_ADDRESS_QUOTE_PAGE&amp;apos; located by &amp;apos;By.xpath: //*[@id=\&amp;quot;btnSearchAddress\&amp;quot;]&amp;apos; in &amp;apos;30&amp;apos; second(s)</message>
  <nestedLevel>1</nestedLevel>
</record>
<record>
  <date>2018-01-23T12:14:29</date>
  <millis>1516689869992</millis>
  <sequence>120</sequence>
  <level>INFO</level>
  <class>com.kms.katalon.core.logging.KeywordLogger</class>
  <method>logMessage</method>
  <thread>1</thread>
  <message>Found 1 web elements with id: &amp;apos;Object Repository/Application_OR/btn_SEARCH_ADDRESS_QUOTE_PAGE&amp;apos; located by &amp;apos;By.xpath: //*[@id=\&amp;quot;btnSearchAddress\&amp;quot;]&amp;apos; in &amp;apos;30&amp;apos; second(s)</message>
  <nestedLevel>1</nestedLevel>
</record>
<record>
  <date>2018-01-23T12:14:29</date>
  <millis>1516689869993</millis>
  <sequence>121</sequence>
  <level>INFO</level>
  <class>com.kms.katalon.core.logging.KeywordLogger</class>
  <method>logMessage</method>
  <thread>1</thread>
  <message>Clicking on object: &amp;apos;Object Repository/Application_OR/btn_SEARCH_ADDRESS_QUOTE_PAGE&amp;apos;</message>
  <nestedLevel>1</nestedLevel>
</record>
<record>
  <date>2018-01-23T12:14:34</date>
  <millis>1516689874537</millis>
  <sequence>122</sequence>
  <level>PASSED</level>
  <class>com.kms.katalon.core.logging.KeywordLogger</class>
  <method>logMessage</method>
  <thread>1</thread>
  <message>Object: &amp;apos;Object Repository/Application_OR/btn_SEARCH_ADDRESS_QUOTE_PAGE&amp;apos; is clicked on</message>
  <nestedLevel>1</nestedLevel>
</record>
<record>
  <date>2018-01-23T12:14:34</date>
  <millis>1516689874538</millis>
  <sequence>123</sequence>
  <level>END</level>
  <class>com.kms.katalon.core.logging.KeywordLogger</class>
  <method>endKeyword</method>
  <thread>1</thread>
  <message>End action : click</message>
  <nestedLevel>1</nestedLevel>
</record>
<record>
  <date>2018-01-23T12:14:34</date>
  <millis>1516689874539</millis>
  <sequence>124</sequence>
  <level>START</level>
  <class>com.kms.katalon.core.logging.KeywordLogger</class>
  <method>startKeyword</method>
  <thread>1</thread>
  <message>Start action : Statement - Address = com.kms.katalon.core.testobject.ObjectRepository.findTestObject(Endorsement_OR/get_Address)</message>
  <nestedLevel>1</nestedLevel>
  <property name="startLine">21</property>
  <property name="stepIndex">3</property>
</record>
<record>
  <date>2018-01-23T12:14:34</date>
  <millis>1516689874540</millis>
  <sequence>125</sequence>
  <level>INFO</level>
  <class>com.kms.katalon.core.logging.KeywordLogger</class>
  <method>logMessage</method>
  <thread>1</thread>
  <message>Finding Test Object with id &amp;apos;Object Repository/Endorsement_OR/get_Address&amp;apos;</message>
  <nestedLevel>1</nestedLevel>
</record>
<record>
  <date>2018-01-23T12:14:34</date>
  <millis>1516689874583</millis>
  <sequence>126</sequence>
  <level>END</level>
  <class>com.kms.katalon.core.logging.KeywordLogger</class>
  <method>endKeyword</method>
  <thread>1</thread>
  <message>End action : Statement - Address = com.kms.katalon.core.testobject.ObjectRepository.findTestObject(Endorsement_OR/get_Address)</message>
  <nestedLevel>1</nestedLevel>
</record>
<record>
  <date>2018-01-23T12:14:34</date>
  <millis>1516689874583</millis>
  <sequence>127</sequence>
  <level>START</level>
  <class>com.kms.katalon.core.logging.KeywordLogger</class>
  <method>startKeyword</method>
  <thread>1</thread>
  <message>Start action : Statement - propertyaddress = com.kms.katalon.core.webui.keyword.WebUiBuiltInKeywords.getAttribute(Address, \&amp;quot;value\&amp;quot;)</message>
  <nestedLevel>1</nestedLevel>
  <property name="startLine">23</property>
  <property name="stepIndex">4</property>
</record>
<record>
  <date>2018-01-23T12:14:34</date>
  <millis>1516689874596</millis>
  <sequence>128</sequence>
  <level>INFO</level>
  <class>com.kms.katalon.core.logging.KeywordLogger</class>
  <method>logMessage</method>
  <thread>1</thread>
  <message>Checking object</message>
  <nestedLevel>1</nestedLevel>
</record>
<record>
  <date>2018-01-23T12:14:34</date>
  <millis>1516689874597</millis>
  <sequence>129</sequence>
  <level>INFO</level>
  <class>com.kms.katalon.core.logging.KeywordLogger</class>
  <method>logMessage</method>
  <thread>1</thread>
  <message>Checking attribute</message>
  <nestedLevel>1</nestedLevel>
</record>
<record>
  <date>2018-01-23T12:14:34</date>
  <millis>1516689874598</millis>
  <sequence>130</sequence>
  <level>INFO</level>
  <class>com.kms.katalon.core.logging.KeywordLogger</class>
  <method>logMessage</method>
  <thread>1</thread>
  <message>Checking timeout</message>
  <nestedLevel>1</nestedLevel>
</record>
<record>
  <date>2018-01-23T12:14:34</date>
  <millis>1516689874598</millis>
  <sequence>131</sequence>
  <level>INFO</level>
  <class>com.kms.katalon.core.logging.KeywordLogger</class>
  <method>logMessage</method>
  <thread>1</thread>
  <message>Finding web element with id: &amp;apos;Object Repository/Endorsement_OR/get_Address&amp;apos; located by &amp;apos;By.xpath: //*[@id=\&amp;quot;txtAddressAutoComplete\&amp;quot;]&amp;apos; in &amp;apos;30&amp;apos; second(s)</message>
  <nestedLevel>1</nestedLevel>
</record>
<record>
  <date>2018-01-23T12:14:34</date>
  <millis>1516689874617</millis>
  <sequence>132</sequence>
  <level>INFO</level>
  <class>com.kms.katalon.core.logging.KeywordLogger</class>
  <method>logMessage</method>
  <thread>1</thread>
  <message>Found 1 web elements with id: &amp;apos;Object Repository/Endorsement_OR/get_Address&amp;apos; located by &amp;apos;By.xpath: //*[@id=\&amp;quot;txtAddressAutoComplete\&amp;quot;]&amp;apos; in &amp;apos;30&amp;apos; second(s)</message>
  <nestedLevel>1</nestedLevel>
</record>
<record>
  <date>2018-01-23T12:14:34</date>
  <millis>1516689874617</millis>
  <sequence>133</sequence>
  <level>INFO</level>
  <class>com.kms.katalon.core.logging.KeywordLogger</class>
  <method>logMessage</method>
  <thread>1</thread>
  <message>Getting attribute &amp;apos;value&amp;apos; of object &amp;apos;Object Repository/Endorsement_OR/get_Address&amp;apos;</message>
  <nestedLevel>1</nestedLevel>
</record>
<record>
  <date>2018-01-23T12:14:34</date>
  <millis>1516689874629</millis>
  <sequence>134</sequence>
  <level>PASSED</level>
  <class>com.kms.katalon.core.logging.KeywordLogger</class>
  <method>logMessage</method>
  <thread>1</thread>
  <message>Attribute &amp;apos;value&amp;apos; of object &amp;apos;Object Repository/Endorsement_OR/get_Address&amp;apos; is: &amp;apos;&amp;apos;</message>
  <nestedLevel>1</nestedLevel>
</record>
<record>
  <date>2018-01-23T12:14:34</date>
  <millis>1516689874630</millis>
  <sequence>135</sequence>
  <level>END</level>
  <class>com.kms.katalon.core.logging.KeywordLogger</class>
  <method>endKeyword</method>
  <thread>1</thread>
  <message>End action : Statement - propertyaddress = com.kms.katalon.core.webui.keyword.WebUiBuiltInKeywords.getAttribute(Address, \&amp;quot;value\&amp;quot;)</message>
  <nestedLevel>1</nestedLevel>
</record>
<record>
  <date>2018-01-23T12:14:34</date>
  <millis>1516689874630</millis>
  <sequence>136</sequence>
  <level>START</level>
  <class>com.kms.katalon.core.logging.KeywordLogger</class>
  <method>startKeyword</method>
  <thread>1</thread>
  <message>Start action : Statement - println(propertyaddress)</message>
  <nestedLevel>1</nestedLevel>
  <property name="startLine">25</property>
  <property name="stepIndex">5</property>
</record>
<record>
  <date>2018-01-23T12:14:34</date>
  <millis>1516689874634</millis>
  <sequence>137</sequence>
  <level>END</level>
  <class>com.kms.katalon.core.logging.KeywordLogger</class>
  <method>endKeyword</method>
  <thread>1</thread>
  <message>End action : Statement - println(propertyaddress)</message>
  <nestedLevel>1</nestedLevel>
</record>
<record>
  <date>2018-01-23T12:14:34</date>
  <millis>1516689874634</millis>
  <sequence>138</sequence>
  <level>START</level>
  <class>com.kms.katalon.core.logging.KeywordLogger</class>
  <method>startKeyword</method>
  <thread>1</thread>
  <message>Start action : Statement - propertyaddress = propertyaddress</message>
  <nestedLevel>1</nestedLevel>
  <property name="startLine">27</property>
  <property name="stepIndex">6</property>
</record>
<record>
  <date>2018-01-23T12:14:34</date>
  <millis>1516689874636</millis>
  <sequence>139</sequence>
  <level>END</level>
  <class>com.kms.katalon.core.logging.KeywordLogger</class>
  <method>endKeyword</method>
  <thread>1</thread>
  <message>End action : Statement - propertyaddress = propertyaddress</message>
  <nestedLevel>1</nestedLevel>
</record>
<record>
  <date>2018-01-23T12:14:34</date>
  <millis>1516689874636</millis>
  <sequence>140</sequence>
  <level>START</level>
  <class>com.kms.katalon.core.logging.KeywordLogger</class>
  <method>startKeyword</method>
  <thread>1</thread>
  <message>Start action : selectOptionByIndex</message>
  <nestedLevel>1</nestedLevel>
  <property name="startLine">29</property>
  <property name="stepIndex">7</property>
</record>
<record>
  <date>2018-01-23T12:14:34</date>
  <millis>1516689874637</millis>
  <sequence>141</sequence>
  <level>INFO</level>
  <class>com.kms.katalon.core.logging.KeywordLogger</class>
  <method>logMessage</method>
  <thread>1</thread>
  <message>Finding Test Object with id &amp;apos;Object Repository/Quote_OR/drp_PROPERTY_TYPE&amp;apos;</message>
  <nestedLevel>1</nestedLevel>
</record>
<record>
  <date>2018-01-23T12:14:34</date>
  <millis>1516689874640</millis>
  <sequence>142</sequence>
  <level>INFO</level>
  <class>com.kms.katalon.core.logging.KeywordLogger</class>
  <method>logMessage</method>
  <thread>1</thread>
  <message>Checking object</message>
  <nestedLevel>1</nestedLevel>
</record>
<record>
  <date>2018-01-23T12:14:34</date>
  <millis>1516689874641</millis>
  <sequence>143</sequence>
  <level>INFO</level>
  <class>com.kms.katalon.core.logging.KeywordLogger</class>
  <method>logMessage</method>
  <thread>1</thread>
  <message>Checking index range</message>
  <nestedLevel>1</nestedLevel>
</record>
<record>
  <date>2018-01-23T12:14:34</date>
  <millis>1516689874641</millis>
  <sequence>144</sequence>
  <level>INFO</level>
  <class>com.kms.katalon.core.logging.KeywordLogger</class>
  <method>logMessage</method>
  <thread>1</thread>
  <message>Converting range parameter &amp;apos;1&amp;apos; to index array</message>
  <nestedLevel>1</nestedLevel>
</record>
<record>
  <date>2018-01-23T12:14:34</date>
  <millis>1516689874642</millis>
  <sequence>145</sequence>
  <level>INFO</level>
  <class>com.kms.katalon.core.logging.KeywordLogger</class>
  <method>logMessage</method>
  <thread>1</thread>
  <message>Range parameter &amp;apos;1&amp;apos; is converted to index array [1]</message>
  <nestedLevel>1</nestedLevel>
</record>
<record>
  <date>2018-01-23T12:14:34</date>
  <millis>1516689874643</millis>
  <sequence>146</sequence>
  <level>INFO</level>
  <class>com.kms.katalon.core.logging.KeywordLogger</class>
  <method>logMessage</method>
  <thread>1</thread>
  <message>Checking timeout</message>
  <nestedLevel>1</nestedLevel>
</record>
<record>
  <date>2018-01-23T12:14:34</date>
  <millis>1516689874643</millis>
  <sequence>147</sequence>
  <level>INFO</level>
  <class>com.kms.katalon.core.logging.KeywordLogger</class>
  <method>logMessage</method>
  <thread>1</thread>
  <message>Finding web element with id: &amp;apos;Object Repository/Quote_OR/drp_PROPERTY_TYPE&amp;apos; located by &amp;apos;By.xpath: //*[@id=\&amp;quot;ddlPropertyType\&amp;quot;]&amp;apos; in &amp;apos;30&amp;apos; second(s)</message>
  <nestedLevel>1</nestedLevel>
</record>
<record>
  <date>2018-01-23T12:15:06</date>
  <millis>1516689906786</millis>
  <sequence>148</sequence>
  <level>FAILED</level>
  <class>com.kms.katalon.core.logging.KeywordLogger</class>
  <method>logMessage</method>
  <thread>1</thread>
  <message>Unable to select option by index &amp;apos;1&amp;apos; of object &amp;apos;Object Repository/Quote_OR/drp_PROPERTY_TYPE&amp;apos; (Root cause: com.kms.katalon.core.webui.exception.WebElementNotFoundException: Web element with id: &amp;apos;Object Repository/Quote_OR/drp_PROPERTY_TYPE&amp;apos; located by &amp;apos;By.xpath: //*[@id=\&amp;quot;ddlPropertyType\&amp;quot;]&amp;apos; not found)</message>
  <nestedLevel>1</nestedLevel>
  <property name="attachment">1516689906441.png</property>
</record>
<record>
  <date>2018-01-23T12:15:06</date>
  <millis>1516689906787</millis>
  <sequence>149</sequence>
  <level>END</level>
  <class>com.kms.katalon.core.logging.KeywordLogger</class>
  <method>endKeyword</method>
  <thread>1</thread>
  <message>End action : selectOptionByIndex</message>
  <nestedLevel>1</nestedLevel>
</record>
<record>
  <date>2018-01-23T12:15:06</date>
  <millis>1516689906788</millis>
  <sequence>150</sequence>
  <logger>com.kms.katalon.core.logging.KeywordLogger</logger>
  <level>FAILED</level>
  <class>com.kms.katalon.core.logging.KeywordLogger</class>
  <method>logMessage</method>
  <thread>1</thread>
  <message>Test Cases/APPLICATION_CREATION FAILED because (of) Unable to select option by index &amp;apos;1&amp;apos; of object &amp;apos;Object Repository/Quote_OR/drp_PROPERTY_TYPE&amp;apos; (Root cause: com.kms.katalon.core.webui.exception.WebElementNotFoundException: Web element with id: &amp;apos;Object Repository/Quote_OR/drp_PROPERTY_TYPE&amp;apos; located by &amp;apos;By.xpath: //*[@id=\&amp;quot;ddlPropertyType\&amp;quot;]&amp;apos; not found)</message>
  <exception>
    <message>com.kms.katalon.core.exception.StepFailedException: Unable to select option by index '1' of object 'Object Repository/Quote_OR/drp_PROPERTY_TYPE' (Root cause: com.kms.katalon.core.webui.exception.WebElementNotFoundException: Web element with id: 'Object Repository/Quote_OR/drp_PROPERTY_TYPE' located by 'By.xpath: //*[@id="ddlPropertyType"]' not found)</message>
    <frame>
      <class>com.kms.katalon.core.keyword.internal.KeywordMain</class>
      <method>stepFailed</method>
      <line>36</line>
    </frame>
    <frame>
      <class>com.kms.katalon.core.webui.keyword.internal.WebUIKeywordMain</class>
      <method>stepFailed</method>
      <line>49</line>
    </frame>
    <frame>
      <class>com.kms.katalon.core.webui.keyword.internal.WebUIKeywordMain</class>
      <method>runKeyword</method>
      <line>27</line>
    </frame>
    <frame>
      <class>com.kms.katalon.core.webui.keyword.builtin.SelectOptionByIndexKeyword</class>
      <method>selectOptionByIndex</method>
      <line>93</line>
    </frame>
    <frame>
      <class>com.kms.katalon.core.webui.keyword.builtin.SelectOptionByIndexKeyword</class>
      <method>execute</method>
      <line>68</line>
    </frame>
    <frame>
      <class>com.kms.katalon.core.keyword.internal.KeywordExecutor</class>
      <method>executeKeywordForPlatform</method>
      <line>53</line>
    </frame>
    <frame>
      <class>com.kms.katalon.core.webui.keyword.WebUiBuiltInKeywords</class>
      <method>selectOptionByIndex</method>
      <line>1072</line>
    </frame>
    <frame>
      <class>com.kms.katalon.core.webui.keyword.WebUiBuiltInKeywords$selectOptionByIndex$4</class>
      <method>call</method>
    </frame>
    <frame>
      <class>org.codehaus.groovy.runtime.callsite.CallSiteArray</class>
      <method>defaultCall</method>
      <line>48</line>
    </frame>
    <frame>
      <class>org.codehaus.groovy.runtime.callsite.AbstractCallSite</class>
      <method>call</method>
      <line>113</line>
    </frame>
    <frame>
      <class>org.codehaus.groovy.runtime.callsite.AbstractCallSite</class>
      <method>call</method>
      <line>133</line>
    </frame>
    <frame>
      <class>Script1516183804840</class>
      <method>run</method>
      <line>29</line>
    </frame>
    <frame>
      <class>com.kms.katalon.core.main.ScriptEngine</class>
      <method>run</method>
      <line>183</line>
    </frame>
    <frame>
      <class>com.kms.katalon.core.main.ScriptEngine</class>
      <method>runScriptAsRawText</method>
      <line>108</line>
    </frame>
    <frame>
      <class>com.kms.katalon.core.main.TestCaseExecutor</class>
      <method>runScript</method>
      <line>215</line>
    </frame>
    <frame>
      <class>com.kms.katalon.core.main.TestCaseExecutor</class>
      <method>doExecute</method>
      <line>206</line>
    </frame>
    <frame>
      <class>com.kms.katalon.core.main.TestCaseExecutor</class>
      <method>processExecutionPhase</method>
      <line>185</line>
    </frame>
    <frame>
      <class>com.kms.katalon.core.main.TestCaseExecutor</class>
      <method>accessMainPhase</method>
      <line>177</line>
    </frame>
    <frame>
      <class>com.kms.katalon.core.main.TestCaseExecutor</class>
      <method>execute</method>
      <line>160</line>
    </frame>
    <frame>
      <class>com.kms.katalon.core.main.TestCaseMain</class>
      <method>runTestCase</method>
      <line>102</line>
    </frame>
    <frame>
      <class>com.kms.katalon.core.main.TestCaseMain$runTestCase$0</class>
      <method>call</method>
    </frame>
    <frame>
      <class>org.codehaus.groovy.runtime.callsite.CallSiteArray</class>
      <method>defaultCall</method>
      <line>48</line>
    </frame>
    <frame>
      <class>org.codehaus.groovy.runtime.callsite.AbstractCallSite</class>
      <method>call</method>
      <line>113</line>
    </frame>
    <frame>
      <class>org.codehaus.groovy.runtime.callsite.AbstractCallSite</class>
      <method>call</method>
      <line>141</line>
    </frame>
    <frame>
      <class>TempTestSuite1516689810611</class>
      <method>runTestCase_1</method>
      <line>23</line>
    </frame>
    <frame>
      <class>sun.reflect.NativeMethodAccessorImpl</class>
      <method>invoke0</method>
    </frame>
    <frame>
      <class>sun.reflect.NativeMethodAccessorImpl</class>
      <method>invoke</method>
      <line>62</line>
    </frame>
    <frame>
      <class>sun.reflect.DelegatingMethodAccessorImpl</class>
      <method>invoke</method>
      <line>43</line>
    </frame>
    <frame>
      <class>java.lang.reflect.Method</class>
      <method>invoke</method>
      <line>498</line>
    </frame>
    <frame>
      <class>org.codehaus.groovy.reflection.CachedMethod</class>
      <method>invoke</method>
      <line>93</line>
    </frame>
    <frame>
      <class>groovy.lang.MetaMethod</class>
      <method>doMethodInvoke</method>
      <line>325</line>
    </frame>
    <frame>
      <class>org.codehaus.groovy.runtime.metaclass.ClosureMetaClass</class>
      <method>invokeMethod</method>
      <line>384</line>
    </frame>
    <frame>
      <class>org.codehaus.groovy.runtime.ScriptBytecodeAdapter</class>
      <method>invokeMethodOnCurrentN</method>
      <line>82</line>
    </frame>
    <frame>
      <class>org.codehaus.groovy.runtime.ScriptBytecodeAdapter</class>
      <method>invokeMethodOnCurrent0</method>
      <line>113</line>
    </frame>
    <frame>
      <class>TempTestSuite1516689810611$_run_closure1</class>
      <method>doCall</method>
      <line>55</line>
    </frame>
    <frame>
      <class>sun.reflect.NativeMethodAccessorImpl</class>
      <method>invoke0</method>
    </frame>
    <frame>
      <class>sun.reflect.NativeMethodAccessorImpl</class>
      <method>invoke</method>
      <line>62</line>
    </frame>
    <frame>
      <class>sun.reflect.DelegatingMethodAccessorImpl</class>
      <method>invoke</method>
      <line>43</line>
    </frame>
    <frame>
      <class>java.lang.reflect.Method</class>
      <method>invoke</method>
      <line>498</line>
    </frame>
    <frame>
      <class>org.codehaus.groovy.reflection.CachedMethod</class>
      <method>invoke</method>
      <line>93</line>
    </frame>
    <frame>
      <class>groovy.lang.MetaMethod</class>
      <method>doMethodInvoke</method>
      <line>325</line>
    </frame>
    <frame>
      <class>org.codehaus.groovy.runtime.metaclass.ClosureMetaClass</class>
      <method>invokeMethod</method>
      <line>294</line>
    </frame>
    <frame>
      <class>groovy.lang.MetaClassImpl</class>
      <method>invokeMethod</method>
      <line>1024</line>
    </frame>
    <frame>
      <class>groovy.lang.Closure</class>
      <method>call</method>
      <line>414</line>
    </frame>
    <frame>
      <class>groovy.lang.Closure</class>
      <method>call</method>
      <line>430</line>
    </frame>
    <frame>
      <class>org.codehaus.groovy.runtime.DefaultGroovyMethods</class>
      <method>each</method>
      <line>2030</line>
    </frame>
    <frame>
      <class>org.codehaus.groovy.runtime.DefaultGroovyMethods</class>
      <method>each</method>
      <line>2015</line>
    </frame>
    <frame>
      <class>org.codehaus.groovy.runtime.DefaultGroovyMethods</class>
      <method>each</method>
      <line>2056</line>
    </frame>
    <frame>
      <class>org.codehaus.groovy.runtime.dgm$162</class>
      <method>invoke</method>
    </frame>
    <frame>
      <class>org.codehaus.groovy.runtime.callsite.PojoMetaMethodSite$PojoMetaMethodSiteNoUnwrapNoCoerce</class>
      <method>invoke</method>
      <line>274</line>
    </frame>
    <frame>
      <class>org.codehaus.groovy.runtime.callsite.PojoMetaMethodSite</class>
      <method>call</method>
      <line>56</line>
    </frame>
    <frame>
      <class>org.codehaus.groovy.runtime.callsite.CallSiteArray</class>
      <method>defaultCall</method>
      <line>48</line>
    </frame>
    <frame>
      <class>org.codehaus.groovy.runtime.callsite.AbstractCallSite</class>
      <method>call</method>
      <line>113</line>
    </frame>
    <frame>
      <class>org.codehaus.groovy.runtime.callsite.AbstractCallSite</class>
      <method>call</method>
      <line>125</line>
    </frame>
    <frame>
      <class>TempTestSuite1516689810611</class>
      <method>run</method>
      <line>54</line>
    </frame>
    <frame>
      <class>groovy.lang.GroovyShell</class>
      <method>runScriptOrMainOrTestOrRunnable</method>
      <line>263</line>
    </frame>
    <frame>
      <class>groovy.lang.GroovyShell</class>
      <method>run</method>
      <line>518</line>
    </frame>
    <frame>
      <class>groovy.lang.GroovyShell</class>
      <method>run</method>
      <line>507</line>
    </frame>
    <frame>
      <class>groovy.ui.GroovyMain</class>
      <method>processOnce</method>
      <line>653</line>
    </frame>
    <frame>
      <class>groovy.ui.GroovyMain</class>
      <method>run</method>
      <line>384</line>
    </frame>
    <frame>
      <class>groovy.ui.GroovyMain</class>
      <method>process</method>
      <line>370</line>
    </frame>
    <frame>
      <class>groovy.ui.GroovyMain</class>
      <method>processArgs</method>
      <line>129</line>
    </frame>
    <frame>
      <class>groovy.ui.GroovyMain</class>
      <method>main</method>
      <line>109</line>
    </frame>
    <frame>
      <class>sun.reflect.NativeMethodAccessorImpl</class>
      <method>invoke0</method>
    </frame>
    <frame>
      <class>sun.reflect.NativeMethodAccessorImpl</class>
      <method>invoke</method>
      <line>62</line>
    </frame>
    <frame>
      <class>sun.reflect.DelegatingMethodAccessorImpl</class>
      <method>invoke</method>
      <line>43</line>
    </frame>
    <frame>
      <class>java.lang.reflect.Method</class>
      <method>invoke</method>
      <line>498</line>
    </frame>
    <frame>
      <class>org.codehaus.groovy.tools.GroovyStarter</class>
      <method>rootLoader</method>
      <line>109</line>
    </frame>
    <frame>
      <class>org.codehaus.groovy.tools.GroovyStarter</class>
      <method>main</method>
      <line>131</line>
    </frame>
  </exception>
  <nestedLevel>0</nestedLevel>
</record>
<record>
  <date>2018-01-23T12:15:06</date>
  <millis>1516689906789</millis>
  <sequence>151</sequence>
  <level>END</level>
  <class>com.kms.katalon.core.logging.KeywordLogger</class>
  <method>endTest</method>
  <thread>1</thread>
  <message>End Test Case : Test Cases/APPLICATION_CREATION</message>
  <nestedLevel>0</nestedLevel>
</record>
<record>
  <date>2018-01-23T12:15:06</date>
  <millis>1516689906846</millis>
  <sequence>152</sequence>
  <level>START</level>
  <class>com.kms.katalon.core.logging.KeywordLogger</class>
  <method>startTest</method>
  <thread>1</thread>
  <message>Start Test Case : Test Cases/ENDORSEMENT_CREATION</message>
  <nestedLevel>1</nestedLevel>
  <property name="name">Test Cases/ENDORSEMENT_CREATION</property>
  <property name="description"></property>
  <property name="id">Test Cases/ENDORSEMENT_CREATION</property>
  <property name="source">D:\\Katalon_Practice_Workspace\\Katalon_MitendraTest Cases\\ENDORSEMENT_CREATION.tc</property>
  <property name="isOptional">false</property>
</record>
<record>
  <date>2018-01-23T12:15:06</date>
  <millis>1516689906881</millis>
  <sequence>153</sequence>
  <level>INFO</level>
  <class>com.kms.katalon.core.logging.KeywordLogger</class>
  <method>logMessage</method>
  <thread>1</thread>
  <message>Evaluating variables for test case</message>
  <nestedLevel>1</nestedLevel>
</record>
<record>
  <date>2018-01-23T12:15:07</date>
  <millis>1516689907001</millis>
  <sequence>154</sequence>
  <level>START</level>
  <class>com.kms.katalon.core.logging.KeywordLogger</class>
  <method>startKeyword</method>
  <thread>1</thread>
  <message>Start action : click</message>
  <nestedLevel>1</nestedLevel>
  <property name="startLine">12</property>
  <property name="stepIndex">1</property>
</record>
<record>
  <date>2018-01-23T12:15:07</date>
  <millis>1516689907002</millis>
  <sequence>155</sequence>
  <level>INFO</level>
  <class>com.kms.katalon.core.logging.KeywordLogger</class>
  <method>logMessage</method>
  <thread>1</thread>
  <message>Finding Test Object with id &amp;apos;Object Repository/Endorsement_OR/btn_ADVANCE_FILTER&amp;apos;</message>
  <nestedLevel>1</nestedLevel>
</record>
<record>
  <date>2018-01-23T12:15:07</date>
  <millis>1516689907035</millis>
  <sequence>156</sequence>
  <level>INFO</level>
  <class>com.kms.katalon.core.logging.KeywordLogger</class>
  <method>logMessage</method>
  <thread>1</thread>
  <message>Checking object</message>
  <nestedLevel>1</nestedLevel>
</record>
<record>
  <date>2018-01-23T12:15:07</date>
  <millis>1516689907036</millis>
  <sequence>157</sequence>
  <level>INFO</level>
  <class>com.kms.katalon.core.logging.KeywordLogger</class>
  <method>logMessage</method>
  <thread>1</thread>
  <message>Checking timeout</message>
  <nestedLevel>1</nestedLevel>
</record>
<record>
  <date>2018-01-23T12:15:07</date>
  <millis>1516689907037</millis>
  <sequence>158</sequence>
  <level>INFO</level>
  <class>com.kms.katalon.core.logging.KeywordLogger</class>
  <method>logMessage</method>
  <thread>1</thread>
  <message>Finding web element with id: &amp;apos;Object Repository/Endorsement_OR/btn_ADVANCE_FILTER&amp;apos; located by &amp;apos;By.xpath: //*[@id=\&amp;quot;btnAdvanceFilter\&amp;quot;]/label&amp;apos; in &amp;apos;30&amp;apos; second(s)</message>
  <nestedLevel>1</nestedLevel>
</record>
