<?xml version="1.0" encoding="UTF-8" standalone="no"?>
<!DOCTYPE log SYSTEM "logger.dtd">
<log>
<record>
  <date>2018-01-17T17:46:01</date>
  <millis>1516191361991</millis>
  <sequence>0</sequence>
  <level>START</level>
  <class>com.kms.katalon.core.logging.KeywordLogger</class>
  <method>startSuite</method>
  <thread>1</thread>
  <message>Start Test Suite : PPE</message>
  <nestedLevel>0</nestedLevel>
  <property name="name">PPE</property>
  <property name="description"></property>
  <property name="id">Test Suites/PPE</property>
</record>
<record>
  <date>2018-01-17T17:46:02</date>
  <millis>1516191362028</millis>
  <sequence>1</sequence>
  <level>RUN_DATA</level>
  <class>com.kms.katalon.core.logging.KeywordLogger</class>
  <method>logMessage</method>
  <thread>1</thread>
  <message>Logging run data &amp;apos;hostName&amp;apos; with value &amp;apos;gsalunkhe - CTS-QUA-4.cogitate.india&amp;apos;</message>
  <nestedLevel>0</nestedLevel>
  <property name="hostName">gsalunkhe - CTS-QUA-4.cogitate.india</property>
</record>
<record>
  <date>2018-01-17T17:46:02</date>
  <millis>1516191362029</millis>
  <sequence>2</sequence>
  <level>RUN_DATA</level>
  <class>com.kms.katalon.core.logging.KeywordLogger</class>
  <method>logMessage</method>
  <thread>1</thread>
  <message>Logging run data &amp;apos;os&amp;apos; with value &amp;apos;Windows 7 64bit&amp;apos;</message>
  <nestedLevel>0</nestedLevel>
  <property name="os">Windows 7 64bit</property>
</record>
<record>
  <date>2018-01-17T17:46:02</date>
  <millis>1516191362030</millis>
  <sequence>3</sequence>
  <level>RUN_DATA</level>
  <class>com.kms.katalon.core.logging.KeywordLogger</class>
  <method>logMessage</method>
  <thread>1</thread>
  <message>Logging run data &amp;apos;hostAddress&amp;apos; with value &amp;apos;192.168.0.4&amp;apos;</message>
  <nestedLevel>0</nestedLevel>
  <property name="hostAddress">192.168.0.4</property>
</record>
<record>
  <date>2018-01-17T17:46:02</date>
  <millis>1516191362031</millis>
  <sequence>4</sequence>
  <level>RUN_DATA</level>
  <class>com.kms.katalon.core.logging.KeywordLogger</class>
  <method>logMessage</method>
  <thread>1</thread>
  <message>Logging run data &amp;apos;katalonVersion&amp;apos; with value &amp;apos;5.0.1.1&amp;apos;</message>
  <nestedLevel>0</nestedLevel>
  <property name="katalonVersion">5.0.1.1</property>
</record>
<record>
  <date>2018-01-17T17:46:02</date>
  <millis>1516191362288</millis>
  <sequence>5</sequence>
  <level>START</level>
  <class>com.kms.katalon.core.logging.KeywordLogger</class>
  <method>startTest</method>
  <thread>1</thread>
  <message>Start Test Case : Test Cases/QUOTE_CREATION</message>
  <nestedLevel>1</nestedLevel>
  <property name="name">Test Cases/QUOTE_CREATION</property>
  <property name="description">Agent Quote process</property>
  <property name="id">Test Cases/QUOTE_CREATION</property>
  <property name="source">D:\\Katalon_Practice_Workspace\\Katalon_MitendraTest Cases\\QUOTE_CREATION.tc</property>
  <property name="isOptional">false</property>
</record>
<record>
  <date>2018-01-17T17:46:02</date>
  <millis>1516191362453</millis>
  <sequence>6</sequence>
  <level>INFO</level>
  <class>com.kms.katalon.core.logging.KeywordLogger</class>
  <method>logMessage</method>
  <thread>1</thread>
  <message>Evaluating variables for test case</message>
  <nestedLevel>1</nestedLevel>
</record>
<record>
  <date>2018-01-17T17:46:02</date>
  <millis>1516191362844</millis>
  <sequence>7</sequence>
  <level>START</level>
  <class>com.kms.katalon.core.logging.KeywordLogger</class>
  <method>startKeyword</method>
  <thread>1</thread>
  <message>Start action : openBrowser</message>
  <nestedLevel>1</nestedLevel>
  <property name="startLine">23</property>
  <property name="stepIndex">1</property>
</record>
<record>
  <date>2018-01-17T17:46:03</date>
  <millis>1516191363148</millis>
  <sequence>8</sequence>
  <level>INFO</level>
  <class>com.kms.katalon.core.logging.KeywordLogger</class>
  <method>logMessage</method>
  <thread>1</thread>
  <message>Opening browser</message>
  <nestedLevel>1</nestedLevel>
</record>
<record>
  <date>2018-01-17T17:46:03</date>
  <millis>1516191363156</millis>
  <sequence>9</sequence>
  <level>INFO</level>
  <class>com.kms.katalon.core.logging.KeywordLogger</class>
  <method>logMessage</method>
  <thread>1</thread>
  <message>Starting &amp;apos;Chrome&amp;apos; driver</message>
  <nestedLevel>1</nestedLevel>
</record>
<record>
  <date>2018-01-17T17:46:03</date>
  <millis>1516191363189</millis>
  <sequence>10</sequence>
  <level>INFO</level>
  <class>com.kms.katalon.core.logging.KeywordLogger</class>
  <method>logMessage</method>
  <thread>1</thread>
  <message>Action delay is set to 0 seconds</message>
  <nestedLevel>1</nestedLevel>
</record>
<record>
  <date>2018-01-17T17:46:06</date>
  <millis>1516191366070</millis>
  <sequence>11</sequence>
  <level>RUN_DATA</level>
  <class>com.kms.katalon.core.logging.KeywordLogger</class>
  <method>logMessage</method>
  <thread>1</thread>
  <message>Logging run data &amp;apos;sessionId&amp;apos; with value &amp;apos;7c0ba052e8cc9d00e2f6524bbedd9043&amp;apos;</message>
  <nestedLevel>1</nestedLevel>
  <property name="sessionId">7c0ba052e8cc9d00e2f6524bbedd9043</property>
</record>
<record>
  <date>2018-01-17T17:46:06</date>
  <millis>1516191366094</millis>
  <sequence>12</sequence>
  <level>RUN_DATA</level>
  <class>com.kms.katalon.core.logging.KeywordLogger</class>
  <method>logMessage</method>
  <thread>1</thread>
  <message>Logging run data &amp;apos;browser&amp;apos; with value &amp;apos;Chrome 63.0.3239.132&amp;apos;</message>
  <nestedLevel>1</nestedLevel>
  <property name="browser">Chrome 63.0.3239.132</property>
</record>
<record>
  <date>2018-01-17T17:46:06</date>
  <millis>1516191366095</millis>
  <sequence>13</sequence>
  <level>RUN_DATA</level>
  <class>com.kms.katalon.core.logging.KeywordLogger</class>
  <method>logMessage</method>
  <thread>1</thread>
  <message>Logging run data &amp;apos;platform&amp;apos; with value &amp;apos;Windows 7&amp;apos;</message>
  <nestedLevel>1</nestedLevel>
  <property name="platform">Windows 7</property>
</record>
<record>
  <date>2018-01-17T17:46:06</date>
  <millis>1516191366097</millis>
  <sequence>14</sequence>
  <level>RUN_DATA</level>
  <class>com.kms.katalon.core.logging.KeywordLogger</class>
  <method>logMessage</method>
  <thread>1</thread>
  <message>Logging run data &amp;apos;seleniumVersion&amp;apos; with value &amp;apos;2.53.0&amp;apos;</message>
  <nestedLevel>1</nestedLevel>
  <property name="seleniumVersion">2.53.0</property>
</record>
<record>
  <date>2018-01-17T17:46:06</date>
  <millis>1516191366099</millis>
  <sequence>15</sequence>
  <level>RUN_DATA</level>
  <class>com.kms.katalon.core.logging.KeywordLogger</class>
  <method>logMessage</method>
  <thread>1</thread>
  <message>Logging run data &amp;apos;proxyInformation&amp;apos; with value &amp;apos;ProxyInformation{proxyOption=NO_PROXY, proxyServerType=HTTP, password=, proxyServerAddress=, proxyServerPort=0}&amp;apos;</message>
  <nestedLevel>1</nestedLevel>
  <property name="proxyInformation">ProxyInformation{proxyOption=NO_PROXY, proxyServerType=HTTP, password=, proxyServerAddress=, proxyServerPort=0}</property>
</record>
<record>
  <date>2018-01-17T17:46:06</date>
  <millis>1516191366100</millis>
  <sequence>16</sequence>
  <level>INFO</level>
  <class>com.kms.katalon.core.logging.KeywordLogger</class>
  <method>logMessage</method>
  <thread>1</thread>
  <message>Navigating browser to: &amp;apos;http://13.90.102.191:8066&amp;apos;</message>
  <nestedLevel>1</nestedLevel>
</record>
<record>
  <date>2018-01-17T17:46:09</date>
  <millis>1516191369859</millis>
  <sequence>17</sequence>
  <level>PASSED</level>
  <class>com.kms.katalon.core.logging.KeywordLogger</class>
  <method>logMessage</method>
  <thread>1</thread>
  <message>Browser is opened with url: &amp;apos;http://13.90.102.191:8066&amp;apos;</message>
  <nestedLevel>1</nestedLevel>
</record>
<record>
  <date>2018-01-17T17:46:09</date>
  <millis>1516191369861</millis>
  <sequence>18</sequence>
  <level>END</level>
  <class>com.kms.katalon.core.logging.KeywordLogger</class>
  <method>endKeyword</method>
  <thread>1</thread>
  <message>End action : openBrowser</message>
  <nestedLevel>1</nestedLevel>
</record>
<record>
  <date>2018-01-17T17:46:09</date>
  <millis>1516191369862</millis>
  <sequence>19</sequence>
  <level>START</level>
  <class>com.kms.katalon.core.logging.KeywordLogger</class>
  <method>startKeyword</method>
  <thread>1</thread>
  <message>Start action : maximizeWindow</message>
  <nestedLevel>1</nestedLevel>
  <property name="startLine">25</property>
  <property name="stepIndex">2</property>
</record>
<record>
  <date>2018-01-17T17:46:09</date>
  <millis>1516191369875</millis>
  <sequence>20</sequence>
  <level>INFO</level>
  <class>com.kms.katalon.core.logging.KeywordLogger</class>
  <method>logMessage</method>
  <thread>1</thread>
  <message>Maximizing current window</message>
  <nestedLevel>1</nestedLevel>
</record>
<record>
  <date>2018-01-17T17:46:11</date>
  <millis>1516191371397</millis>
  <sequence>21</sequence>
  <level>PASSED</level>
  <class>com.kms.katalon.core.logging.KeywordLogger</class>
  <method>logMessage</method>
  <thread>1</thread>
  <message>Current window maximized</message>
  <nestedLevel>1</nestedLevel>
</record>
<record>
  <date>2018-01-17T17:46:11</date>
  <millis>1516191371399</millis>
  <sequence>22</sequence>
  <level>END</level>
  <class>com.kms.katalon.core.logging.KeywordLogger</class>
  <method>endKeyword</method>
  <thread>1</thread>
  <message>End action : maximizeWindow</message>
  <nestedLevel>1</nestedLevel>
</record>
<record>
  <date>2018-01-17T17:46:11</date>
  <millis>1516191371399</millis>
  <sequence>23</sequence>
  <level>START</level>
  <class>com.kms.katalon.core.logging.KeywordLogger</class>
  <method>startKeyword</method>
  <thread>1</thread>
  <message>Start action : setText</message>
  <nestedLevel>1</nestedLevel>
  <property name="startLine">27</property>
  <property name="stepIndex">3</property>
</record>
<record>
  <date>2018-01-17T17:46:11</date>
  <millis>1516191371403</millis>
  <sequence>24</sequence>
  <level>INFO</level>
  <class>com.kms.katalon.core.logging.KeywordLogger</class>
  <method>logMessage</method>
  <thread>1</thread>
  <message>Finding Test Object with id &amp;apos;Object Repository/Quote_OR/txtfield_USERNAME&amp;apos;</message>
  <nestedLevel>1</nestedLevel>
</record>
<record>
  <date>2018-01-17T17:46:11</date>
  <millis>1516191371419</millis>
  <sequence>25</sequence>
  <level>INFO</level>
  <class>com.kms.katalon.core.logging.KeywordLogger</class>
  <method>logMessage</method>
  <thread>1</thread>
  <message>Checking object</message>
  <nestedLevel>1</nestedLevel>
</record>
<record>
  <date>2018-01-17T17:46:11</date>
  <millis>1516191371420</millis>
  <sequence>26</sequence>
  <level>INFO</level>
  <class>com.kms.katalon.core.logging.KeywordLogger</class>
  <method>logMessage</method>
  <thread>1</thread>
  <message>Checking text</message>
  <nestedLevel>1</nestedLevel>
</record>
<record>
  <date>2018-01-17T17:46:11</date>
  <millis>1516191371420</millis>
  <sequence>27</sequence>
  <level>INFO</level>
  <class>com.kms.katalon.core.logging.KeywordLogger</class>
  <method>logMessage</method>
  <thread>1</thread>
  <message>Checking timeout</message>
  <nestedLevel>1</nestedLevel>
</record>
<record>
  <date>2018-01-17T17:46:11</date>
  <millis>1516191371423</millis>
  <sequence>28</sequence>
  <level>INFO</level>
  <class>com.kms.katalon.core.logging.KeywordLogger</class>
  <method>logMessage</method>
  <thread>1</thread>
  <message>Finding web element with id: &amp;apos;Object Repository/Quote_OR/txtfield_USERNAME&amp;apos; located by &amp;apos;By.xpath: //*[@id=\&amp;quot;txtUserName\&amp;quot;]&amp;apos; in &amp;apos;30&amp;apos; second(s)</message>
  <nestedLevel>1</nestedLevel>
</record>
<record>
  <date>2018-01-17T17:46:11</date>
  <millis>1516191371494</millis>
  <sequence>29</sequence>
  <level>INFO</level>
  <class>com.kms.katalon.core.logging.KeywordLogger</class>
  <method>logMessage</method>
  <thread>1</thread>
  <message>Found 1 web elements with id: &amp;apos;Object Repository/Quote_OR/txtfield_USERNAME&amp;apos; located by &amp;apos;By.xpath: //*[@id=\&amp;quot;txtUserName\&amp;quot;]&amp;apos; in &amp;apos;30&amp;apos; second(s)</message>
  <nestedLevel>1</nestedLevel>
</record>
<record>
  <date>2018-01-17T17:46:11</date>
  <millis>1516191371496</millis>
  <sequence>30</sequence>
  <level>INFO</level>
  <class>com.kms.katalon.core.logging.KeywordLogger</class>
  <method>logMessage</method>
  <thread>1</thread>
  <message>Clearing text of object &amp;apos;Object Repository/Quote_OR/txtfield_USERNAME&amp;apos;</message>
  <nestedLevel>1</nestedLevel>
</record>
<record>
  <date>2018-01-17T17:46:11</date>
  <millis>1516191371567</millis>
  <sequence>31</sequence>
  <level>INFO</level>
  <class>com.kms.katalon.core.logging.KeywordLogger</class>
  <method>logMessage</method>
  <thread>1</thread>
  <message>Checking timeout</message>
  <nestedLevel>1</nestedLevel>
</record>
<record>
  <date>2018-01-17T17:46:11</date>
  <millis>1516191371571</millis>
  <sequence>32</sequence>
  <level>INFO</level>
  <class>com.kms.katalon.core.logging.KeywordLogger</class>
  <method>logMessage</method>
  <thread>1</thread>
  <message>Finding web element with id: &amp;apos;Object Repository/Quote_OR/txtfield_USERNAME&amp;apos; located by &amp;apos;By.xpath: //*[@id=\&amp;quot;txtUserName\&amp;quot;]&amp;apos; in &amp;apos;30&amp;apos; second(s)</message>
  <nestedLevel>1</nestedLevel>
</record>
<record>
  <date>2018-01-17T17:46:11</date>
  <millis>1516191371625</millis>
  <sequence>33</sequence>
  <level>INFO</level>
  <class>com.kms.katalon.core.logging.KeywordLogger</class>
  <method>logMessage</method>
  <thread>1</thread>
  <message>Found 1 web elements with id: &amp;apos;Object Repository/Quote_OR/txtfield_USERNAME&amp;apos; located by &amp;apos;By.xpath: //*[@id=\&amp;quot;txtUserName\&amp;quot;]&amp;apos; in &amp;apos;30&amp;apos; second(s)</message>
  <nestedLevel>1</nestedLevel>
</record>
<record>
  <date>2018-01-17T17:46:11</date>
  <millis>1516191371630</millis>
  <sequence>34</sequence>
  <level>INFO</level>
  <class>com.kms.katalon.core.logging.KeywordLogger</class>
  <method>logMessage</method>
  <thread>1</thread>
  <message>Setting text of object &amp;apos;Object Repository/Quote_OR/txtfield_USERNAME&amp;apos; to value &amp;apos;ih.chelms&amp;apos;</message>
  <nestedLevel>1</nestedLevel>
</record>
<record>
  <date>2018-01-17T17:46:11</date>
  <millis>1516191371735</millis>
  <sequence>35</sequence>
  <level>PASSED</level>
  <class>com.kms.katalon.core.logging.KeywordLogger</class>
  <method>logMessage</method>
  <thread>1</thread>
  <message>Text &amp;apos;ih.chelms&amp;apos; is set on object &amp;apos;Object Repository/Quote_OR/txtfield_USERNAME&amp;apos;</message>
  <nestedLevel>1</nestedLevel>
</record>
<record>
  <date>2018-01-17T17:46:11</date>
  <millis>1516191371736</millis>
  <sequence>36</sequence>
  <level>END</level>
  <class>com.kms.katalon.core.logging.KeywordLogger</class>
  <method>endKeyword</method>
  <thread>1</thread>
  <message>End action : setText</message>
  <nestedLevel>1</nestedLevel>
</record>
<record>
  <date>2018-01-17T17:46:11</date>
  <millis>1516191371736</millis>
  <sequence>37</sequence>
  <level>START</level>
  <class>com.kms.katalon.core.logging.KeywordLogger</class>
  <method>startKeyword</method>
  <thread>1</thread>
  <message>Start action : setText</message>
  <nestedLevel>1</nestedLevel>
  <property name="startLine">29</property>
  <property name="stepIndex">4</property>
</record>
<record>
  <date>2018-01-17T17:46:11</date>
  <millis>1516191371737</millis>
  <sequence>38</sequence>
  <level>INFO</level>
  <class>com.kms.katalon.core.logging.KeywordLogger</class>
  <method>logMessage</method>
  <thread>1</thread>
  <message>Finding Test Object with id &amp;apos;Object Repository/Quote_OR/txtfield_PASSWORD&amp;apos;</message>
  <nestedLevel>1</nestedLevel>
</record>
<record>
  <date>2018-01-17T17:46:11</date>
  <millis>1516191371743</millis>
  <sequence>39</sequence>
  <level>INFO</level>
  <class>com.kms.katalon.core.logging.KeywordLogger</class>
  <method>logMessage</method>
  <thread>1</thread>
  <message>Checking object</message>
  <nestedLevel>1</nestedLevel>
</record>
<record>
  <date>2018-01-17T17:46:11</date>
  <millis>1516191371744</millis>
  <sequence>40</sequence>
  <level>INFO</level>
  <class>com.kms.katalon.core.logging.KeywordLogger</class>
  <method>logMessage</method>
  <thread>1</thread>
  <message>Checking text</message>
  <nestedLevel>1</nestedLevel>
</record>
<record>
  <date>2018-01-17T17:46:11</date>
  <millis>1516191371745</millis>
  <sequence>41</sequence>
  <level>INFO</level>
  <class>com.kms.katalon.core.logging.KeywordLogger</class>
  <method>logMessage</method>
  <thread>1</thread>
  <message>Checking timeout</message>
  <nestedLevel>1</nestedLevel>
</record>
<record>
  <date>2018-01-17T17:46:11</date>
  <millis>1516191371747</millis>
  <sequence>42</sequence>
  <level>INFO</level>
  <class>com.kms.katalon.core.logging.KeywordLogger</class>
  <method>logMessage</method>
  <thread>1</thread>
  <message>Finding web element with id: &amp;apos;Object Repository/Quote_OR/txtfield_PASSWORD&amp;apos; located by &amp;apos;By.xpath: //input[count(. | //*[@id = &amp;apos;txtPassword&amp;apos;]) = count(//*[@id = &amp;apos;txtPassword&amp;apos;])][count(. | //*[@type = &amp;apos;password&amp;apos;]) = count(//*[@type = &amp;apos;password&amp;apos;])][count(. | //*[@placeholder = &amp;apos;Password&amp;apos;]) = count(//*[@placeholder = &amp;apos;Password&amp;apos;])][count(. | //*[@name = &amp;apos;password&amp;apos;]) = count(//*[@name = &amp;apos;password&amp;apos;])][count(. | //*[@class = &amp;apos;form-control&amp;apos;]) = count(//*[@class = &amp;apos;form-control&amp;apos;])][count(. | //*[@maxlength = &amp;apos;25&amp;apos;]) = count(//*[@maxlength = &amp;apos;25&amp;apos;])][count(. | //*[@autocomplete = &amp;apos;new-password&amp;apos;]) = count(//*[@autocomplete = &amp;apos;new-password&amp;apos;])][count(. | id(\&amp;quot;txtPassword\&amp;quot;)) = count(id(\&amp;quot;txtPassword\&amp;quot;))]&amp;apos; in &amp;apos;30&amp;apos; second(s)</message>
  <nestedLevel>1</nestedLevel>
</record>
<record>
  <date>2018-01-17T17:46:11</date>
  <millis>1516191371772</millis>
  <sequence>43</sequence>
  <level>INFO</level>
  <class>com.kms.katalon.core.logging.KeywordLogger</class>
  <method>logMessage</method>
  <thread>1</thread>
  <message>Found 1 web elements with id: &amp;apos;Object Repository/Quote_OR/txtfield_PASSWORD&amp;apos; located by &amp;apos;By.xpath: //input[count(. | //*[@id = &amp;apos;txtPassword&amp;apos;]) = count(//*[@id = &amp;apos;txtPassword&amp;apos;])][count(. | //*[@type = &amp;apos;password&amp;apos;]) = count(//*[@type = &amp;apos;password&amp;apos;])][count(. | //*[@placeholder = &amp;apos;Password&amp;apos;]) = count(//*[@placeholder = &amp;apos;Password&amp;apos;])][count(. | //*[@name = &amp;apos;password&amp;apos;]) = count(//*[@name = &amp;apos;password&amp;apos;])][count(. | //*[@class = &amp;apos;form-control&amp;apos;]) = count(//*[@class = &amp;apos;form-control&amp;apos;])][count(. | //*[@maxlength = &amp;apos;25&amp;apos;]) = count(//*[@maxlength = &amp;apos;25&amp;apos;])][count(. | //*[@autocomplete = &amp;apos;new-password&amp;apos;]) = count(//*[@autocomplete = &amp;apos;new-password&amp;apos;])][count(. | id(\&amp;quot;txtPassword\&amp;quot;)) = count(id(\&amp;quot;txtPassword\&amp;quot;))]&amp;apos; in &amp;apos;30&amp;apos; second(s)</message>
  <nestedLevel>1</nestedLevel>
</record>
<record>
  <date>2018-01-17T17:46:11</date>
  <millis>1516191371773</millis>
  <sequence>44</sequence>
  <level>INFO</level>
  <class>com.kms.katalon.core.logging.KeywordLogger</class>
  <method>logMessage</method>
  <thread>1</thread>
  <message>Clearing text of object &amp;apos;Object Repository/Quote_OR/txtfield_PASSWORD&amp;apos;</message>
  <nestedLevel>1</nestedLevel>
</record>
<record>
  <date>2018-01-17T17:46:11</date>
  <millis>1516191371808</millis>
  <sequence>45</sequence>
  <level>INFO</level>
  <class>com.kms.katalon.core.logging.KeywordLogger</class>
  <method>logMessage</method>
  <thread>1</thread>
  <message>Checking timeout</message>
  <nestedLevel>1</nestedLevel>
</record>
<record>
  <date>2018-01-17T17:46:11</date>
  <millis>1516191371810</millis>
  <sequence>46</sequence>
  <level>INFO</level>
  <class>com.kms.katalon.core.logging.KeywordLogger</class>
  <method>logMessage</method>
  <thread>1</thread>
  <message>Finding web element with id: &amp;apos;Object Repository/Quote_OR/txtfield_PASSWORD&amp;apos; located by &amp;apos;By.xpath: //input[count(. | //*[@id = &amp;apos;txtPassword&amp;apos;]) = count(//*[@id = &amp;apos;txtPassword&amp;apos;])][count(. | //*[@type = &amp;apos;password&amp;apos;]) = count(//*[@type = &amp;apos;password&amp;apos;])][count(. | //*[@placeholder = &amp;apos;Password&amp;apos;]) = count(//*[@placeholder = &amp;apos;Password&amp;apos;])][count(. | //*[@name = &amp;apos;password&amp;apos;]) = count(//*[@name = &amp;apos;password&amp;apos;])][count(. | //*[@class = &amp;apos;form-control&amp;apos;]) = count(//*[@class = &amp;apos;form-control&amp;apos;])][count(. | //*[@maxlength = &amp;apos;25&amp;apos;]) = count(//*[@maxlength = &amp;apos;25&amp;apos;])][count(. | //*[@autocomplete = &amp;apos;new-password&amp;apos;]) = count(//*[@autocomplete = &amp;apos;new-password&amp;apos;])][count(. | id(\&amp;quot;txtPassword\&amp;quot;)) = count(id(\&amp;quot;txtPassword\&amp;quot;))]&amp;apos; in &amp;apos;30&amp;apos; second(s)</message>
  <nestedLevel>1</nestedLevel>
</record>
<record>
  <date>2018-01-17T17:46:11</date>
  <millis>1516191371834</millis>
  <sequence>47</sequence>
  <level>INFO</level>
  <class>com.kms.katalon.core.logging.KeywordLogger</class>
  <method>logMessage</method>
  <thread>1</thread>
  <message>Found 1 web elements with id: &amp;apos;Object Repository/Quote_OR/txtfield_PASSWORD&amp;apos; located by &amp;apos;By.xpath: //input[count(. | //*[@id = &amp;apos;txtPassword&amp;apos;]) = count(//*[@id = &amp;apos;txtPassword&amp;apos;])][count(. | //*[@type = &amp;apos;password&amp;apos;]) = count(//*[@type = &amp;apos;password&amp;apos;])][count(. | //*[@placeholder = &amp;apos;Password&amp;apos;]) = count(//*[@placeholder = &amp;apos;Password&amp;apos;])][count(. | //*[@name = &amp;apos;password&amp;apos;]) = count(//*[@name = &amp;apos;password&amp;apos;])][count(. | //*[@class = &amp;apos;form-control&amp;apos;]) = count(//*[@class = &amp;apos;form-control&amp;apos;])][count(. | //*[@maxlength = &amp;apos;25&amp;apos;]) = count(//*[@maxlength = &amp;apos;25&amp;apos;])][count(. | //*[@autocomplete = &amp;apos;new-password&amp;apos;]) = count(//*[@autocomplete = &amp;apos;new-password&amp;apos;])][count(. | id(\&amp;quot;txtPassword\&amp;quot;)) = count(id(\&amp;quot;txtPassword\&amp;quot;))]&amp;apos; in &amp;apos;30&amp;apos; second(s)</message>
  <nestedLevel>1</nestedLevel>
</record>
<record>
  <date>2018-01-17T17:46:11</date>
  <millis>1516191371837</millis>
  <sequence>48</sequence>
  <level>INFO</level>
  <class>com.kms.katalon.core.logging.KeywordLogger</class>
  <method>logMessage</method>
  <thread>1</thread>
  <message>Setting text of object &amp;apos;Object Repository/Quote_OR/txtfield_PASSWORD&amp;apos; to value &amp;apos;10#Hammer&amp;apos;</message>
  <nestedLevel>1</nestedLevel>
</record>
<record>
  <date>2018-01-17T17:46:11</date>
  <millis>1516191371921</millis>
  <sequence>49</sequence>
  <level>PASSED</level>
  <class>com.kms.katalon.core.logging.KeywordLogger</class>
  <method>logMessage</method>
  <thread>1</thread>
  <message>Text &amp;apos;10#Hammer&amp;apos; is set on object &amp;apos;Object Repository/Quote_OR/txtfield_PASSWORD&amp;apos;</message>
  <nestedLevel>1</nestedLevel>
</record>
<record>
  <date>2018-01-17T17:46:11</date>
  <millis>1516191371921</millis>
  <sequence>50</sequence>
  <level>END</level>
  <class>com.kms.katalon.core.logging.KeywordLogger</class>
  <method>endKeyword</method>
  <thread>1</thread>
  <message>End action : setText</message>
  <nestedLevel>1</nestedLevel>
</record>
<record>
  <date>2018-01-17T17:46:11</date>
  <millis>1516191371922</millis>
  <sequence>51</sequence>
  <level>START</level>
  <class>com.kms.katalon.core.logging.KeywordLogger</class>
  <method>startKeyword</method>
  <thread>1</thread>
  <message>Start action : click</message>
  <nestedLevel>1</nestedLevel>
  <property name="startLine">31</property>
  <property name="stepIndex">5</property>
</record>
<record>
  <date>2018-01-17T17:46:11</date>
  <millis>1516191371923</millis>
  <sequence>52</sequence>
  <level>INFO</level>
  <class>com.kms.katalon.core.logging.KeywordLogger</class>
  <method>logMessage</method>
  <thread>1</thread>
  <message>Finding Test Object with id &amp;apos;Object Repository/Quote_OR/btn-LOGIN&amp;apos;</message>
  <nestedLevel>1</nestedLevel>
</record>
<record>
  <date>2018-01-17T17:46:11</date>
  <millis>1516191371945</millis>
  <sequence>53</sequence>
  <level>INFO</level>
  <class>com.kms.katalon.core.logging.KeywordLogger</class>
  <method>logMessage</method>
  <thread>1</thread>
  <message>Checking object</message>
  <nestedLevel>1</nestedLevel>
</record>
<record>
  <date>2018-01-17T17:46:11</date>
  <millis>1516191371945</millis>
  <sequence>54</sequence>
  <level>INFO</level>
  <class>com.kms.katalon.core.logging.KeywordLogger</class>
  <method>logMessage</method>
  <thread>1</thread>
  <message>Checking timeout</message>
  <nestedLevel>1</nestedLevel>
</record>
<record>
  <date>2018-01-17T17:46:11</date>
  <millis>1516191371946</millis>
  <sequence>55</sequence>
  <level>INFO</level>
  <class>com.kms.katalon.core.logging.KeywordLogger</class>
  <method>logMessage</method>
  <thread>1</thread>
  <message>Finding web element with id: &amp;apos;Object Repository/Quote_OR/btn-LOGIN&amp;apos; located by &amp;apos;By.xpath: //*[@id=\&amp;quot;btnSubmit\&amp;quot;]&amp;apos; in &amp;apos;30&amp;apos; second(s)</message>
  <nestedLevel>1</nestedLevel>
</record>
<record>
  <date>2018-01-17T17:46:11</date>
  <millis>1516191371971</millis>
  <sequence>56</sequence>
  <level>INFO</level>
  <class>com.kms.katalon.core.logging.KeywordLogger</class>
  <method>logMessage</method>
  <thread>1</thread>
  <message>Found 1 web elements with id: &amp;apos;Object Repository/Quote_OR/btn-LOGIN&amp;apos; located by &amp;apos;By.xpath: //*[@id=\&amp;quot;btnSubmit\&amp;quot;]&amp;apos; in &amp;apos;30&amp;apos; second(s)</message>
  <nestedLevel>1</nestedLevel>
</record>
<record>
  <date>2018-01-17T17:46:11</date>
  <millis>1516191371972</millis>
  <sequence>57</sequence>
  <level>INFO</level>
  <class>com.kms.katalon.core.logging.KeywordLogger</class>
  <method>logMessage</method>
  <thread>1</thread>
  <message>Clicking on object: &amp;apos;Object Repository/Quote_OR/btn-LOGIN&amp;apos;</message>
  <nestedLevel>1</nestedLevel>
</record>
<record>
  <date>2018-01-17T17:46:14</date>
  <millis>1516191374676</millis>
  <sequence>58</sequence>
  <level>PASSED</level>
  <class>com.kms.katalon.core.logging.KeywordLogger</class>
  <method>logMessage</method>
  <thread>1</thread>
  <message>Object: &amp;apos;Object Repository/Quote_OR/btn-LOGIN&amp;apos; is clicked on</message>
  <nestedLevel>1</nestedLevel>
</record>
<record>
  <date>2018-01-17T17:46:14</date>
  <millis>1516191374677</millis>
  <sequence>59</sequence>
  <level>END</level>
  <class>com.kms.katalon.core.logging.KeywordLogger</class>
  <method>endKeyword</method>
  <thread>1</thread>
  <message>End action : click</message>
  <nestedLevel>1</nestedLevel>
</record>
<record>
  <date>2018-01-17T17:46:14</date>
  <millis>1516191374677</millis>
  <sequence>60</sequence>
  <level>START</level>
  <class>com.kms.katalon.core.logging.KeywordLogger</class>
  <method>startKeyword</method>
  <thread>1</thread>
  <message>Start action : setText</message>
  <nestedLevel>1</nestedLevel>
  <property name="startLine">33</property>
  <property name="stepIndex">6</property>
</record>
<record>
  <date>2018-01-17T17:46:14</date>
  <millis>1516191374678</millis>
  <sequence>61</sequence>
  <level>INFO</level>
  <class>com.kms.katalon.core.logging.KeywordLogger</class>
  <method>logMessage</method>
  <thread>1</thread>
  <message>Finding Test Object with id &amp;apos;Object Repository/Quote_OR/txtfield_ADDRESS_ON_LANDING_PAGE&amp;apos;</message>
  <nestedLevel>1</nestedLevel>
</record>
<record>
  <date>2018-01-17T17:46:14</date>
  <millis>1516191374689</millis>
  <sequence>62</sequence>
  <level>INFO</level>
  <class>com.kms.katalon.core.logging.KeywordLogger</class>
  <method>logMessage</method>
  <thread>1</thread>
  <message>Checking object</message>
  <nestedLevel>1</nestedLevel>
</record>
<record>
  <date>2018-01-17T17:46:14</date>
  <millis>1516191374690</millis>
  <sequence>63</sequence>
  <level>INFO</level>
  <class>com.kms.katalon.core.logging.KeywordLogger</class>
  <method>logMessage</method>
  <thread>1</thread>
  <message>Checking text</message>
  <nestedLevel>1</nestedLevel>
</record>
<record>
  <date>2018-01-17T17:46:14</date>
  <millis>1516191374690</millis>
  <sequence>64</sequence>
  <level>INFO</level>
  <class>com.kms.katalon.core.logging.KeywordLogger</class>
  <method>logMessage</method>
  <thread>1</thread>
  <message>Checking timeout</message>
  <nestedLevel>1</nestedLevel>
</record>
<record>
  <date>2018-01-17T17:46:14</date>
  <millis>1516191374691</millis>
  <sequence>65</sequence>
  <level>INFO</level>
  <class>com.kms.katalon.core.logging.KeywordLogger</class>
  <method>logMessage</method>
  <thread>1</thread>
  <message>Finding web element with id: &amp;apos;Object Repository/Quote_OR/txtfield_ADDRESS_ON_LANDING_PAGE&amp;apos; located by &amp;apos;By.xpath: //input[count(. | //*[@class = &amp;apos;form-control searchBar&amp;apos;]) = count(//*[@class = &amp;apos;form-control searchBar&amp;apos;])][count(. | //*[@data-val = &amp;apos;true&amp;apos;]) = count(//*[@data-val = &amp;apos;true&amp;apos;])][count(. | //*[@data-val-required = &amp;apos;The formattedAddress field is required.&amp;apos;]) = count(//*[@data-val-required = &amp;apos;The formattedAddress field is required.&amp;apos;])][count(. | //*[@id = &amp;apos;txtAddressAutoComplete&amp;apos;]) = count(//*[@id = &amp;apos;txtAddressAutoComplete&amp;apos;])][count(. | //*[@maxlength = &amp;apos;100&amp;apos;]) = count(//*[@maxlength = &amp;apos;100&amp;apos;])][count(. | //*[@name = &amp;apos;formattedAddress&amp;apos;]) = count(//*[@name = &amp;apos;formattedAddress&amp;apos;])][count(. | //*[@placeholder = &amp;apos;Search address:&amp;apos;]) = count(//*[@placeholder = &amp;apos;Search address:&amp;apos;])][count(. | //*[@type = &amp;apos;text&amp;apos;]) = count(//*[@type = &amp;apos;text&amp;apos;])][count(. | //*[@autocomplete = &amp;apos;off&amp;apos;]) = count(//*[@autocomplete = &amp;apos;off&amp;apos;])][count(. | id(\&amp;quot;txtAddressAutoComplete\&amp;quot;)) = count(id(\&amp;quot;txtAddressAutoComplete\&amp;quot;))]&amp;apos; in &amp;apos;30&amp;apos; second(s)</message>
  <nestedLevel>1</nestedLevel>
</record>
<record>
  <date>2018-01-17T17:46:14</date>
  <millis>1516191374736</millis>
  <sequence>66</sequence>
  <level>INFO</level>
  <class>com.kms.katalon.core.logging.KeywordLogger</class>
  <method>logMessage</method>
  <thread>1</thread>
  <message>Found 1 web elements with id: &amp;apos;Object Repository/Quote_OR/txtfield_ADDRESS_ON_LANDING_PAGE&amp;apos; located by &amp;apos;By.xpath: //input[count(. | //*[@class = &amp;apos;form-control searchBar&amp;apos;]) = count(//*[@class = &amp;apos;form-control searchBar&amp;apos;])][count(. | //*[@data-val = &amp;apos;true&amp;apos;]) = count(//*[@data-val = &amp;apos;true&amp;apos;])][count(. | //*[@data-val-required = &amp;apos;The formattedAddress field is required.&amp;apos;]) = count(//*[@data-val-required = &amp;apos;The formattedAddress field is required.&amp;apos;])][count(. | //*[@id = &amp;apos;txtAddressAutoComplete&amp;apos;]) = count(//*[@id = &amp;apos;txtAddressAutoComplete&amp;apos;])][count(. | //*[@maxlength = &amp;apos;100&amp;apos;]) = count(//*[@maxlength = &amp;apos;100&amp;apos;])][count(. | //*[@name = &amp;apos;formattedAddress&amp;apos;]) = count(//*[@name = &amp;apos;formattedAddress&amp;apos;])][count(. | //*[@placeholder = &amp;apos;Search address:&amp;apos;]) = count(//*[@placeholder = &amp;apos;Search address:&amp;apos;])][count(. | //*[@type = &amp;apos;text&amp;apos;]) = count(//*[@type = &amp;apos;text&amp;apos;])][count(. | //*[@autocomplete = &amp;apos;off&amp;apos;]) = count(//*[@autocomplete = &amp;apos;off&amp;apos;])][count(. | id(\&amp;quot;txtAddressAutoComplete\&amp;quot;)) = count(id(\&amp;quot;txtAddressAutoComplete\&amp;quot;))]&amp;apos; in &amp;apos;30&amp;apos; second(s)</message>
  <nestedLevel>1</nestedLevel>
</record>
<record>
  <date>2018-01-17T17:46:14</date>
  <millis>1516191374737</millis>
  <sequence>67</sequence>
  <level>INFO</level>
  <class>com.kms.katalon.core.logging.KeywordLogger</class>
  <method>logMessage</method>
  <thread>1</thread>
  <message>Clearing text of object &amp;apos;Object Repository/Quote_OR/txtfield_ADDRESS_ON_LANDING_PAGE&amp;apos;</message>
  <nestedLevel>1</nestedLevel>
</record>
<record>
  <date>2018-01-17T17:46:14</date>
  <millis>1516191374760</millis>
  <sequence>68</sequence>
  <level>INFO</level>
  <class>com.kms.katalon.core.logging.KeywordLogger</class>
  <method>logMessage</method>
  <thread>1</thread>
  <message>Checking timeout</message>
  <nestedLevel>1</nestedLevel>
</record>
<record>
  <date>2018-01-17T17:46:14</date>
  <millis>1516191374761</millis>
  <sequence>69</sequence>
  <level>INFO</level>
  <class>com.kms.katalon.core.logging.KeywordLogger</class>
  <method>logMessage</method>
  <thread>1</thread>
  <message>Finding web element with id: &amp;apos;Object Repository/Quote_OR/txtfield_ADDRESS_ON_LANDING_PAGE&amp;apos; located by &amp;apos;By.xpath: //input[count(. | //*[@class = &amp;apos;form-control searchBar&amp;apos;]) = count(//*[@class = &amp;apos;form-control searchBar&amp;apos;])][count(. | //*[@data-val = &amp;apos;true&amp;apos;]) = count(//*[@data-val = &amp;apos;true&amp;apos;])][count(. | //*[@data-val-required = &amp;apos;The formattedAddress field is required.&amp;apos;]) = count(//*[@data-val-required = &amp;apos;The formattedAddress field is required.&amp;apos;])][count(. | //*[@id = &amp;apos;txtAddressAutoComplete&amp;apos;]) = count(//*[@id = &amp;apos;txtAddressAutoComplete&amp;apos;])][count(. | //*[@maxlength = &amp;apos;100&amp;apos;]) = count(//*[@maxlength = &amp;apos;100&amp;apos;])][count(. | //*[@name = &amp;apos;formattedAddress&amp;apos;]) = count(//*[@name = &amp;apos;formattedAddress&amp;apos;])][count(. | //*[@placeholder = &amp;apos;Search address:&amp;apos;]) = count(//*[@placeholder = &amp;apos;Search address:&amp;apos;])][count(. | //*[@type = &amp;apos;text&amp;apos;]) = count(//*[@type = &amp;apos;text&amp;apos;])][count(. | //*[@autocomplete = &amp;apos;off&amp;apos;]) = count(//*[@autocomplete = &amp;apos;off&amp;apos;])][count(. | id(\&amp;quot;txtAddressAutoComplete\&amp;quot;)) = count(id(\&amp;quot;txtAddressAutoComplete\&amp;quot;))]&amp;apos; in &amp;apos;30&amp;apos; second(s)</message>
  <nestedLevel>1</nestedLevel>
</record>
<record>
  <date>2018-01-17T17:46:14</date>
  <millis>1516191374803</millis>
  <sequence>70</sequence>
  <level>INFO</level>
  <class>com.kms.katalon.core.logging.KeywordLogger</class>
  <method>logMessage</method>
  <thread>1</thread>
  <message>Found 1 web elements with id: &amp;apos;Object Repository/Quote_OR/txtfield_ADDRESS_ON_LANDING_PAGE&amp;apos; located by &amp;apos;By.xpath: //input[count(. | //*[@class = &amp;apos;form-control searchBar&amp;apos;]) = count(//*[@class = &amp;apos;form-control searchBar&amp;apos;])][count(. | //*[@data-val = &amp;apos;true&amp;apos;]) = count(//*[@data-val = &amp;apos;true&amp;apos;])][count(. | //*[@data-val-required = &amp;apos;The formattedAddress field is required.&amp;apos;]) = count(//*[@data-val-required = &amp;apos;The formattedAddress field is required.&amp;apos;])][count(. | //*[@id = &amp;apos;txtAddressAutoComplete&amp;apos;]) = count(//*[@id = &amp;apos;txtAddressAutoComplete&amp;apos;])][count(. | //*[@maxlength = &amp;apos;100&amp;apos;]) = count(//*[@maxlength = &amp;apos;100&amp;apos;])][count(. | //*[@name = &amp;apos;formattedAddress&amp;apos;]) = count(//*[@name = &amp;apos;formattedAddress&amp;apos;])][count(. | //*[@placeholder = &amp;apos;Search address:&amp;apos;]) = count(//*[@placeholder = &amp;apos;Search address:&amp;apos;])][count(. | //*[@type = &amp;apos;text&amp;apos;]) = count(//*[@type = &amp;apos;text&amp;apos;])][count(. | //*[@autocomplete = &amp;apos;off&amp;apos;]) = count(//*[@autocomplete = &amp;apos;off&amp;apos;])][count(. | id(\&amp;quot;txtAddressAutoComplete\&amp;quot;)) = count(id(\&amp;quot;txtAddressAutoComplete\&amp;quot;))]&amp;apos; in &amp;apos;30&amp;apos; second(s)</message>
  <nestedLevel>1</nestedLevel>
</record>
<record>
  <date>2018-01-17T17:46:14</date>
  <millis>1516191374805</millis>
  <sequence>71</sequence>
  <level>INFO</level>
  <class>com.kms.katalon.core.logging.KeywordLogger</class>
  <method>logMessage</method>
  <thread>1</thread>
  <message>Setting text of object &amp;apos;Object Repository/Quote_OR/txtfield_ADDRESS_ON_LANDING_PAGE&amp;apos; to value &amp;apos;167 Plum Nelly Rd Athens, GA 30606 USA&amp;apos;</message>
  <nestedLevel>1</nestedLevel>
</record>
<record>
  <date>2018-01-17T17:46:15</date>
  <millis>1516191375058</millis>
  <sequence>72</sequence>
  <level>PASSED</level>
  <class>com.kms.katalon.core.logging.KeywordLogger</class>
  <method>logMessage</method>
  <thread>1</thread>
  <message>Text &amp;apos;167 Plum Nelly Rd Athens, GA 30606 USA&amp;apos; is set on object &amp;apos;Object Repository/Quote_OR/txtfield_ADDRESS_ON_LANDING_PAGE&amp;apos;</message>
  <nestedLevel>1</nestedLevel>
</record>
<record>
  <date>2018-01-17T17:46:15</date>
  <millis>1516191375059</millis>
  <sequence>73</sequence>
  <level>END</level>
  <class>com.kms.katalon.core.logging.KeywordLogger</class>
  <method>endKeyword</method>
  <thread>1</thread>
  <message>End action : setText</message>
  <nestedLevel>1</nestedLevel>
</record>
<record>
  <date>2018-01-17T17:46:15</date>
  <millis>1516191375059</millis>
  <sequence>74</sequence>
  <level>START</level>
  <class>com.kms.katalon.core.logging.KeywordLogger</class>
  <method>startKeyword</method>
  <thread>1</thread>
  <message>Start action : click</message>
  <nestedLevel>1</nestedLevel>
  <property name="startLine">35</property>
  <property name="stepIndex">7</property>
</record>
<record>
  <date>2018-01-17T17:46:15</date>
  <millis>1516191375060</millis>
  <sequence>75</sequence>
  <level>INFO</level>
  <class>com.kms.katalon.core.logging.KeywordLogger</class>
  <method>logMessage</method>
  <thread>1</thread>
  <message>Finding Test Object with id &amp;apos;Object Repository/Quote_OR/btn_SEARCH_ADDRESS&amp;apos;</message>
  <nestedLevel>1</nestedLevel>
</record>
<record>
  <date>2018-01-17T17:46:15</date>
  <millis>1516191375065</millis>
  <sequence>76</sequence>
  <level>INFO</level>
  <class>com.kms.katalon.core.logging.KeywordLogger</class>
  <method>logMessage</method>
  <thread>1</thread>
  <message>Checking object</message>
  <nestedLevel>1</nestedLevel>
</record>
<record>
  <date>2018-01-17T17:46:15</date>
  <millis>1516191375065</millis>
  <sequence>77</sequence>
  <level>INFO</level>
  <class>com.kms.katalon.core.logging.KeywordLogger</class>
  <method>logMessage</method>
  <thread>1</thread>
  <message>Checking timeout</message>
  <nestedLevel>1</nestedLevel>
</record>
<record>
  <date>2018-01-17T17:46:15</date>
  <millis>1516191375066</millis>
  <sequence>78</sequence>
  <level>INFO</level>
  <class>com.kms.katalon.core.logging.KeywordLogger</class>
  <method>logMessage</method>
  <thread>1</thread>
  <message>Finding web element with id: &amp;apos;Object Repository/Quote_OR/btn_SEARCH_ADDRESS&amp;apos; located by &amp;apos;By.xpath: //button[count(. | //*[@id = &amp;apos;btnSearchAddress&amp;apos;]) = count(//*[@id = &amp;apos;btnSearchAddress&amp;apos;])][count(. | //*[@class = &amp;apos;btn btn-default&amp;apos;]) = count(//*[@class = &amp;apos;btn btn-default&amp;apos;])][count(. | //*[@type = &amp;apos;button&amp;apos;]) = count(//*[@type = &amp;apos;button&amp;apos;])][count(. | id(\&amp;quot;btnSearchAddress\&amp;quot;)) = count(id(\&amp;quot;btnSearchAddress\&amp;quot;))]&amp;apos; in &amp;apos;30&amp;apos; second(s)</message>
  <nestedLevel>1</nestedLevel>
</record>
<record>
  <date>2018-01-17T17:46:15</date>
  <millis>1516191375087</millis>
  <sequence>79</sequence>
  <level>INFO</level>
  <class>com.kms.katalon.core.logging.KeywordLogger</class>
  <method>logMessage</method>
  <thread>1</thread>
  <message>Found 1 web elements with id: &amp;apos;Object Repository/Quote_OR/btn_SEARCH_ADDRESS&amp;apos; located by &amp;apos;By.xpath: //button[count(. | //*[@id = &amp;apos;btnSearchAddress&amp;apos;]) = count(//*[@id = &amp;apos;btnSearchAddress&amp;apos;])][count(. | //*[@class = &amp;apos;btn btn-default&amp;apos;]) = count(//*[@class = &amp;apos;btn btn-default&amp;apos;])][count(. | //*[@type = &amp;apos;button&amp;apos;]) = count(//*[@type = &amp;apos;button&amp;apos;])][count(. | id(\&amp;quot;btnSearchAddress\&amp;quot;)) = count(id(\&amp;quot;btnSearchAddress\&amp;quot;))]&amp;apos; in &amp;apos;30&amp;apos; second(s)</message>
  <nestedLevel>1</nestedLevel>
</record>
<record>
  <date>2018-01-17T17:46:15</date>
  <millis>1516191375088</millis>
  <sequence>80</sequence>
  <level>INFO</level>
  <class>com.kms.katalon.core.logging.KeywordLogger</class>
  <method>logMessage</method>
  <thread>1</thread>
  <message>Clicking on object: &amp;apos;Object Repository/Quote_OR/btn_SEARCH_ADDRESS&amp;apos;</message>
  <nestedLevel>1</nestedLevel>
</record>
<record>
  <date>2018-01-17T17:46:19</date>
  <millis>1516191379185</millis>
  <sequence>81</sequence>
  <level>PASSED</level>
  <class>com.kms.katalon.core.logging.KeywordLogger</class>
  <method>logMessage</method>
  <thread>1</thread>
  <message>Object: &amp;apos;Object Repository/Quote_OR/btn_SEARCH_ADDRESS&amp;apos; is clicked on</message>
  <nestedLevel>1</nestedLevel>
</record>
<record>
  <date>2018-01-17T17:46:19</date>
  <millis>1516191379186</millis>
  <sequence>82</sequence>
  <level>END</level>
  <class>com.kms.katalon.core.logging.KeywordLogger</class>
  <method>endKeyword</method>
  <thread>1</thread>
  <message>End action : click</message>
  <nestedLevel>1</nestedLevel>
</record>
<record>
  <date>2018-01-17T17:46:19</date>
  <millis>1516191379186</millis>
  <sequence>83</sequence>
  <level>START</level>
  <class>com.kms.katalon.core.logging.KeywordLogger</class>
  <method>startKeyword</method>
  <thread>1</thread>
  <message>Start action : waitForPageLoad</message>
  <nestedLevel>1</nestedLevel>
  <property name="startLine">37</property>
  <property name="stepIndex">8</property>
</record>
<record>
  <date>2018-01-17T17:46:19</date>
  <millis>1516191379209</millis>
  <sequence>84</sequence>
  <level>INFO</level>
  <class>com.kms.katalon.core.logging.KeywordLogger</class>
  <method>logMessage</method>
  <thread>1</thread>
  <message>Checking timeout</message>
  <nestedLevel>1</nestedLevel>
</record>
<record>
  <date>2018-01-17T17:46:19</date>
  <millis>1516191379297</millis>
  <sequence>85</sequence>
  <level>PASSED</level>
  <class>com.kms.katalon.core.logging.KeywordLogger</class>
  <method>logMessage</method>
  <thread>1</thread>
  <message>Wait for page load successfully</message>
  <nestedLevel>1</nestedLevel>
</record>
<record>
  <date>2018-01-17T17:46:19</date>
  <millis>1516191379298</millis>
  <sequence>86</sequence>
  <level>END</level>
  <class>com.kms.katalon.core.logging.KeywordLogger</class>
  <method>endKeyword</method>
  <thread>1</thread>
  <message>End action : waitForPageLoad</message>
  <nestedLevel>1</nestedLevel>
</record>
<record>
  <date>2018-01-17T17:46:19</date>
  <millis>1516191379299</millis>
  <sequence>87</sequence>
  <level>START</level>
  <class>com.kms.katalon.core.logging.KeywordLogger</class>
  <method>startKeyword</method>
  <thread>1</thread>
  <message>Start action : selectOptionByIndex</message>
  <nestedLevel>1</nestedLevel>
  <property name="startLine">39</property>
  <property name="stepIndex">9</property>
</record>
<record>
  <date>2018-01-17T17:46:19</date>
  <millis>1516191379300</millis>
  <sequence>88</sequence>
  <level>INFO</level>
  <class>com.kms.katalon.core.logging.KeywordLogger</class>
  <method>logMessage</method>
  <thread>1</thread>
  <message>Finding Test Object with id &amp;apos;Object Repository/Quote_OR/drp_PROPERTY_TYPE&amp;apos;</message>
  <nestedLevel>1</nestedLevel>
</record>
<record>
  <date>2018-01-17T17:46:19</date>
  <millis>1516191379316</millis>
  <sequence>89</sequence>
  <level>INFO</level>
  <class>com.kms.katalon.core.logging.KeywordLogger</class>
  <method>logMessage</method>
  <thread>1</thread>
  <message>Checking object</message>
  <nestedLevel>1</nestedLevel>
</record>
<record>
  <date>2018-01-17T17:46:19</date>
  <millis>1516191379316</millis>
  <sequence>90</sequence>
  <level>INFO</level>
  <class>com.kms.katalon.core.logging.KeywordLogger</class>
  <method>logMessage</method>
  <thread>1</thread>
  <message>Checking index range</message>
  <nestedLevel>1</nestedLevel>
</record>
<record>
  <date>2018-01-17T17:46:19</date>
  <millis>1516191379317</millis>
  <sequence>91</sequence>
  <level>INFO</level>
  <class>com.kms.katalon.core.logging.KeywordLogger</class>
  <method>logMessage</method>
  <thread>1</thread>
  <message>Converting range parameter &amp;apos;1&amp;apos; to index array</message>
  <nestedLevel>1</nestedLevel>
</record>
<record>
  <date>2018-01-17T17:46:19</date>
  <millis>1516191379318</millis>
  <sequence>92</sequence>
  <level>INFO</level>
  <class>com.kms.katalon.core.logging.KeywordLogger</class>
  <method>logMessage</method>
  <thread>1</thread>
  <message>Range parameter &amp;apos;1&amp;apos; is converted to index array [1]</message>
  <nestedLevel>1</nestedLevel>
</record>
<record>
  <date>2018-01-17T17:46:19</date>
  <millis>1516191379318</millis>
  <sequence>93</sequence>
  <level>INFO</level>
  <class>com.kms.katalon.core.logging.KeywordLogger</class>
  <method>logMessage</method>
  <thread>1</thread>
  <message>Checking timeout</message>
  <nestedLevel>1</nestedLevel>
</record>
<record>
  <date>2018-01-17T17:46:19</date>
  <millis>1516191379319</millis>
  <sequence>94</sequence>
  <level>INFO</level>
  <class>com.kms.katalon.core.logging.KeywordLogger</class>
  <method>logMessage</method>
  <thread>1</thread>
  <message>Finding web element with id: &amp;apos;Object Repository/Quote_OR/drp_PROPERTY_TYPE&amp;apos; located by &amp;apos;By.xpath: //*[@id=\&amp;quot;ddlPropertyType\&amp;quot;]&amp;apos; in &amp;apos;30&amp;apos; second(s)</message>
  <nestedLevel>1</nestedLevel>
</record>
