<?xml version="1.0" encoding="UTF-8" standalone="no"?>
<!DOCTYPE log SYSTEM "logger.dtd">
<log>
<record>
  <date>2018-01-29T16:40:03</date>
  <millis>1517224203538</millis>
  <sequence>0</sequence>
  <level>START</level>
  <class>com.kms.katalon.core.logging.KeywordLogger</class>
  <method>startSuite</method>
  <thread>1</thread>
  <message>Start Test Suite : PPE</message>
  <nestedLevel>0</nestedLevel>
  <property name="name">PPE</property>
  <property name="description"></property>
  <property name="id">Test Suites/PPE</property>
</record>
<record>
  <date>2018-01-29T16:40:03</date>
  <millis>1517224203539</millis>
  <sequence>1</sequence>
  <level>RUN_DATA</level>
  <class>com.kms.katalon.core.logging.KeywordLogger</class>
  <method>logMessage</method>
  <thread>1</thread>
  <message>Logging run data &amp;apos;hostName&amp;apos; with value &amp;apos;gsalunkhe - CTS-QUA-4.cogitate.india&amp;apos;</message>
  <nestedLevel>0</nestedLevel>
  <property name="hostName">gsalunkhe - CTS-QUA-4.cogitate.india</property>
</record>
<record>
  <date>2018-01-29T16:40:03</date>
  <millis>1517224203539</millis>
  <sequence>2</sequence>
  <level>RUN_DATA</level>
  <class>com.kms.katalon.core.logging.KeywordLogger</class>
  <method>logMessage</method>
  <thread>1</thread>
  <message>Logging run data &amp;apos;os&amp;apos; with value &amp;apos;Windows 7 64bit&amp;apos;</message>
  <nestedLevel>0</nestedLevel>
  <property name="os">Windows 7 64bit</property>
</record>
<record>
  <date>2018-01-29T16:40:03</date>
  <millis>1517224203539</millis>
  <sequence>3</sequence>
  <level>RUN_DATA</level>
  <class>com.kms.katalon.core.logging.KeywordLogger</class>
  <method>logMessage</method>
  <thread>1</thread>
  <message>Logging run data &amp;apos;hostAddress&amp;apos; with value &amp;apos;192.168.0.4&amp;apos;</message>
  <nestedLevel>0</nestedLevel>
  <property name="hostAddress">192.168.0.4</property>
</record>
<record>
  <date>2018-01-29T16:40:03</date>
  <millis>1517224203539</millis>
  <sequence>4</sequence>
  <level>RUN_DATA</level>
  <class>com.kms.katalon.core.logging.KeywordLogger</class>
  <method>logMessage</method>
  <thread>1</thread>
  <message>Logging run data &amp;apos;katalonVersion&amp;apos; with value &amp;apos;5.0.1.1&amp;apos;</message>
  <nestedLevel>0</nestedLevel>
  <property name="katalonVersion">5.0.1.1</property>
</record>
<record>
  <date>2018-01-29T16:40:03</date>
  <millis>1517224203886</millis>
  <sequence>5</sequence>
  <level>START</level>
  <class>com.kms.katalon.core.logging.KeywordLogger</class>
  <method>startTest</method>
  <thread>1</thread>
  <message>Start Test Case : Test Cases/QUOTE_CREATION</message>
  <nestedLevel>1</nestedLevel>
  <property name="name">Test Cases/QUOTE_CREATION</property>
  <property name="description">Agent Quote process</property>
  <property name="id">Test Cases/QUOTE_CREATION</property>
  <property name="source">D:\\Katalon_Practice_Workspace\\Katalon_MitendraTest Cases\\QUOTE_CREATION.tc</property>
  <property name="isOptional">false</property>
</record>
<record>
  <date>2018-01-29T16:40:04</date>
  <millis>1517224204041</millis>
  <sequence>6</sequence>
  <level>INFO</level>
  <class>com.kms.katalon.core.logging.KeywordLogger</class>
  <method>logMessage</method>
  <thread>1</thread>
  <message>Evaluating variables for test case</message>
  <nestedLevel>1</nestedLevel>
</record>
<record>
  <date>2018-01-29T16:40:04</date>
  <millis>1517224204363</millis>
  <sequence>7</sequence>
  <level>START</level>
  <class>com.kms.katalon.core.logging.KeywordLogger</class>
  <method>startKeyword</method>
  <thread>1</thread>
  <message>Start action : openBrowser</message>
  <nestedLevel>1</nestedLevel>
  <property name="startLine">10</property>
  <property name="stepIndex">1</property>
</record>
<record>
  <date>2018-01-29T16:40:04</date>
  <millis>1517224204708</millis>
  <sequence>8</sequence>
  <level>INFO</level>
  <class>com.kms.katalon.core.logging.KeywordLogger</class>
  <method>logMessage</method>
  <thread>1</thread>
  <message>Opening browser</message>
  <nestedLevel>1</nestedLevel>
</record>
<record>
  <date>2018-01-29T16:40:04</date>
  <millis>1517224204714</millis>
  <sequence>9</sequence>
  <level>INFO</level>
  <class>com.kms.katalon.core.logging.KeywordLogger</class>
  <method>logMessage</method>
  <thread>1</thread>
  <message>Starting &amp;apos;Chrome&amp;apos; driver</message>
  <nestedLevel>1</nestedLevel>
</record>
<record>
  <date>2018-01-29T16:40:04</date>
  <millis>1517224204771</millis>
  <sequence>10</sequence>
  <level>INFO</level>
  <class>com.kms.katalon.core.logging.KeywordLogger</class>
  <method>logMessage</method>
  <thread>1</thread>
  <message>Action delay is set to 0 seconds</message>
  <nestedLevel>1</nestedLevel>
</record>
<record>
  <date>2018-01-29T16:40:07</date>
  <millis>1517224207583</millis>
  <sequence>11</sequence>
  <level>RUN_DATA</level>
  <class>com.kms.katalon.core.logging.KeywordLogger</class>
  <method>logMessage</method>
  <thread>1</thread>
  <message>Logging run data &amp;apos;sessionId&amp;apos; with value &amp;apos;5ba856ab902653c52f3fd14539eb03ca&amp;apos;</message>
  <nestedLevel>1</nestedLevel>
  <property name="sessionId">5ba856ab902653c52f3fd14539eb03ca</property>
</record>
<record>
  <date>2018-01-29T16:40:07</date>
  <millis>1517224207616</millis>
  <sequence>12</sequence>
  <level>RUN_DATA</level>
  <class>com.kms.katalon.core.logging.KeywordLogger</class>
  <method>logMessage</method>
  <thread>1</thread>
  <message>Logging run data &amp;apos;browser&amp;apos; with value &amp;apos;Chrome 63.0.3239.132&amp;apos;</message>
  <nestedLevel>1</nestedLevel>
  <property name="browser">Chrome 63.0.3239.132</property>
</record>
<record>
  <date>2018-01-29T16:40:07</date>
  <millis>1517224207616</millis>
  <sequence>13</sequence>
  <level>RUN_DATA</level>
  <class>com.kms.katalon.core.logging.KeywordLogger</class>
  <method>logMessage</method>
  <thread>1</thread>
  <message>Logging run data &amp;apos;platform&amp;apos; with value &amp;apos;Windows 7&amp;apos;</message>
  <nestedLevel>1</nestedLevel>
  <property name="platform">Windows 7</property>
</record>
<record>
  <date>2018-01-29T16:40:07</date>
  <millis>1517224207616</millis>
  <sequence>14</sequence>
  <level>RUN_DATA</level>
  <class>com.kms.katalon.core.logging.KeywordLogger</class>
  <method>logMessage</method>
  <thread>1</thread>
  <message>Logging run data &amp;apos;seleniumVersion&amp;apos; with value &amp;apos;2.53.0&amp;apos;</message>
  <nestedLevel>1</nestedLevel>
  <property name="seleniumVersion">2.53.0</property>
</record>
<record>
  <date>2018-01-29T16:40:07</date>
  <millis>1517224207616</millis>
  <sequence>15</sequence>
  <level>RUN_DATA</level>
  <class>com.kms.katalon.core.logging.KeywordLogger</class>
  <method>logMessage</method>
  <thread>1</thread>
  <message>Logging run data &amp;apos;proxyInformation&amp;apos; with value &amp;apos;ProxyInformation{proxyOption=NO_PROXY, proxyServerType=HTTP, password=, proxyServerAddress=, proxyServerPort=0}&amp;apos;</message>
  <nestedLevel>1</nestedLevel>
  <property name="proxyInformation">ProxyInformation{proxyOption=NO_PROXY, proxyServerType=HTTP, password=, proxyServerAddress=, proxyServerPort=0}</property>
</record>
<record>
  <date>2018-01-29T16:40:07</date>
  <millis>1517224207616</millis>
  <sequence>16</sequence>
  <level>INFO</level>
  <class>com.kms.katalon.core.logging.KeywordLogger</class>
  <method>logMessage</method>
  <thread>1</thread>
  <message>Navigating browser to: &amp;apos;http://13.90.102.191:8066&amp;apos;</message>
  <nestedLevel>1</nestedLevel>
</record>
<record>
  <date>2018-01-29T16:40:13</date>
  <millis>1517224213799</millis>
  <sequence>17</sequence>
  <level>PASSED</level>
  <class>com.kms.katalon.core.logging.KeywordLogger</class>
  <method>logMessage</method>
  <thread>1</thread>
  <message>Browser is opened with url: &amp;apos;http://13.90.102.191:8066&amp;apos;</message>
  <nestedLevel>1</nestedLevel>
</record>
<record>
  <date>2018-01-29T16:40:13</date>
  <millis>1517224213800</millis>
  <sequence>18</sequence>
  <level>END</level>
  <class>com.kms.katalon.core.logging.KeywordLogger</class>
  <method>endKeyword</method>
  <thread>1</thread>
  <message>End action : openBrowser</message>
  <nestedLevel>1</nestedLevel>
</record>
<record>
  <date>2018-01-29T16:40:13</date>
  <millis>1517224213800</millis>
  <sequence>19</sequence>
  <level>START</level>
  <class>com.kms.katalon.core.logging.KeywordLogger</class>
  <method>startKeyword</method>
  <thread>1</thread>
  <message>Start action : maximizeWindow</message>
  <nestedLevel>1</nestedLevel>
  <property name="startLine">13</property>
  <property name="stepIndex">2</property>
</record>
<record>
  <date>2018-01-29T16:40:13</date>
  <millis>1517224213838</millis>
  <sequence>20</sequence>
  <level>INFO</level>
  <class>com.kms.katalon.core.logging.KeywordLogger</class>
  <method>logMessage</method>
  <thread>1</thread>
  <message>Maximizing current window</message>
  <nestedLevel>1</nestedLevel>
</record>
<record>
  <date>2018-01-29T16:40:15</date>
  <millis>1517224215252</millis>
  <sequence>21</sequence>
  <level>PASSED</level>
  <class>com.kms.katalon.core.logging.KeywordLogger</class>
  <method>logMessage</method>
  <thread>1</thread>
  <message>Current window maximized</message>
  <nestedLevel>1</nestedLevel>
</record>
<record>
  <date>2018-01-29T16:40:15</date>
  <millis>1517224215253</millis>
  <sequence>22</sequence>
  <level>END</level>
  <class>com.kms.katalon.core.logging.KeywordLogger</class>
  <method>endKeyword</method>
  <thread>1</thread>
  <message>End action : maximizeWindow</message>
  <nestedLevel>1</nestedLevel>
</record>
<record>
  <date>2018-01-29T16:40:15</date>
  <millis>1517224215253</millis>
  <sequence>23</sequence>
  <level>START</level>
  <class>com.kms.katalon.core.logging.KeywordLogger</class>
  <method>startKeyword</method>
  <thread>1</thread>
  <message>Start action : setText</message>
  <nestedLevel>1</nestedLevel>
  <property name="startLine">16</property>
  <property name="stepIndex">3</property>
</record>
<record>
  <date>2018-01-29T16:40:15</date>
  <millis>1517224215267</millis>
  <sequence>24</sequence>
  <level>INFO</level>
  <class>com.kms.katalon.core.logging.KeywordLogger</class>
  <method>logMessage</method>
  <thread>1</thread>
  <message>Finding Test Object with id &amp;apos;Object Repository/Quote_OR/txtfield_USERNAME&amp;apos;</message>
  <nestedLevel>1</nestedLevel>
</record>
<record>
  <date>2018-01-29T16:40:15</date>
  <millis>1517224215293</millis>
  <sequence>25</sequence>
  <level>INFO</level>
  <class>com.kms.katalon.core.logging.KeywordLogger</class>
  <method>logMessage</method>
  <thread>1</thread>
  <message>Checking object</message>
  <nestedLevel>1</nestedLevel>
</record>
<record>
  <date>2018-01-29T16:40:15</date>
  <millis>1517224215295</millis>
  <sequence>26</sequence>
  <level>INFO</level>
  <class>com.kms.katalon.core.logging.KeywordLogger</class>
  <method>logMessage</method>
  <thread>1</thread>
  <message>Checking text</message>
  <nestedLevel>1</nestedLevel>
</record>
<record>
  <date>2018-01-29T16:40:15</date>
  <millis>1517224215295</millis>
  <sequence>27</sequence>
  <level>INFO</level>
  <class>com.kms.katalon.core.logging.KeywordLogger</class>
  <method>logMessage</method>
  <thread>1</thread>
  <message>Checking timeout</message>
  <nestedLevel>1</nestedLevel>
</record>
<record>
  <date>2018-01-29T16:40:15</date>
  <millis>1517224215299</millis>
  <sequence>28</sequence>
  <level>INFO</level>
  <class>com.kms.katalon.core.logging.KeywordLogger</class>
  <method>logMessage</method>
  <thread>1</thread>
  <message>Finding web element with id: &amp;apos;Object Repository/Quote_OR/txtfield_USERNAME&amp;apos; located by &amp;apos;By.xpath: //*[@id=\&amp;quot;txtUserName\&amp;quot;]&amp;apos; in &amp;apos;30&amp;apos; second(s)</message>
  <nestedLevel>1</nestedLevel>
</record>
<record>
  <date>2018-01-29T16:40:15</date>
  <millis>1517224215340</millis>
  <sequence>29</sequence>
  <level>INFO</level>
  <class>com.kms.katalon.core.logging.KeywordLogger</class>
  <method>logMessage</method>
  <thread>1</thread>
  <message>Found 1 web elements with id: &amp;apos;Object Repository/Quote_OR/txtfield_USERNAME&amp;apos; located by &amp;apos;By.xpath: //*[@id=\&amp;quot;txtUserName\&amp;quot;]&amp;apos; in &amp;apos;30&amp;apos; second(s)</message>
  <nestedLevel>1</nestedLevel>
</record>
<record>
  <date>2018-01-29T16:40:15</date>
  <millis>1517224215340</millis>
  <sequence>30</sequence>
  <level>INFO</level>
  <class>com.kms.katalon.core.logging.KeywordLogger</class>
  <method>logMessage</method>
  <thread>1</thread>
  <message>Clearing text of object &amp;apos;Object Repository/Quote_OR/txtfield_USERNAME&amp;apos;</message>
  <nestedLevel>1</nestedLevel>
</record>
<record>
  <date>2018-01-29T16:40:15</date>
  <millis>1517224215372</millis>
  <sequence>31</sequence>
  <level>INFO</level>
  <class>com.kms.katalon.core.logging.KeywordLogger</class>
  <method>logMessage</method>
  <thread>1</thread>
  <message>Checking timeout</message>
  <nestedLevel>1</nestedLevel>
</record>
<record>
  <date>2018-01-29T16:40:15</date>
  <millis>1517224215372</millis>
  <sequence>32</sequence>
  <level>INFO</level>
  <class>com.kms.katalon.core.logging.KeywordLogger</class>
  <method>logMessage</method>
  <thread>1</thread>
  <message>Finding web element with id: &amp;apos;Object Repository/Quote_OR/txtfield_USERNAME&amp;apos; located by &amp;apos;By.xpath: //*[@id=\&amp;quot;txtUserName\&amp;quot;]&amp;apos; in &amp;apos;30&amp;apos; second(s)</message>
  <nestedLevel>1</nestedLevel>
</record>
<record>
  <date>2018-01-29T16:40:15</date>
  <millis>1517224215372</millis>
  <sequence>33</sequence>
  <level>INFO</level>
  <class>com.kms.katalon.core.logging.KeywordLogger</class>
  <method>logMessage</method>
  <thread>1</thread>
  <message>Found 1 web elements with id: &amp;apos;Object Repository/Quote_OR/txtfield_USERNAME&amp;apos; located by &amp;apos;By.xpath: //*[@id=\&amp;quot;txtUserName\&amp;quot;]&amp;apos; in &amp;apos;30&amp;apos; second(s)</message>
  <nestedLevel>1</nestedLevel>
</record>
<record>
  <date>2018-01-29T16:40:15</date>
  <millis>1517224215372</millis>
  <sequence>34</sequence>
  <level>INFO</level>
  <class>com.kms.katalon.core.logging.KeywordLogger</class>
  <method>logMessage</method>
  <thread>1</thread>
  <message>Setting text of object &amp;apos;Object Repository/Quote_OR/txtfield_USERNAME&amp;apos; to value &amp;apos;ih.chelms&amp;apos;</message>
  <nestedLevel>1</nestedLevel>
</record>
<record>
  <date>2018-01-29T16:40:15</date>
  <millis>1517224215431</millis>
  <sequence>35</sequence>
  <level>PASSED</level>
  <class>com.kms.katalon.core.logging.KeywordLogger</class>
  <method>logMessage</method>
  <thread>1</thread>
  <message>Text &amp;apos;ih.chelms&amp;apos; is set on object &amp;apos;Object Repository/Quote_OR/txtfield_USERNAME&amp;apos;</message>
  <nestedLevel>1</nestedLevel>
</record>
<record>
  <date>2018-01-29T16:40:15</date>
  <millis>1517224215432</millis>
  <sequence>36</sequence>
  <level>END</level>
  <class>com.kms.katalon.core.logging.KeywordLogger</class>
  <method>endKeyword</method>
  <thread>1</thread>
  <message>End action : setText</message>
  <nestedLevel>1</nestedLevel>
</record>
<record>
  <date>2018-01-29T16:40:15</date>
  <millis>1517224215432</millis>
  <sequence>37</sequence>
  <level>START</level>
  <class>com.kms.katalon.core.logging.KeywordLogger</class>
  <method>startKeyword</method>
  <thread>1</thread>
  <message>Start action : setText</message>
  <nestedLevel>1</nestedLevel>
  <property name="startLine">19</property>
  <property name="stepIndex">4</property>
</record>
<record>
  <date>2018-01-29T16:40:15</date>
  <millis>1517224215433</millis>
  <sequence>38</sequence>
  <level>INFO</level>
  <class>com.kms.katalon.core.logging.KeywordLogger</class>
  <method>logMessage</method>
  <thread>1</thread>
  <message>Finding Test Object with id &amp;apos;Object Repository/Quote_OR/txtfield_PASSWORD&amp;apos;</message>
  <nestedLevel>1</nestedLevel>
</record>
<record>
  <date>2018-01-29T16:40:15</date>
  <millis>1517224215440</millis>
  <sequence>39</sequence>
  <level>INFO</level>
  <class>com.kms.katalon.core.logging.KeywordLogger</class>
  <method>logMessage</method>
  <thread>1</thread>
  <message>Checking object</message>
  <nestedLevel>1</nestedLevel>
</record>
<record>
  <date>2018-01-29T16:40:15</date>
  <millis>1517224215440</millis>
  <sequence>40</sequence>
  <level>INFO</level>
  <class>com.kms.katalon.core.logging.KeywordLogger</class>
  <method>logMessage</method>
  <thread>1</thread>
  <message>Checking text</message>
  <nestedLevel>1</nestedLevel>
</record>
<record>
  <date>2018-01-29T16:40:15</date>
  <millis>1517224215441</millis>
  <sequence>41</sequence>
  <level>INFO</level>
  <class>com.kms.katalon.core.logging.KeywordLogger</class>
  <method>logMessage</method>
  <thread>1</thread>
  <message>Checking timeout</message>
  <nestedLevel>1</nestedLevel>
</record>
<record>
  <date>2018-01-29T16:40:15</date>
  <millis>1517224215442</millis>
  <sequence>42</sequence>
  <level>INFO</level>
  <class>com.kms.katalon.core.logging.KeywordLogger</class>
  <method>logMessage</method>
  <thread>1</thread>
  <message>Finding web element with id: &amp;apos;Object Repository/Quote_OR/txtfield_PASSWORD&amp;apos; located by &amp;apos;By.xpath: //input[count(. | //*[@id = &amp;apos;txtPassword&amp;apos;]) = count(//*[@id = &amp;apos;txtPassword&amp;apos;])][count(. | //*[@type = &amp;apos;password&amp;apos;]) = count(//*[@type = &amp;apos;password&amp;apos;])][count(. | //*[@placeholder = &amp;apos;Password&amp;apos;]) = count(//*[@placeholder = &amp;apos;Password&amp;apos;])][count(. | //*[@name = &amp;apos;password&amp;apos;]) = count(//*[@name = &amp;apos;password&amp;apos;])][count(. | //*[@class = &amp;apos;form-control&amp;apos;]) = count(//*[@class = &amp;apos;form-control&amp;apos;])][count(. | //*[@maxlength = &amp;apos;25&amp;apos;]) = count(//*[@maxlength = &amp;apos;25&amp;apos;])][count(. | //*[@autocomplete = &amp;apos;new-password&amp;apos;]) = count(//*[@autocomplete = &amp;apos;new-password&amp;apos;])][count(. | id(\&amp;quot;txtPassword\&amp;quot;)) = count(id(\&amp;quot;txtPassword\&amp;quot;))]&amp;apos; in &amp;apos;30&amp;apos; second(s)</message>
  <nestedLevel>1</nestedLevel>
</record>
<record>
  <date>2018-01-29T16:40:15</date>
  <millis>1517224215481</millis>
  <sequence>43</sequence>
  <level>INFO</level>
  <class>com.kms.katalon.core.logging.KeywordLogger</class>
  <method>logMessage</method>
  <thread>1</thread>
  <message>Found 1 web elements with id: &amp;apos;Object Repository/Quote_OR/txtfield_PASSWORD&amp;apos; located by &amp;apos;By.xpath: //input[count(. | //*[@id = &amp;apos;txtPassword&amp;apos;]) = count(//*[@id = &amp;apos;txtPassword&amp;apos;])][count(. | //*[@type = &amp;apos;password&amp;apos;]) = count(//*[@type = &amp;apos;password&amp;apos;])][count(. | //*[@placeholder = &amp;apos;Password&amp;apos;]) = count(//*[@placeholder = &amp;apos;Password&amp;apos;])][count(. | //*[@name = &amp;apos;password&amp;apos;]) = count(//*[@name = &amp;apos;password&amp;apos;])][count(. | //*[@class = &amp;apos;form-control&amp;apos;]) = count(//*[@class = &amp;apos;form-control&amp;apos;])][count(. | //*[@maxlength = &amp;apos;25&amp;apos;]) = count(//*[@maxlength = &amp;apos;25&amp;apos;])][count(. | //*[@autocomplete = &amp;apos;new-password&amp;apos;]) = count(//*[@autocomplete = &amp;apos;new-password&amp;apos;])][count(. | id(\&amp;quot;txtPassword\&amp;quot;)) = count(id(\&amp;quot;txtPassword\&amp;quot;))]&amp;apos; in &amp;apos;30&amp;apos; second(s)</message>
  <nestedLevel>1</nestedLevel>
</record>
<record>
  <date>2018-01-29T16:40:15</date>
  <millis>1517224215481</millis>
  <sequence>44</sequence>
  <level>INFO</level>
  <class>com.kms.katalon.core.logging.KeywordLogger</class>
  <method>logMessage</method>
  <thread>1</thread>
  <message>Clearing text of object &amp;apos;Object Repository/Quote_OR/txtfield_PASSWORD&amp;apos;</message>
  <nestedLevel>1</nestedLevel>
</record>
<record>
  <date>2018-01-29T16:40:15</date>
  <millis>1517224215513</millis>
  <sequence>45</sequence>
  <level>INFO</level>
  <class>com.kms.katalon.core.logging.KeywordLogger</class>
  <method>logMessage</method>
  <thread>1</thread>
  <message>Checking timeout</message>
  <nestedLevel>1</nestedLevel>
</record>
<record>
  <date>2018-01-29T16:40:15</date>
  <millis>1517224215513</millis>
  <sequence>46</sequence>
  <level>INFO</level>
  <class>com.kms.katalon.core.logging.KeywordLogger</class>
  <method>logMessage</method>
  <thread>1</thread>
  <message>Finding web element with id: &amp;apos;Object Repository/Quote_OR/txtfield_PASSWORD&amp;apos; located by &amp;apos;By.xpath: //input[count(. | //*[@id = &amp;apos;txtPassword&amp;apos;]) = count(//*[@id = &amp;apos;txtPassword&amp;apos;])][count(. | //*[@type = &amp;apos;password&amp;apos;]) = count(//*[@type = &amp;apos;password&amp;apos;])][count(. | //*[@placeholder = &amp;apos;Password&amp;apos;]) = count(//*[@placeholder = &amp;apos;Password&amp;apos;])][count(. | //*[@name = &amp;apos;password&amp;apos;]) = count(//*[@name = &amp;apos;password&amp;apos;])][count(. | //*[@class = &amp;apos;form-control&amp;apos;]) = count(//*[@class = &amp;apos;form-control&amp;apos;])][count(. | //*[@maxlength = &amp;apos;25&amp;apos;]) = count(//*[@maxlength = &amp;apos;25&amp;apos;])][count(. | //*[@autocomplete = &amp;apos;new-password&amp;apos;]) = count(//*[@autocomplete = &amp;apos;new-password&amp;apos;])][count(. | id(\&amp;quot;txtPassword\&amp;quot;)) = count(id(\&amp;quot;txtPassword\&amp;quot;))]&amp;apos; in &amp;apos;30&amp;apos; second(s)</message>
  <nestedLevel>1</nestedLevel>
</record>
<record>
  <date>2018-01-29T16:40:15</date>
  <millis>1517224215514</millis>
  <sequence>47</sequence>
  <level>INFO</level>
  <class>com.kms.katalon.core.logging.KeywordLogger</class>
  <method>logMessage</method>
  <thread>1</thread>
  <message>Found 1 web elements with id: &amp;apos;Object Repository/Quote_OR/txtfield_PASSWORD&amp;apos; located by &amp;apos;By.xpath: //input[count(. | //*[@id = &amp;apos;txtPassword&amp;apos;]) = count(//*[@id = &amp;apos;txtPassword&amp;apos;])][count(. | //*[@type = &amp;apos;password&amp;apos;]) = count(//*[@type = &amp;apos;password&amp;apos;])][count(. | //*[@placeholder = &amp;apos;Password&amp;apos;]) = count(//*[@placeholder = &amp;apos;Password&amp;apos;])][count(. | //*[@name = &amp;apos;password&amp;apos;]) = count(//*[@name = &amp;apos;password&amp;apos;])][count(. | //*[@class = &amp;apos;form-control&amp;apos;]) = count(//*[@class = &amp;apos;form-control&amp;apos;])][count(. | //*[@maxlength = &amp;apos;25&amp;apos;]) = count(//*[@maxlength = &amp;apos;25&amp;apos;])][count(. | //*[@autocomplete = &amp;apos;new-password&amp;apos;]) = count(//*[@autocomplete = &amp;apos;new-password&amp;apos;])][count(. | id(\&amp;quot;txtPassword\&amp;quot;)) = count(id(\&amp;quot;txtPassword\&amp;quot;))]&amp;apos; in &amp;apos;30&amp;apos; second(s)</message>
  <nestedLevel>1</nestedLevel>
</record>
<record>
  <date>2018-01-29T16:40:15</date>
  <millis>1517224215514</millis>
  <sequence>48</sequence>
  <level>INFO</level>
  <class>com.kms.katalon.core.logging.KeywordLogger</class>
  <method>logMessage</method>
  <thread>1</thread>
  <message>Setting text of object &amp;apos;Object Repository/Quote_OR/txtfield_PASSWORD&amp;apos; to value &amp;apos;10#Hammer&amp;apos;</message>
  <nestedLevel>1</nestedLevel>
</record>
<record>
  <date>2018-01-29T16:40:15</date>
  <millis>1517224215581</millis>
  <sequence>49</sequence>
  <level>PASSED</level>
  <class>com.kms.katalon.core.logging.KeywordLogger</class>
  <method>logMessage</method>
  <thread>1</thread>
  <message>Text &amp;apos;10#Hammer&amp;apos; is set on object &amp;apos;Object Repository/Quote_OR/txtfield_PASSWORD&amp;apos;</message>
  <nestedLevel>1</nestedLevel>
</record>
<record>
  <date>2018-01-29T16:40:15</date>
  <millis>1517224215581</millis>
  <sequence>50</sequence>
  <level>END</level>
  <class>com.kms.katalon.core.logging.KeywordLogger</class>
  <method>endKeyword</method>
  <thread>1</thread>
  <message>End action : setText</message>
  <nestedLevel>1</nestedLevel>
</record>
<record>
  <date>2018-01-29T16:40:15</date>
  <millis>1517224215581</millis>
  <sequence>51</sequence>
  <level>START</level>
  <class>com.kms.katalon.core.logging.KeywordLogger</class>
  <method>startKeyword</method>
  <thread>1</thread>
  <message>Start action : click</message>
  <nestedLevel>1</nestedLevel>
  <property name="startLine">22</property>
  <property name="stepIndex">5</property>
</record>
<record>
  <date>2018-01-29T16:40:15</date>
  <millis>1517224215581</millis>
  <sequence>52</sequence>
  <level>INFO</level>
  <class>com.kms.katalon.core.logging.KeywordLogger</class>
  <method>logMessage</method>
  <thread>1</thread>
  <message>Finding Test Object with id &amp;apos;Object Repository/Quote_OR/btn-LOGIN&amp;apos;</message>
  <nestedLevel>1</nestedLevel>
</record>
<record>
  <date>2018-01-29T16:40:15</date>
  <millis>1517224215586</millis>
  <sequence>53</sequence>
  <level>INFO</level>
  <class>com.kms.katalon.core.logging.KeywordLogger</class>
  <method>logMessage</method>
  <thread>1</thread>
  <message>Checking object</message>
  <nestedLevel>1</nestedLevel>
</record>
<record>
  <date>2018-01-29T16:40:15</date>
  <millis>1517224215587</millis>
  <sequence>54</sequence>
  <level>INFO</level>
  <class>com.kms.katalon.core.logging.KeywordLogger</class>
  <method>logMessage</method>
  <thread>1</thread>
  <message>Checking timeout</message>
  <nestedLevel>1</nestedLevel>
</record>
<record>
  <date>2018-01-29T16:40:15</date>
  <millis>1517224215587</millis>
  <sequence>55</sequence>
  <level>INFO</level>
  <class>com.kms.katalon.core.logging.KeywordLogger</class>
  <method>logMessage</method>
  <thread>1</thread>
  <message>Finding web element with id: &amp;apos;Object Repository/Quote_OR/btn-LOGIN&amp;apos; located by &amp;apos;By.xpath: //*[@id=\&amp;quot;btnSubmit\&amp;quot;]&amp;apos; in &amp;apos;30&amp;apos; second(s)</message>
  <nestedLevel>1</nestedLevel>
</record>
<record>
  <date>2018-01-29T16:40:15</date>
  <millis>1517224215621</millis>
  <sequence>56</sequence>
  <level>INFO</level>
  <class>com.kms.katalon.core.logging.KeywordLogger</class>
  <method>logMessage</method>
  <thread>1</thread>
  <message>Found 1 web elements with id: &amp;apos;Object Repository/Quote_OR/btn-LOGIN&amp;apos; located by &amp;apos;By.xpath: //*[@id=\&amp;quot;btnSubmit\&amp;quot;]&amp;apos; in &amp;apos;30&amp;apos; second(s)</message>
  <nestedLevel>1</nestedLevel>
</record>
<record>
  <date>2018-01-29T16:40:15</date>
  <millis>1517224215621</millis>
  <sequence>57</sequence>
  <level>INFO</level>
  <class>com.kms.katalon.core.logging.KeywordLogger</class>
  <method>logMessage</method>
  <thread>1</thread>
  <message>Clicking on object: &amp;apos;Object Repository/Quote_OR/btn-LOGIN&amp;apos;</message>
  <nestedLevel>1</nestedLevel>
</record>
<record>
  <date>2018-01-29T16:40:16</date>
  <millis>1517224216921</millis>
  <sequence>58</sequence>
  <level>PASSED</level>
  <class>com.kms.katalon.core.logging.KeywordLogger</class>
  <method>logMessage</method>
  <thread>1</thread>
  <message>Object: &amp;apos;Object Repository/Quote_OR/btn-LOGIN&amp;apos; is clicked on</message>
  <nestedLevel>1</nestedLevel>
</record>
<record>
  <date>2018-01-29T16:40:16</date>
  <millis>1517224216922</millis>
  <sequence>59</sequence>
  <level>END</level>
  <class>com.kms.katalon.core.logging.KeywordLogger</class>
  <method>endKeyword</method>
  <thread>1</thread>
  <message>End action : click</message>
  <nestedLevel>1</nestedLevel>
</record>
<record>
  <date>2018-01-29T16:40:16</date>
  <millis>1517224216922</millis>
  <sequence>60</sequence>
  <level>START</level>
  <class>com.kms.katalon.core.logging.KeywordLogger</class>
  <method>startKeyword</method>
  <thread>1</thread>
  <message>Start action : setText</message>
  <nestedLevel>1</nestedLevel>
  <property name="startLine">25</property>
  <property name="stepIndex">6</property>
</record>
<record>
  <date>2018-01-29T16:40:16</date>
  <millis>1517224216925</millis>
  <sequence>61</sequence>
  <level>INFO</level>
  <class>com.kms.katalon.core.logging.KeywordLogger</class>
  <method>logMessage</method>
  <thread>1</thread>
  <message>Finding Test Object with id &amp;apos;Object Repository/Quote_OR/txtfield_ADDRESS_ON_LANDING_PAGE&amp;apos;</message>
  <nestedLevel>1</nestedLevel>
</record>
<record>
  <date>2018-01-29T16:40:16</date>
  <millis>1517224216939</millis>
  <sequence>62</sequence>
  <level>INFO</level>
  <class>com.kms.katalon.core.logging.KeywordLogger</class>
  <method>logMessage</method>
  <thread>1</thread>
  <message>Checking object</message>
  <nestedLevel>1</nestedLevel>
</record>
<record>
  <date>2018-01-29T16:40:16</date>
  <millis>1517224216940</millis>
  <sequence>63</sequence>
  <level>INFO</level>
  <class>com.kms.katalon.core.logging.KeywordLogger</class>
  <method>logMessage</method>
  <thread>1</thread>
  <message>Checking text</message>
  <nestedLevel>1</nestedLevel>
</record>
<record>
  <date>2018-01-29T16:40:16</date>
  <millis>1517224216943</millis>
  <sequence>64</sequence>
  <level>INFO</level>
  <class>com.kms.katalon.core.logging.KeywordLogger</class>
  <method>logMessage</method>
  <thread>1</thread>
  <message>Checking timeout</message>
  <nestedLevel>1</nestedLevel>
</record>
<record>
  <date>2018-01-29T16:40:16</date>
  <millis>1517224216949</millis>
  <sequence>65</sequence>
  <level>INFO</level>
  <class>com.kms.katalon.core.logging.KeywordLogger</class>
  <method>logMessage</method>
  <thread>1</thread>
  <message>Finding web element with id: &amp;apos;Object Repository/Quote_OR/txtfield_ADDRESS_ON_LANDING_PAGE&amp;apos; located by &amp;apos;By.xpath: //input[count(. | //*[@class = &amp;apos;form-control searchBar&amp;apos;]) = count(//*[@class = &amp;apos;form-control searchBar&amp;apos;])][count(. | //*[@data-val = &amp;apos;true&amp;apos;]) = count(//*[@data-val = &amp;apos;true&amp;apos;])][count(. | //*[@data-val-required = &amp;apos;The formattedAddress field is required.&amp;apos;]) = count(//*[@data-val-required = &amp;apos;The formattedAddress field is required.&amp;apos;])][count(. | //*[@id = &amp;apos;txtAddressAutoComplete&amp;apos;]) = count(//*[@id = &amp;apos;txtAddressAutoComplete&amp;apos;])][count(. | //*[@maxlength = &amp;apos;100&amp;apos;]) = count(//*[@maxlength = &amp;apos;100&amp;apos;])][count(. | //*[@name = &amp;apos;formattedAddress&amp;apos;]) = count(//*[@name = &amp;apos;formattedAddress&amp;apos;])][count(. | //*[@placeholder = &amp;apos;Search address:&amp;apos;]) = count(//*[@placeholder = &amp;apos;Search address:&amp;apos;])][count(. | //*[@type = &amp;apos;text&amp;apos;]) = count(//*[@type = &amp;apos;text&amp;apos;])][count(. | //*[@autocomplete = &amp;apos;off&amp;apos;]) = count(//*[@autocomplete = &amp;apos;off&amp;apos;])][count(. | id(\&amp;quot;txtAddressAutoComplete\&amp;quot;)) = count(id(\&amp;quot;txtAddressAutoComplete\&amp;quot;))]&amp;apos; in &amp;apos;30&amp;apos; second(s)</message>
  <nestedLevel>1</nestedLevel>
</record>
<record>
  <date>2018-01-29T16:40:48</date>
  <millis>1517224248333</millis>
  <sequence>66</sequence>
  <level>FAILED</level>
  <class>com.kms.katalon.core.logging.KeywordLogger</class>
  <method>logMessage</method>
  <thread>1</thread>
  <message>Unable to set text &amp;apos;1320 Rocky Creek Rd Macon, GA 31206 USA&amp;apos; of object &amp;apos;Object Repository/Quote_OR/txtfield_ADDRESS_ON_LANDING_PAGE&amp;apos; (Root cause: com.kms.katalon.core.webui.exception.WebElementNotFoundException: Web element with id: &amp;apos;Object Repository/Quote_OR/txtfield_ADDRESS_ON_LANDING_PAGE&amp;apos; located by &amp;apos;By.xpath: //input[count(. | //*[@class = &amp;apos;form-control searchBar&amp;apos;]) = count(//*[@class = &amp;apos;form-control searchBar&amp;apos;])][count(. | //*[@data-val = &amp;apos;true&amp;apos;]) = count(//*[@data-val = &amp;apos;true&amp;apos;])][count(. | //*[@data-val-required = &amp;apos;The formattedAddress field is required.&amp;apos;]) = count(//*[@data-val-required = &amp;apos;The formattedAddress field is required.&amp;apos;])][count(. | //*[@id = &amp;apos;txtAddressAutoComplete&amp;apos;]) = count(//*[@id = &amp;apos;txtAddressAutoComplete&amp;apos;])][count(. | //*[@maxlength = &amp;apos;100&amp;apos;]) = count(//*[@maxlength = &amp;apos;100&amp;apos;])][count(. | //*[@name = &amp;apos;formattedAddress&amp;apos;]) = count(//*[@name = &amp;apos;formattedAddress&amp;apos;])][count(. | //*[@placeholder = &amp;apos;Search address:&amp;apos;]) = count(//*[@placeholder = &amp;apos;Search address:&amp;apos;])][count(. | //*[@type = &amp;apos;text&amp;apos;]) = count(//*[@type = &amp;apos;text&amp;apos;])][count(. | //*[@autocomplete = &amp;apos;off&amp;apos;]) = count(//*[@autocomplete = &amp;apos;off&amp;apos;])][count(. | id(\&amp;quot;txtAddressAutoComplete\&amp;quot;)) = count(id(\&amp;quot;txtAddressAutoComplete\&amp;quot;))]&amp;apos; not found)</message>
  <nestedLevel>1</nestedLevel>
  <property name="attachment">1517224247958.png</property>
</record>
<record>
  <date>2018-01-29T16:40:48</date>
  <millis>1517224248334</millis>
  <sequence>67</sequence>
  <level>END</level>
  <class>com.kms.katalon.core.logging.KeywordLogger</class>
  <method>endKeyword</method>
  <thread>1</thread>
  <message>End action : setText</message>
  <nestedLevel>1</nestedLevel>
</record>
<record>
  <date>2018-01-29T16:40:48</date>
  <millis>1517224248335</millis>
  <sequence>68</sequence>
  <logger>com.kms.katalon.core.logging.KeywordLogger</logger>
  <level>FAILED</level>
  <class>com.kms.katalon.core.logging.KeywordLogger</class>
  <method>logMessage</method>
  <thread>1</thread>
  <message>Test Cases/QUOTE_CREATION FAILED because (of) Unable to set text &amp;apos;1320 Rocky Creek Rd Macon, GA 31206 USA&amp;apos; of object &amp;apos;Object Repository/Quote_OR/txtfield_ADDRESS_ON_LANDING_PAGE&amp;apos; (Root cause: com.kms.katalon.core.webui.exception.WebElementNotFoundException: Web element with id: &amp;apos;Object Repository/Quote_OR/txtfield_ADDRESS_ON_LANDING_PAGE&amp;apos; located by &amp;apos;By.xpath: //input[count(. | //*[@class = &amp;apos;form-control searchBar&amp;apos;]) = count(//*[@class = &amp;apos;form-control searchBar&amp;apos;])][count(. | //*[@data-val = &amp;apos;true&amp;apos;]) = count(//*[@data-val = &amp;apos;true&amp;apos;])][count(. | //*[@data-val-required = &amp;apos;The formattedAddress field is required.&amp;apos;]) = count(//*[@data-val-required = &amp;apos;The formattedAddress field is required.&amp;apos;])][count(. | //*[@id = &amp;apos;txtAddressAutoComplete&amp;apos;]) = count(//*[@id = &amp;apos;txtAddressAutoComplete&amp;apos;])][count(. | //*[@maxlength = &amp;apos;100&amp;apos;]) = count(//*[@maxlength = &amp;apos;100&amp;apos;])][count(. | //*[@name = &amp;apos;formattedAddress&amp;apos;]) = count(//*[@name = &amp;apos;formattedAddress&amp;apos;])][count(. | //*[@placeholder = &amp;apos;Search address:&amp;apos;]) = count(//*[@placeholder = &amp;apos;Search address:&amp;apos;])][count(. | //*[@type = &amp;apos;text&amp;apos;]) = count(//*[@type = &amp;apos;text&amp;apos;])][count(. | //*[@autocomplete = &amp;apos;off&amp;apos;]) = count(//*[@autocomplete = &amp;apos;off&amp;apos;])][count(. | id(\&amp;quot;txtAddressAutoComplete\&amp;quot;)) = count(id(\&amp;quot;txtAddressAutoComplete\&amp;quot;))]&amp;apos; not found)</message>
  <exception>
    <message>com.kms.katalon.core.exception.StepFailedException: Unable to set text '1320 Rocky Creek Rd Macon, GA 31206 USA' of object 'Object Repository/Quote_OR/txtfield_ADDRESS_ON_LANDING_PAGE' (Root cause: com.kms.katalon.core.webui.exception.WebElementNotFoundException: Web element with id: 'Object Repository/Quote_OR/txtfield_ADDRESS_ON_LANDING_PAGE' located by 'By.xpath: //input[count(. | //*[@class = 'form-control searchBar']) = count(//*[@class = 'form-control searchBar'])][count(. | //*[@data-val = 'true']) = count(//*[@data-val = 'true'])][count(. | //*[@data-val-required = 'The formattedAddress field is required.']) = count(//*[@data-val-required = 'The formattedAddress field is required.'])][count(. | //*[@id = 'txtAddressAutoComplete']) = count(//*[@id = 'txtAddressAutoComplete'])][count(. | //*[@maxlength = '100']) = count(//*[@maxlength = '100'])][count(. | //*[@name = 'formattedAddress']) = count(//*[@name = 'formattedAddress'])][count(. | //*[@placeholder = 'Search address:']) = count(//*[@placeholder = 'Search address:'])][count(. | //*[@type = 'text']) = count(//*[@type = 'text'])][count(. | //*[@autocomplete = 'off']) = count(//*[@autocomplete = 'off'])][count(. | id("txtAddressAutoComplete")) = count(id("txtAddressAutoComplete"))]' not found)</message>
    <frame>
      <class>com.kms.katalon.core.keyword.internal.KeywordMain</class>
      <method>stepFailed</method>
      <line>36</line>
    </frame>
    <frame>
      <class>com.kms.katalon.core.webui.keyword.internal.WebUIKeywordMain</class>
      <method>stepFailed</method>
      <line>49</line>
    </frame>
    <frame>
      <class>com.kms.katalon.core.webui.keyword.internal.WebUIKeywordMain</class>
      <method>runKeyword</method>
      <line>27</line>
    </frame>
    <frame>
      <class>com.kms.katalon.core.webui.keyword.builtin.SetTextKeyword</class>
      <method>setText</method>
      <line>65</line>
    </frame>
    <frame>
      <class>com.kms.katalon.core.webui.keyword.builtin.SetTextKeyword</class>
      <method>execute</method>
      <line>37</line>
    </frame>
    <frame>
      <class>com.kms.katalon.core.keyword.internal.KeywordExecutor</class>
      <method>executeKeywordForPlatform</method>
      <line>53</line>
    </frame>
    <frame>
      <class>com.kms.katalon.core.webui.keyword.WebUiBuiltInKeywords</class>
      <method>setText</method>
      <line>950</line>
    </frame>
    <frame>
      <class>com.kms.katalon.core.webui.keyword.WebUiBuiltInKeywords$setText$1</class>
      <method>call</method>
    </frame>
    <frame>
      <class>org.codehaus.groovy.runtime.callsite.CallSiteArray</class>
      <method>defaultCall</method>
      <line>48</line>
    </frame>
    <frame>
      <class>org.codehaus.groovy.runtime.callsite.AbstractCallSite</class>
      <method>call</method>
      <line>113</line>
    </frame>
    <frame>
      <class>org.codehaus.groovy.runtime.callsite.AbstractCallSite</class>
      <method>call</method>
      <line>133</line>
    </frame>
    <frame>
      <class>Script1516183794027</class>
      <method>run</method>
      <line>25</line>
    </frame>
    <frame>
      <class>com.kms.katalon.core.main.ScriptEngine</class>
      <method>run</method>
      <line>183</line>
    </frame>
    <frame>
      <class>com.kms.katalon.core.main.ScriptEngine</class>
      <method>runScriptAsRawText</method>
      <line>108</line>
    </frame>
    <frame>
      <class>com.kms.katalon.core.main.TestCaseExecutor</class>
      <method>runScript</method>
      <line>215</line>
    </frame>
    <frame>
      <class>com.kms.katalon.core.main.TestCaseExecutor</class>
      <method>doExecute</method>
      <line>206</line>
    </frame>
    <frame>
      <class>com.kms.katalon.core.main.TestCaseExecutor</class>
      <method>processExecutionPhase</method>
      <line>185</line>
    </frame>
    <frame>
      <class>com.kms.katalon.core.main.TestCaseExecutor</class>
      <method>accessMainPhase</method>
      <line>177</line>
    </frame>
    <frame>
      <class>com.kms.katalon.core.main.TestCaseExecutor</class>
      <method>execute</method>
      <line>160</line>
    </frame>
    <frame>
      <class>com.kms.katalon.core.main.TestCaseMain</class>
      <method>runTestCase</method>
      <line>102</line>
    </frame>
    <frame>
      <class>com.kms.katalon.core.main.TestCaseMain$runTestCase$0</class>
      <method>call</method>
    </frame>
    <frame>
      <class>org.codehaus.groovy.runtime.callsite.CallSiteArray</class>
      <method>defaultCall</method>
      <line>48</line>
    </frame>
    <frame>
      <class>org.codehaus.groovy.runtime.callsite.AbstractCallSite</class>
      <method>call</method>
      <line>113</line>
    </frame>
    <frame>
      <class>org.codehaus.groovy.runtime.callsite.AbstractCallSite</class>
      <method>call</method>
      <line>141</line>
    </frame>
    <frame>
      <class>TempTestSuite1517224202108</class>
      <method>runTestCase_0</method>
      <line>18</line>
    </frame>
    <frame>
      <class>sun.reflect.NativeMethodAccessorImpl</class>
      <method>invoke0</method>
    </frame>
    <frame>
      <class>sun.reflect.NativeMethodAccessorImpl</class>
      <method>invoke</method>
      <line>62</line>
    </frame>
    <frame>
      <class>sun.reflect.DelegatingMethodAccessorImpl</class>
      <method>invoke</method>
      <line>43</line>
    </frame>
    <frame>
      <class>java.lang.reflect.Method</class>
      <method>invoke</method>
      <line>498</line>
    </frame>
    <frame>
      <class>org.codehaus.groovy.reflection.CachedMethod</class>
      <method>invoke</method>
      <line>93</line>
    </frame>
    <frame>
      <class>groovy.lang.MetaMethod</class>
      <method>doMethodInvoke</method>
      <line>325</line>
    </frame>
    <frame>
      <class>org.codehaus.groovy.runtime.metaclass.ClosureMetaClass</class>
      <method>invokeMethod</method>
      <line>384</line>
    </frame>
    <frame>
      <class>org.codehaus.groovy.runtime.ScriptBytecodeAdapter</class>
      <method>invokeMethodOnCurrentN</method>
      <line>82</line>
    </frame>
    <frame>
      <class>org.codehaus.groovy.runtime.ScriptBytecodeAdapter</class>
      <method>invokeMethodOnCurrent0</method>
      <line>113</line>
    </frame>
    <frame>
      <class>TempTestSuite1517224202108$_run_closure1</class>
      <method>doCall</method>
      <line>60</line>
    </frame>
    <frame>
      <class>sun.reflect.NativeMethodAccessorImpl</class>
      <method>invoke0</method>
    </frame>
    <frame>
      <class>sun.reflect.NativeMethodAccessorImpl</class>
      <method>invoke</method>
      <line>62</line>
    </frame>
    <frame>
      <class>sun.reflect.DelegatingMethodAccessorImpl</class>
      <method>invoke</method>
      <line>43</line>
    </frame>
    <frame>
      <class>java.lang.reflect.Method</class>
      <method>invoke</method>
      <line>498</line>
    </frame>
    <frame>
      <class>org.codehaus.groovy.reflection.CachedMethod</class>
      <method>invoke</method>
      <line>93</line>
    </frame>
    <frame>
      <class>groovy.lang.MetaMethod</class>
      <method>doMethodInvoke</method>
      <line>325</line>
    </frame>
    <frame>
      <class>org.codehaus.groovy.runtime.metaclass.ClosureMetaClass</class>
      <method>invokeMethod</method>
      <line>294</line>
    </frame>
    <frame>
      <class>groovy.lang.MetaClassImpl</class>
      <method>invokeMethod</method>
      <line>1024</line>
    </frame>
    <frame>
      <class>groovy.lang.Closure</class>
      <method>call</method>
      <line>414</line>
    </frame>
    <frame>
      <class>groovy.lang.Closure</class>
      <method>call</method>
      <line>430</line>
    </frame>
    <frame>
      <class>org.codehaus.groovy.runtime.DefaultGroovyMethods</class>
      <method>each</method>
      <line>2030</line>
    </frame>
    <frame>
      <class>org.codehaus.groovy.runtime.DefaultGroovyMethods</class>
      <method>each</method>
      <line>2015</line>
    </frame>
    <frame>
      <class>org.codehaus.groovy.runtime.DefaultGroovyMethods</class>
      <method>each</method>
      <line>2056</line>
    </frame>
    <frame>
      <class>org.codehaus.groovy.runtime.dgm$162</class>
      <method>invoke</method>
    </frame>
    <frame>
      <class>org.codehaus.groovy.runtime.callsite.PojoMetaMethodSite$PojoMetaMethodSiteNoUnwrapNoCoerce</class>
      <method>invoke</method>
      <line>274</line>
    </frame>
    <frame>
      <class>org.codehaus.groovy.runtime.callsite.PojoMetaMethodSite</class>
      <method>call</method>
      <line>56</line>
    </frame>
    <frame>
      <class>org.codehaus.groovy.runtime.callsite.CallSiteArray</class>
      <method>defaultCall</method>
      <line>48</line>
    </frame>
    <frame>
      <class>org.codehaus.groovy.runtime.callsite.AbstractCallSite</class>
      <method>call</method>
      <line>113</line>
    </frame>
    <frame>
      <class>org.codehaus.groovy.runtime.callsite.AbstractCallSite</class>
      <method>call</method>
      <line>125</line>
    </frame>
    <frame>
      <class>TempTestSuite1517224202108</class>
      <method>run</method>
      <line>59</line>
    </frame>
    <frame>
      <class>groovy.lang.GroovyShell</class>
      <method>runScriptOrMainOrTestOrRunnable</method>
      <line>263</line>
    </frame>
    <frame>
      <class>groovy.lang.GroovyShell</class>
      <method>run</method>
      <line>518</line>
    </frame>
    <frame>
      <class>groovy.lang.GroovyShell</class>
      <method>run</method>
      <line>507</line>
    </frame>
    <frame>
      <class>groovy.ui.GroovyMain</class>
      <method>processOnce</method>
      <line>653</line>
    </frame>
    <frame>
      <class>groovy.ui.GroovyMain</class>
      <method>run</method>
      <line>384</line>
    </frame>
    <frame>
      <class>groovy.ui.GroovyMain</class>
      <method>process</method>
      <line>370</line>
    </frame>
    <frame>
      <class>groovy.ui.GroovyMain</class>
      <method>processArgs</method>
      <line>129</line>
    </frame>
    <frame>
      <class>groovy.ui.GroovyMain</class>
      <method>main</method>
      <line>109</line>
    </frame>
    <frame>
      <class>sun.reflect.NativeMethodAccessorImpl</class>
      <method>invoke0</method>
    </frame>
    <frame>
      <class>sun.reflect.NativeMethodAccessorImpl</class>
      <method>invoke</method>
      <line>62</line>
    </frame>
    <frame>
      <class>sun.reflect.DelegatingMethodAccessorImpl</class>
      <method>invoke</method>
      <line>43</line>
    </frame>
    <frame>
      <class>java.lang.reflect.Method</class>
      <method>invoke</method>
      <line>498</line>
    </frame>
    <frame>
      <class>org.codehaus.groovy.tools.GroovyStarter</class>
      <method>rootLoader</method>
      <line>109</line>
    </frame>
    <frame>
      <class>org.codehaus.groovy.tools.GroovyStarter</class>
      <method>main</method>
      <line>131</line>
    </frame>
  </exception>
  <nestedLevel>0</nestedLevel>
</record>
<record>
  <date>2018-01-29T16:40:48</date>
  <millis>1517224248337</millis>
  <sequence>69</sequence>
  <level>END</level>
  <class>com.kms.katalon.core.logging.KeywordLogger</class>
  <method>endTest</method>
  <thread>1</thread>
  <message>End Test Case : Test Cases/QUOTE_CREATION</message>
  <nestedLevel>0</nestedLevel>
</record>
<record>
  <date>2018-01-29T16:40:48</date>
  <millis>1517224248401</millis>
  <sequence>70</sequence>
  <level>START</level>
  <class>com.kms.katalon.core.logging.KeywordLogger</class>
  <method>startTest</method>
  <thread>1</thread>
  <message>Start Test Case : Test Cases/APPLICATION_CREATION</message>
  <nestedLevel>1</nestedLevel>
  <property name="name">Test Cases/APPLICATION_CREATION</property>
  <property name="description"></property>
  <property name="id">Test Cases/APPLICATION_CREATION</property>
  <property name="source">D:\\Katalon_Practice_Workspace\\Katalon_MitendraTest Cases\\APPLICATION_CREATION.tc</property>
  <property name="isOptional">false</property>
</record>
<record>
  <date>2018-01-29T16:40:48</date>
  <millis>1517224248517</millis>
  <sequence>71</sequence>
  <level>INFO</level>
  <class>com.kms.katalon.core.logging.KeywordLogger</class>
  <method>logMessage</method>
  <thread>1</thread>
  <message>Evaluating variables for test case</message>
  <nestedLevel>1</nestedLevel>
</record>
<record>
  <date>2018-01-29T16:40:48</date>
  <millis>1517224248667</millis>
  <sequence>72</sequence>
  <level>START</level>
  <class>com.kms.katalon.core.logging.KeywordLogger</class>
  <method>startKeyword</method>
  <thread>1</thread>
  <message>Start action : setText</message>
  <nestedLevel>1</nestedLevel>
  <property name="startLine">14</property>
  <property name="stepIndex">1</property>
</record>
<record>
  <date>2018-01-29T16:40:48</date>
  <millis>1517224248670</millis>
  <sequence>73</sequence>
  <level>INFO</level>
  <class>com.kms.katalon.core.logging.KeywordLogger</class>
  <method>logMessage</method>
  <thread>1</thread>
  <message>Finding Test Object with id &amp;apos;Object Repository/Application_OR/txtfield_ADDRESS_ON_QUOTE_PAGE&amp;apos;</message>
  <nestedLevel>1</nestedLevel>
</record>
<record>
  <date>2018-01-29T16:40:48</date>
  <millis>1517224248674</millis>
  <sequence>74</sequence>
  <level>INFO</level>
  <class>com.kms.katalon.core.logging.KeywordLogger</class>
  <method>logMessage</method>
  <thread>1</thread>
  <message>Checking object</message>
  <nestedLevel>1</nestedLevel>
</record>
<record>
  <date>2018-01-29T16:40:48</date>
  <millis>1517224248675</millis>
  <sequence>75</sequence>
  <level>INFO</level>
  <class>com.kms.katalon.core.logging.KeywordLogger</class>
  <method>logMessage</method>
  <thread>1</thread>
  <message>Checking text</message>
  <nestedLevel>1</nestedLevel>
</record>
<record>
  <date>2018-01-29T16:40:48</date>
  <millis>1517224248675</millis>
  <sequence>76</sequence>
  <level>INFO</level>
  <class>com.kms.katalon.core.logging.KeywordLogger</class>
  <method>logMessage</method>
  <thread>1</thread>
  <message>Checking timeout</message>
  <nestedLevel>1</nestedLevel>
</record>
<record>
  <date>2018-01-29T16:40:48</date>
  <millis>1517224248676</millis>
  <sequence>77</sequence>
  <level>INFO</level>
  <class>com.kms.katalon.core.logging.KeywordLogger</class>
  <method>logMessage</method>
  <thread>1</thread>
  <message>Finding web element with id: &amp;apos;Object Repository/Application_OR/txtfield_ADDRESS_ON_QUOTE_PAGE&amp;apos; located by &amp;apos;By.xpath: //*[@id=\&amp;quot;txtAddressAutoComplete\&amp;quot;]&amp;apos; in &amp;apos;30&amp;apos; second(s)</message>
  <nestedLevel>1</nestedLevel>
</record>
