<?xml version="1.0" encoding="UTF-8" standalone="no"?>
<!DOCTYPE log SYSTEM "logger.dtd">
<log>
<record>
  <date>2018-02-05T15:13:25</date>
  <millis>1517823805124</millis>
  <sequence>0</sequence>
  <level>START</level>
  <class>com.kms.katalon.core.logging.KeywordLogger</class>
  <method>startSuite</method>
  <thread>1</thread>
  <message>Start Test Suite : PPE</message>
  <nestedLevel>0</nestedLevel>
  <property name="name">PPE</property>
  <property name="description"></property>
  <property name="id">Test Suites/PPE</property>
</record>
<record>
  <date>2018-02-05T15:13:25</date>
  <millis>1517823805133</millis>
  <sequence>1</sequence>
  <level>RUN_DATA</level>
  <class>com.kms.katalon.core.logging.KeywordLogger</class>
  <method>logMessage</method>
  <thread>1</thread>
  <message>Logging run data &amp;apos;hostName&amp;apos; with value &amp;apos;gsalunkhe - CTS-QUA-4.cogitate.india&amp;apos;</message>
  <nestedLevel>0</nestedLevel>
  <property name="hostName">gsalunkhe - CTS-QUA-4.cogitate.india</property>
</record>
<record>
  <date>2018-02-05T15:13:25</date>
  <millis>1517823805134</millis>
  <sequence>2</sequence>
  <level>RUN_DATA</level>
  <class>com.kms.katalon.core.logging.KeywordLogger</class>
  <method>logMessage</method>
  <thread>1</thread>
  <message>Logging run data &amp;apos;os&amp;apos; with value &amp;apos;Windows 7 64bit&amp;apos;</message>
  <nestedLevel>0</nestedLevel>
  <property name="os">Windows 7 64bit</property>
</record>
<record>
  <date>2018-02-05T15:13:25</date>
  <millis>1517823805135</millis>
  <sequence>3</sequence>
  <level>RUN_DATA</level>
  <class>com.kms.katalon.core.logging.KeywordLogger</class>
  <method>logMessage</method>
  <thread>1</thread>
  <message>Logging run data &amp;apos;hostAddress&amp;apos; with value &amp;apos;192.168.0.4&amp;apos;</message>
  <nestedLevel>0</nestedLevel>
  <property name="hostAddress">192.168.0.4</property>
</record>
<record>
  <date>2018-02-05T15:13:25</date>
  <millis>1517823805136</millis>
  <sequence>4</sequence>
  <level>RUN_DATA</level>
  <class>com.kms.katalon.core.logging.KeywordLogger</class>
  <method>logMessage</method>
  <thread>1</thread>
  <message>Logging run data &amp;apos;katalonVersion&amp;apos; with value &amp;apos;5.0.1.1&amp;apos;</message>
  <nestedLevel>0</nestedLevel>
  <property name="katalonVersion">5.0.1.1</property>
</record>
<record>
  <date>2018-02-05T15:13:25</date>
  <millis>1517823805425</millis>
  <sequence>5</sequence>
  <level>START</level>
  <class>com.kms.katalon.core.logging.KeywordLogger</class>
  <method>startTest</method>
  <thread>1</thread>
  <message>Start Test Case : Test Cases/QUOTE_CREATION</message>
  <nestedLevel>1</nestedLevel>
  <property name="name">Test Cases/QUOTE_CREATION</property>
  <property name="description">Agent Quote process</property>
  <property name="id">Test Cases/QUOTE_CREATION</property>
  <property name="source">D:\\Katalon_Practice_Workspace\\Katalon_PPE_GANESHTest Cases\\QUOTE_CREATION.tc</property>
  <property name="isOptional">false</property>
</record>
<record>
  <date>2018-02-05T15:13:25</date>
  <millis>1517823805560</millis>
  <sequence>6</sequence>
  <level>INFO</level>
  <class>com.kms.katalon.core.logging.KeywordLogger</class>
  <method>logMessage</method>
  <thread>1</thread>
  <message>Evaluating variables for test case</message>
  <nestedLevel>1</nestedLevel>
</record>
<record>
  <date>2018-02-05T15:13:25</date>
  <millis>1517823805864</millis>
  <sequence>7</sequence>
  <level>START</level>
  <class>com.kms.katalon.core.logging.KeywordLogger</class>
  <method>startKeyword</method>
  <thread>1</thread>
  <message>Start action : Statement - propertyDataRowCounter = 0</message>
  <nestedLevel>1</nestedLevel>
  <property name="startLine">9</property>
  <property name="stepIndex">1</property>
</record>
<record>
  <date>2018-02-05T15:13:25</date>
  <millis>1517823805866</millis>
  <sequence>8</sequence>
  <level>END</level>
  <class>com.kms.katalon.core.logging.KeywordLogger</class>
  <method>endKeyword</method>
  <thread>1</thread>
  <message>End action : Statement - propertyDataRowCounter = 0</message>
  <nestedLevel>1</nestedLevel>
</record>
<record>
  <date>2018-02-05T15:13:25</date>
  <millis>1517823805867</millis>
  <sequence>9</sequence>
  <level>START</level>
  <class>com.kms.katalon.core.logging.KeywordLogger</class>
  <method>startKeyword</method>
  <thread>1</thread>
  <message>Start action : Statement - configDataRowCounter = 0</message>
  <nestedLevel>1</nestedLevel>
  <property name="startLine">10</property>
  <property name="stepIndex">2</property>
</record>
<record>
  <date>2018-02-05T15:13:25</date>
  <millis>1517823805868</millis>
  <sequence>10</sequence>
  <level>END</level>
  <class>com.kms.katalon.core.logging.KeywordLogger</class>
  <method>endKeyword</method>
  <thread>1</thread>
  <message>End action : Statement - configDataRowCounter = 0</message>
  <nestedLevel>1</nestedLevel>
</record>
<record>
  <date>2018-02-05T15:13:25</date>
  <millis>1517823805869</millis>
  <sequence>11</sequence>
  <level>START</level>
  <class>com.kms.katalon.core.logging.KeywordLogger</class>
  <method>startKeyword</method>
  <thread>1</thread>
  <message>Start action : Statement - genericDATA = com.kms.katalon.core.testdata.TestDataFactory.findTestData(PPE_Config_File)</message>
  <nestedLevel>1</nestedLevel>
  <property name="startLine">14</property>
  <property name="stepIndex">3</property>
</record>
<record>
  <date>2018-02-05T15:13:25</date>
  <millis>1517823805900</millis>
  <sequence>12</sequence>
  <level>INFO</level>
  <class>com.kms.katalon.core.logging.KeywordLogger</class>
  <method>logMessage</method>
  <thread>1</thread>
  <message>Checking test data id</message>
  <nestedLevel>1</nestedLevel>
</record>
<record>
  <date>2018-02-05T15:13:25</date>
  <millis>1517823805900</millis>
  <sequence>13</sequence>
  <level>INFO</level>
  <class>com.kms.katalon.core.logging.KeywordLogger</class>
  <method>logMessage</method>
  <thread>1</thread>
  <message>Finding test data with id &amp;apos;Data Files/PPE_Config_File&amp;apos;</message>
  <nestedLevel>1</nestedLevel>
</record>
<record>
  <date>2018-02-05T15:13:25</date>
  <millis>1517823805900</millis>
  <sequence>14</sequence>
  <level>INFO</level>
  <class>com.kms.katalon.core.logging.KeywordLogger</class>
  <method>logMessage</method>
  <thread>1</thread>
  <message>Test data is internal data, reading internal data</message>
  <nestedLevel>1</nestedLevel>
</record>
<record>
  <date>2018-02-05T15:13:25</date>
  <millis>1517823805900</millis>
  <sequence>15</sequence>
  <level>END</level>
  <class>com.kms.katalon.core.logging.KeywordLogger</class>
  <method>endKeyword</method>
  <thread>1</thread>
  <message>End action : Statement - genericDATA = com.kms.katalon.core.testdata.TestDataFactory.findTestData(PPE_Config_File)</message>
  <nestedLevel>1</nestedLevel>
</record>
<record>
  <date>2018-02-05T15:13:25</date>
  <millis>1517823805901</millis>
  <sequence>16</sequence>
  <level>START</level>
  <class>com.kms.katalon.core.logging.KeywordLogger</class>
  <method>startKeyword</method>
  <thread>1</thread>
  <message>Start action : Statement - propertyDATA = com.kms.katalon.core.testdata.TestDataFactory.findTestData(PPEPROPERTYDATA)</message>
  <nestedLevel>1</nestedLevel>
  <property name="startLine">17</property>
  <property name="stepIndex">4</property>
</record>
<record>
  <date>2018-02-05T15:13:25</date>
  <millis>1517823805901</millis>
  <sequence>17</sequence>
  <level>INFO</level>
  <class>com.kms.katalon.core.logging.KeywordLogger</class>
  <method>logMessage</method>
  <thread>1</thread>
  <message>Checking test data id</message>
  <nestedLevel>1</nestedLevel>
</record>
<record>
  <date>2018-02-05T15:13:25</date>
  <millis>1517823805901</millis>
  <sequence>18</sequence>
  <level>INFO</level>
  <class>com.kms.katalon.core.logging.KeywordLogger</class>
  <method>logMessage</method>
  <thread>1</thread>
  <message>Finding test data with id &amp;apos;Data Files/PPEPROPERTYDATA&amp;apos;</message>
  <nestedLevel>1</nestedLevel>
</record>
<record>
  <date>2018-02-05T15:13:25</date>
  <millis>1517823805901</millis>
  <sequence>19</sequence>
  <level>INFO</level>
  <class>com.kms.katalon.core.logging.KeywordLogger</class>
  <method>logMessage</method>
  <thread>1</thread>
  <message>Test data is internal data, reading internal data</message>
  <nestedLevel>1</nestedLevel>
</record>
<record>
  <date>2018-02-05T15:13:25</date>
  <millis>1517823805902</millis>
  <sequence>20</sequence>
  <level>END</level>
  <class>com.kms.katalon.core.logging.KeywordLogger</class>
  <method>endKeyword</method>
  <thread>1</thread>
  <message>End action : Statement - propertyDATA = com.kms.katalon.core.testdata.TestDataFactory.findTestData(PPEPROPERTYDATA)</message>
  <nestedLevel>1</nestedLevel>
</record>
<record>
  <date>2018-02-05T15:13:25</date>
  <millis>1517823805902</millis>
  <sequence>21</sequence>
  <level>START</level>
  <class>com.kms.katalon.core.logging.KeywordLogger</class>
  <method>startKeyword</method>
  <thread>1</thread>
  <message>Start action : Statement - obj = data.get(propertyDataRowCounter)</message>
  <nestedLevel>1</nestedLevel>
  <property name="startLine">20</property>
  <property name="stepIndex">5</property>
</record>
<record>
  <date>2018-02-05T15:13:25</date>
  <millis>1517823805909</millis>
  <sequence>22</sequence>
  <level>END</level>
  <class>com.kms.katalon.core.logging.KeywordLogger</class>
  <method>endKeyword</method>
  <thread>1</thread>
  <message>End action : Statement - obj = data.get(propertyDataRowCounter)</message>
  <nestedLevel>1</nestedLevel>
</record>
<record>
  <date>2018-02-05T15:13:25</date>
  <millis>1517823805910</millis>
  <sequence>23</sequence>
  <level>START</level>
  <class>com.kms.katalon.core.logging.KeywordLogger</class>
  <method>startKeyword</method>
  <thread>1</thread>
  <message>Start action : Statement - obj.toString().replace(\&amp;quot;N\&amp;quot;, \&amp;quot;Y\&amp;quot;)</message>
  <nestedLevel>1</nestedLevel>
  <property name="startLine">22</property>
  <property name="stepIndex">6</property>
</record>
<record>
  <date>2018-02-05T15:13:25</date>
  <millis>1517823805942</millis>
  <sequence>24</sequence>
  <level>END</level>
  <class>com.kms.katalon.core.logging.KeywordLogger</class>
  <method>endKeyword</method>
  <thread>1</thread>
  <message>End action : Statement - obj.toString().replace(\&amp;quot;N\&amp;quot;, \&amp;quot;Y\&amp;quot;)</message>
  <nestedLevel>1</nestedLevel>
</record>
<record>
  <date>2018-02-05T15:13:25</date>
  <millis>1517823805942</millis>
  <sequence>25</sequence>
  <level>START</level>
  <class>com.kms.katalon.core.logging.KeywordLogger</class>
  <method>startKeyword</method>
  <thread>1</thread>
  <message>Start action : Statement - data.add(obj)</message>
  <nestedLevel>1</nestedLevel>
  <property name="startLine">24</property>
  <property name="stepIndex">7</property>
</record>
<record>
  <date>2018-02-05T15:13:25</date>
  <millis>1517823805942</millis>
  <sequence>26</sequence>
  <level>END</level>
  <class>com.kms.katalon.core.logging.KeywordLogger</class>
  <method>endKeyword</method>
  <thread>1</thread>
  <message>End action : Statement - data.add(obj)</message>
  <nestedLevel>1</nestedLevel>
</record>
<record>
  <date>2018-02-05T15:13:25</date>
  <millis>1517823805942</millis>
  <sequence>27</sequence>
  <level>START</level>
  <class>com.kms.katalon.core.logging.KeywordLogger</class>
  <method>startKeyword</method>
  <thread>1</thread>
  <message>Start action : Statement - println(obj)</message>
  <nestedLevel>1</nestedLevel>
  <property name="startLine">26</property>
  <property name="stepIndex">8</property>
</record>
<record>
  <date>2018-02-05T15:13:25</date>
  <millis>1517823805942</millis>
  <sequence>28</sequence>
  <level>END</level>
  <class>com.kms.katalon.core.logging.KeywordLogger</class>
  <method>endKeyword</method>
  <thread>1</thread>
  <message>End action : Statement - println(obj)</message>
  <nestedLevel>1</nestedLevel>
</record>
<record>
  <date>2018-02-05T15:13:25</date>
  <millis>1517823805942</millis>
  <sequence>29</sequence>
  <level>START</level>
  <class>com.kms.katalon.core.logging.KeywordLogger</class>
  <method>startKeyword</method>
  <thread>1</thread>
  <message>Start action : com.PPE.url_Navigation.gotoURL</message>
  <nestedLevel>1</nestedLevel>
  <property name="startLine">30</property>
  <property name="stepIndex">9</property>
</record>
<record>
  <date>2018-02-05T15:13:25</date>
  <millis>1517823805942</millis>
  <sequence>30</sequence>
  <level>INFO</level>
  <class>com.kms.katalon.core.logging.KeywordLogger</class>
  <method>logMessage</method>
  <thread>1</thread>
  <message>Checking test data id</message>
  <nestedLevel>1</nestedLevel>
</record>
<record>
  <date>2018-02-05T15:13:25</date>
  <millis>1517823805942</millis>
  <sequence>31</sequence>
  <level>INFO</level>
  <class>com.kms.katalon.core.logging.KeywordLogger</class>
  <method>logMessage</method>
  <thread>1</thread>
  <message>Finding test data with id &amp;apos;Data Files/PPE_Config_File&amp;apos;</message>
  <nestedLevel>1</nestedLevel>
</record>
<record>
  <date>2018-02-05T15:13:25</date>
  <millis>1517823805958</millis>
  <sequence>32</sequence>
  <level>INFO</level>
  <class>com.kms.katalon.core.logging.KeywordLogger</class>
  <method>logMessage</method>
  <thread>1</thread>
  <message>Test data is internal data, reading internal data</message>
  <nestedLevel>1</nestedLevel>
</record>
<record>
  <date>2018-02-05T15:13:26</date>
  <millis>1517823806400</millis>
  <sequence>33</sequence>
  <level>INFO</level>
  <class>com.kms.katalon.core.logging.KeywordLogger</class>
  <method>logMessage</method>
  <thread>1</thread>
  <message>Opening browser</message>
  <nestedLevel>1</nestedLevel>
</record>
<record>
  <date>2018-02-05T15:13:26</date>
  <millis>1517823806415</millis>
  <sequence>34</sequence>
  <level>INFO</level>
  <class>com.kms.katalon.core.logging.KeywordLogger</class>
  <method>logMessage</method>
  <thread>1</thread>
  <message>Starting &amp;apos;Chrome&amp;apos; driver</message>
  <nestedLevel>1</nestedLevel>
</record>
<record>
  <date>2018-02-05T15:13:26</date>
  <millis>1517823806450</millis>
  <sequence>35</sequence>
  <level>INFO</level>
  <class>com.kms.katalon.core.logging.KeywordLogger</class>
  <method>logMessage</method>
  <thread>1</thread>
  <message>Action delay is set to 0 seconds</message>
  <nestedLevel>1</nestedLevel>
</record>
<record>
  <date>2018-02-05T15:13:29</date>
  <millis>1517823809991</millis>
  <sequence>36</sequence>
  <level>RUN_DATA</level>
  <class>com.kms.katalon.core.logging.KeywordLogger</class>
  <method>logMessage</method>
  <thread>1</thread>
  <message>Logging run data &amp;apos;sessionId&amp;apos; with value &amp;apos;6497107760244485721684a4a733995d&amp;apos;</message>
  <nestedLevel>1</nestedLevel>
  <property name="sessionId">6497107760244485721684a4a733995d</property>
</record>
<record>
  <date>2018-02-05T15:13:30</date>
  <millis>1517823810018</millis>
  <sequence>37</sequence>
  <level>RUN_DATA</level>
  <class>com.kms.katalon.core.logging.KeywordLogger</class>
  <method>logMessage</method>
  <thread>1</thread>
  <message>Logging run data &amp;apos;browser&amp;apos; with value &amp;apos;Chrome 63.0.3239.132&amp;apos;</message>
  <nestedLevel>1</nestedLevel>
  <property name="browser">Chrome 63.0.3239.132</property>
</record>
<record>
  <date>2018-02-05T15:13:30</date>
  <millis>1517823810019</millis>
  <sequence>38</sequence>
  <level>RUN_DATA</level>
  <class>com.kms.katalon.core.logging.KeywordLogger</class>
  <method>logMessage</method>
  <thread>1</thread>
  <message>Logging run data &amp;apos;platform&amp;apos; with value &amp;apos;Windows 7&amp;apos;</message>
  <nestedLevel>1</nestedLevel>
  <property name="platform">Windows 7</property>
</record>
<record>
  <date>2018-02-05T15:13:30</date>
  <millis>1517823810021</millis>
  <sequence>39</sequence>
  <level>RUN_DATA</level>
  <class>com.kms.katalon.core.logging.KeywordLogger</class>
  <method>logMessage</method>
  <thread>1</thread>
  <message>Logging run data &amp;apos;seleniumVersion&amp;apos; with value &amp;apos;2.53.0&amp;apos;</message>
  <nestedLevel>1</nestedLevel>
  <property name="seleniumVersion">2.53.0</property>
</record>
<record>
  <date>2018-02-05T15:13:30</date>
  <millis>1517823810022</millis>
  <sequence>40</sequence>
  <level>RUN_DATA</level>
  <class>com.kms.katalon.core.logging.KeywordLogger</class>
  <method>logMessage</method>
  <thread>1</thread>
  <message>Logging run data &amp;apos;proxyInformation&amp;apos; with value &amp;apos;ProxyInformation{proxyOption=NO_PROXY, proxyServerType=HTTP, password=, proxyServerAddress=, proxyServerPort=0}&amp;apos;</message>
  <nestedLevel>1</nestedLevel>
  <property name="proxyInformation">ProxyInformation{proxyOption=NO_PROXY, proxyServerType=HTTP, password=, proxyServerAddress=, proxyServerPort=0}</property>
</record>
<record>
  <date>2018-02-05T15:13:30</date>
  <millis>1517823810024</millis>
  <sequence>41</sequence>
  <level>INFO</level>
  <class>com.kms.katalon.core.logging.KeywordLogger</class>
  <method>logMessage</method>
  <thread>1</thread>
  <message>Navigating browser to: &amp;apos;http://13.90.102.191:8066/&amp;apos;</message>
  <nestedLevel>1</nestedLevel>
</record>
<record>
  <date>2018-02-05T15:13:34</date>
  <millis>1517823814394</millis>
  <sequence>42</sequence>
  <level>PASSED</level>
  <class>com.kms.katalon.core.logging.KeywordLogger</class>
  <method>logMessage</method>
  <thread>1</thread>
  <message>Browser is opened with url: &amp;apos;http://13.90.102.191:8066/&amp;apos;</message>
  <nestedLevel>1</nestedLevel>
</record>
<record>
  <date>2018-02-05T15:13:34</date>
  <millis>1517823814418</millis>
  <sequence>43</sequence>
  <level>INFO</level>
  <class>com.kms.katalon.core.logging.KeywordLogger</class>
  <method>logMessage</method>
  <thread>1</thread>
  <message>Checking timeout</message>
  <nestedLevel>1</nestedLevel>
</record>
<record>
  <date>2018-02-05T15:13:34</date>
  <millis>1517823814458</millis>
  <sequence>44</sequence>
  <level>PASSED</level>
  <class>com.kms.katalon.core.logging.KeywordLogger</class>
  <method>logMessage</method>
  <thread>1</thread>
  <message>Wait for page load successfully</message>
  <nestedLevel>1</nestedLevel>
</record>
<record>
  <date>2018-02-05T15:13:34</date>
  <millis>1517823814464</millis>
  <sequence>45</sequence>
  <level>INFO</level>
  <class>com.kms.katalon.core.logging.KeywordLogger</class>
  <method>logMessage</method>
  <thread>1</thread>
  <message>Maximizing current window</message>
  <nestedLevel>1</nestedLevel>
</record>
<record>
  <date>2018-02-05T15:13:35</date>
  <millis>1517823815592</millis>
  <sequence>46</sequence>
  <level>PASSED</level>
  <class>com.kms.katalon.core.logging.KeywordLogger</class>
  <method>logMessage</method>
  <thread>1</thread>
  <message>Current window maximized</message>
  <nestedLevel>1</nestedLevel>
</record>
<record>
  <date>2018-02-05T15:13:35</date>
  <millis>1517823815593</millis>
  <sequence>47</sequence>
  <level>PASSED</level>
  <class>com.kms.katalon.core.logging.KeywordLogger</class>
  <method>logMessage</method>
  <thread>1</thread>
  <message>com.PPE.url_Navigation.gotoURL is PASSED</message>
  <nestedLevel>1</nestedLevel>
</record>
<record>
  <date>2018-02-05T15:13:35</date>
  <millis>1517823815594</millis>
  <sequence>48</sequence>
  <level>END</level>
  <class>com.kms.katalon.core.logging.KeywordLogger</class>
  <method>endKeyword</method>
  <thread>1</thread>
  <message>End action : com.PPE.url_Navigation.gotoURL</message>
  <nestedLevel>1</nestedLevel>
</record>
<record>
  <date>2018-02-05T15:13:35</date>
  <millis>1517823815595</millis>
  <sequence>49</sequence>
  <level>START</level>
  <class>com.kms.katalon.core.logging.KeywordLogger</class>
  <method>startKeyword</method>
  <thread>1</thread>
  <message>Start action : com.PPE.IncorrectLogin.login</message>
  <nestedLevel>1</nestedLevel>
  <property name="startLine">33</property>
  <property name="stepIndex">10</property>
</record>
<record>
  <date>2018-02-05T15:13:35</date>
  <millis>1517823815612</millis>
  <sequence>50</sequence>
  <level>INFO</level>
  <class>com.kms.katalon.core.logging.KeywordLogger</class>
  <method>logMessage</method>
  <thread>1</thread>
  <message>Finding Test Object with id &amp;apos;Object Repository/Quote_OR/txtfield_USERNAME&amp;apos;</message>
  <nestedLevel>1</nestedLevel>
</record>
<record>
  <date>2018-02-05T15:13:35</date>
  <millis>1517823815631</millis>
  <sequence>51</sequence>
  <level>INFO</level>
  <class>com.kms.katalon.core.logging.KeywordLogger</class>
  <method>logMessage</method>
  <thread>1</thread>
  <message>Checking object</message>
  <nestedLevel>1</nestedLevel>
</record>
<record>
  <date>2018-02-05T15:13:35</date>
  <millis>1517823815632</millis>
  <sequence>52</sequence>
  <level>INFO</level>
  <class>com.kms.katalon.core.logging.KeywordLogger</class>
  <method>logMessage</method>
  <thread>1</thread>
  <message>Checking text</message>
  <nestedLevel>1</nestedLevel>
</record>
<record>
  <date>2018-02-05T15:13:35</date>
  <millis>1517823815632</millis>
  <sequence>53</sequence>
  <level>INFO</level>
  <class>com.kms.katalon.core.logging.KeywordLogger</class>
  <method>logMessage</method>
  <thread>1</thread>
  <message>Checking timeout</message>
  <nestedLevel>1</nestedLevel>
</record>
<record>
  <date>2018-02-05T15:13:35</date>
  <millis>1517823815633</millis>
  <sequence>54</sequence>
  <level>INFO</level>
  <class>com.kms.katalon.core.logging.KeywordLogger</class>
  <method>logMessage</method>
  <thread>1</thread>
  <message>Finding web element with id: &amp;apos;Object Repository/Quote_OR/txtfield_USERNAME&amp;apos; located by &amp;apos;By.xpath: //*[@id=\&amp;quot;txtUserName\&amp;quot;]&amp;apos; in &amp;apos;30&amp;apos; second(s)</message>
  <nestedLevel>1</nestedLevel>
</record>
<record>
  <date>2018-02-05T15:13:35</date>
  <millis>1517823815686</millis>
  <sequence>55</sequence>
  <level>INFO</level>
  <class>com.kms.katalon.core.logging.KeywordLogger</class>
  <method>logMessage</method>
  <thread>1</thread>
  <message>Found 1 web elements with id: &amp;apos;Object Repository/Quote_OR/txtfield_USERNAME&amp;apos; located by &amp;apos;By.xpath: //*[@id=\&amp;quot;txtUserName\&amp;quot;]&amp;apos; in &amp;apos;30&amp;apos; second(s)</message>
  <nestedLevel>1</nestedLevel>
</record>
<record>
  <date>2018-02-05T15:13:35</date>
  <millis>1517823815686</millis>
  <sequence>56</sequence>
  <level>INFO</level>
  <class>com.kms.katalon.core.logging.KeywordLogger</class>
  <method>logMessage</method>
  <thread>1</thread>
  <message>Clearing text of object &amp;apos;Object Repository/Quote_OR/txtfield_USERNAME&amp;apos;</message>
  <nestedLevel>1</nestedLevel>
</record>
<record>
  <date>2018-02-05T15:13:35</date>
  <millis>1517823815687</millis>
  <sequence>57</sequence>
  <level>INFO</level>
  <class>com.kms.katalon.core.logging.KeywordLogger</class>
  <method>logMessage</method>
  <thread>1</thread>
  <message>Checking timeout</message>
  <nestedLevel>1</nestedLevel>
</record>
<record>
  <date>2018-02-05T15:13:35</date>
  <millis>1517823815687</millis>
  <sequence>58</sequence>
  <level>INFO</level>
  <class>com.kms.katalon.core.logging.KeywordLogger</class>
  <method>logMessage</method>
  <thread>1</thread>
  <message>Finding web element with id: &amp;apos;Object Repository/Quote_OR/txtfield_USERNAME&amp;apos; located by &amp;apos;By.xpath: //*[@id=\&amp;quot;txtUserName\&amp;quot;]&amp;apos; in &amp;apos;30&amp;apos; second(s)</message>
  <nestedLevel>1</nestedLevel>
</record>
<record>
  <date>2018-02-05T15:13:35</date>
  <millis>1517823815719</millis>
  <sequence>59</sequence>
  <level>INFO</level>
  <class>com.kms.katalon.core.logging.KeywordLogger</class>
  <method>logMessage</method>
  <thread>1</thread>
  <message>Found 1 web elements with id: &amp;apos;Object Repository/Quote_OR/txtfield_USERNAME&amp;apos; located by &amp;apos;By.xpath: //*[@id=\&amp;quot;txtUserName\&amp;quot;]&amp;apos; in &amp;apos;30&amp;apos; second(s)</message>
  <nestedLevel>1</nestedLevel>
</record>
<record>
  <date>2018-02-05T15:13:35</date>
  <millis>1517823815719</millis>
  <sequence>60</sequence>
  <level>INFO</level>
  <class>com.kms.katalon.core.logging.KeywordLogger</class>
  <method>logMessage</method>
  <thread>1</thread>
  <message>Setting text of object &amp;apos;Object Repository/Quote_OR/txtfield_USERNAME&amp;apos; to value &amp;apos;125634&amp;apos;</message>
  <nestedLevel>1</nestedLevel>
</record>
<record>
  <date>2018-02-05T15:13:35</date>
  <millis>1517823815786</millis>
  <sequence>61</sequence>
  <level>PASSED</level>
  <class>com.kms.katalon.core.logging.KeywordLogger</class>
  <method>logMessage</method>
  <thread>1</thread>
  <message>Text &amp;apos;125634&amp;apos; is set on object &amp;apos;Object Repository/Quote_OR/txtfield_USERNAME&amp;apos;</message>
  <nestedLevel>1</nestedLevel>
</record>
<record>
  <date>2018-02-05T15:13:35</date>
  <millis>1517823815786</millis>
  <sequence>62</sequence>
  <level>INFO</level>
  <class>com.kms.katalon.core.logging.KeywordLogger</class>
  <method>logMessage</method>
  <thread>1</thread>
  <message>Finding Test Object with id &amp;apos;Object Repository/Quote_OR/txtfield_PASSWORD&amp;apos;</message>
  <nestedLevel>1</nestedLevel>
</record>
<record>
  <date>2018-02-05T15:13:35</date>
  <millis>1517823815786</millis>
  <sequence>63</sequence>
  <level>INFO</level>
  <class>com.kms.katalon.core.logging.KeywordLogger</class>
  <method>logMessage</method>
  <thread>1</thread>
  <message>Checking object</message>
  <nestedLevel>1</nestedLevel>
</record>
<record>
  <date>2018-02-05T15:13:35</date>
  <millis>1517823815786</millis>
  <sequence>64</sequence>
  <level>INFO</level>
  <class>com.kms.katalon.core.logging.KeywordLogger</class>
  <method>logMessage</method>
  <thread>1</thread>
  <message>Checking text</message>
  <nestedLevel>1</nestedLevel>
</record>
<record>
  <date>2018-02-05T15:13:35</date>
  <millis>1517823815786</millis>
  <sequence>65</sequence>
  <level>INFO</level>
  <class>com.kms.katalon.core.logging.KeywordLogger</class>
  <method>logMessage</method>
  <thread>1</thread>
  <message>Checking timeout</message>
  <nestedLevel>1</nestedLevel>
</record>
<record>
  <date>2018-02-05T15:13:35</date>
  <millis>1517823815786</millis>
  <sequence>66</sequence>
  <level>INFO</level>
  <class>com.kms.katalon.core.logging.KeywordLogger</class>
  <method>logMessage</method>
  <thread>1</thread>
  <message>Finding web element with id: &amp;apos;Object Repository/Quote_OR/txtfield_PASSWORD&amp;apos; located by &amp;apos;By.xpath: //input[count(. | //*[@id = &amp;apos;txtPassword&amp;apos;]) = count(//*[@id = &amp;apos;txtPassword&amp;apos;])][count(. | //*[@type = &amp;apos;password&amp;apos;]) = count(//*[@type = &amp;apos;password&amp;apos;])][count(. | //*[@placeholder = &amp;apos;Password&amp;apos;]) = count(//*[@placeholder = &amp;apos;Password&amp;apos;])][count(. | //*[@name = &amp;apos;password&amp;apos;]) = count(//*[@name = &amp;apos;password&amp;apos;])][count(. | //*[@class = &amp;apos;form-control&amp;apos;]) = count(//*[@class = &amp;apos;form-control&amp;apos;])][count(. | //*[@maxlength = &amp;apos;25&amp;apos;]) = count(//*[@maxlength = &amp;apos;25&amp;apos;])][count(. | //*[@autocomplete = &amp;apos;new-password&amp;apos;]) = count(//*[@autocomplete = &amp;apos;new-password&amp;apos;])][count(. | id(\&amp;quot;txtPassword\&amp;quot;)) = count(id(\&amp;quot;txtPassword\&amp;quot;))]&amp;apos; in &amp;apos;30&amp;apos; second(s)</message>
  <nestedLevel>1</nestedLevel>
</record>
<record>
  <date>2018-02-05T15:13:35</date>
  <millis>1517823815787</millis>
  <sequence>67</sequence>
  <level>INFO</level>
  <class>com.kms.katalon.core.logging.KeywordLogger</class>
  <method>logMessage</method>
  <thread>1</thread>
  <message>Found 1 web elements with id: &amp;apos;Object Repository/Quote_OR/txtfield_PASSWORD&amp;apos; located by &amp;apos;By.xpath: //input[count(. | //*[@id = &amp;apos;txtPassword&amp;apos;]) = count(//*[@id = &amp;apos;txtPassword&amp;apos;])][count(. | //*[@type = &amp;apos;password&amp;apos;]) = count(//*[@type = &amp;apos;password&amp;apos;])][count(. | //*[@placeholder = &amp;apos;Password&amp;apos;]) = count(//*[@placeholder = &amp;apos;Password&amp;apos;])][count(. | //*[@name = &amp;apos;password&amp;apos;]) = count(//*[@name = &amp;apos;password&amp;apos;])][count(. | //*[@class = &amp;apos;form-control&amp;apos;]) = count(//*[@class = &amp;apos;form-control&amp;apos;])][count(. | //*[@maxlength = &amp;apos;25&amp;apos;]) = count(//*[@maxlength = &amp;apos;25&amp;apos;])][count(. | //*[@autocomplete = &amp;apos;new-password&amp;apos;]) = count(//*[@autocomplete = &amp;apos;new-password&amp;apos;])][count(. | id(\&amp;quot;txtPassword\&amp;quot;)) = count(id(\&amp;quot;txtPassword\&amp;quot;))]&amp;apos; in &amp;apos;30&amp;apos; second(s)</message>
  <nestedLevel>1</nestedLevel>
</record>
<record>
  <date>2018-02-05T15:13:35</date>
  <millis>1517823815787</millis>
  <sequence>68</sequence>
  <level>INFO</level>
  <class>com.kms.katalon.core.logging.KeywordLogger</class>
  <method>logMessage</method>
  <thread>1</thread>
  <message>Clearing text of object &amp;apos;Object Repository/Quote_OR/txtfield_PASSWORD&amp;apos;</message>
  <nestedLevel>1</nestedLevel>
</record>
<record>
  <date>2018-02-05T15:13:35</date>
  <millis>1517823815821</millis>
  <sequence>69</sequence>
  <level>INFO</level>
  <class>com.kms.katalon.core.logging.KeywordLogger</class>
  <method>logMessage</method>
  <thread>1</thread>
  <message>Checking timeout</message>
  <nestedLevel>1</nestedLevel>
</record>
<record>
  <date>2018-02-05T15:13:35</date>
  <millis>1517823815821</millis>
  <sequence>70</sequence>
  <level>INFO</level>
  <class>com.kms.katalon.core.logging.KeywordLogger</class>
  <method>logMessage</method>
  <thread>1</thread>
  <message>Finding web element with id: &amp;apos;Object Repository/Quote_OR/txtfield_PASSWORD&amp;apos; located by &amp;apos;By.xpath: //input[count(. | //*[@id = &amp;apos;txtPassword&amp;apos;]) = count(//*[@id = &amp;apos;txtPassword&amp;apos;])][count(. | //*[@type = &amp;apos;password&amp;apos;]) = count(//*[@type = &amp;apos;password&amp;apos;])][count(. | //*[@placeholder = &amp;apos;Password&amp;apos;]) = count(//*[@placeholder = &amp;apos;Password&amp;apos;])][count(. | //*[@name = &amp;apos;password&amp;apos;]) = count(//*[@name = &amp;apos;password&amp;apos;])][count(. | //*[@class = &amp;apos;form-control&amp;apos;]) = count(//*[@class = &amp;apos;form-control&amp;apos;])][count(. | //*[@maxlength = &amp;apos;25&amp;apos;]) = count(//*[@maxlength = &amp;apos;25&amp;apos;])][count(. | //*[@autocomplete = &amp;apos;new-password&amp;apos;]) = count(//*[@autocomplete = &amp;apos;new-password&amp;apos;])][count(. | id(\&amp;quot;txtPassword\&amp;quot;)) = count(id(\&amp;quot;txtPassword\&amp;quot;))]&amp;apos; in &amp;apos;30&amp;apos; second(s)</message>
  <nestedLevel>1</nestedLevel>
</record>
<record>
  <date>2018-02-05T15:13:35</date>
  <millis>1517823815853</millis>
  <sequence>71</sequence>
  <level>INFO</level>
  <class>com.kms.katalon.core.logging.KeywordLogger</class>
  <method>logMessage</method>
  <thread>1</thread>
  <message>Found 1 web elements with id: &amp;apos;Object Repository/Quote_OR/txtfield_PASSWORD&amp;apos; located by &amp;apos;By.xpath: //input[count(. | //*[@id = &amp;apos;txtPassword&amp;apos;]) = count(//*[@id = &amp;apos;txtPassword&amp;apos;])][count(. | //*[@type = &amp;apos;password&amp;apos;]) = count(//*[@type = &amp;apos;password&amp;apos;])][count(. | //*[@placeholder = &amp;apos;Password&amp;apos;]) = count(//*[@placeholder = &amp;apos;Password&amp;apos;])][count(. | //*[@name = &amp;apos;password&amp;apos;]) = count(//*[@name = &amp;apos;password&amp;apos;])][count(. | //*[@class = &amp;apos;form-control&amp;apos;]) = count(//*[@class = &amp;apos;form-control&amp;apos;])][count(. | //*[@maxlength = &amp;apos;25&amp;apos;]) = count(//*[@maxlength = &amp;apos;25&amp;apos;])][count(. | //*[@autocomplete = &amp;apos;new-password&amp;apos;]) = count(//*[@autocomplete = &amp;apos;new-password&amp;apos;])][count(. | id(\&amp;quot;txtPassword\&amp;quot;)) = count(id(\&amp;quot;txtPassword\&amp;quot;))]&amp;apos; in &amp;apos;30&amp;apos; second(s)</message>
  <nestedLevel>1</nestedLevel>
</record>
<record>
  <date>2018-02-05T15:13:35</date>
  <millis>1517823815853</millis>
  <sequence>72</sequence>
  <level>INFO</level>
  <class>com.kms.katalon.core.logging.KeywordLogger</class>
  <method>logMessage</method>
  <thread>1</thread>
  <message>Setting text of object &amp;apos;Object Repository/Quote_OR/txtfield_PASSWORD&amp;apos; to value &amp;apos;10#Hammer&amp;apos;</message>
  <nestedLevel>1</nestedLevel>
</record>
<record>
  <date>2018-02-05T15:13:35</date>
  <millis>1517823815920</millis>
  <sequence>73</sequence>
  <level>PASSED</level>
  <class>com.kms.katalon.core.logging.KeywordLogger</class>
  <method>logMessage</method>
  <thread>1</thread>
  <message>Text &amp;apos;10#Hammer&amp;apos; is set on object &amp;apos;Object Repository/Quote_OR/txtfield_PASSWORD&amp;apos;</message>
  <nestedLevel>1</nestedLevel>
</record>
<record>
  <date>2018-02-05T15:13:35</date>
  <millis>1517823815920</millis>
  <sequence>74</sequence>
  <level>INFO</level>
  <class>com.kms.katalon.core.logging.KeywordLogger</class>
  <method>logMessage</method>
  <thread>1</thread>
  <message>Finding Test Object with id &amp;apos;Object Repository/Quote_OR/btn-LOGIN&amp;apos;</message>
  <nestedLevel>1</nestedLevel>
</record>
<record>
  <date>2018-02-05T15:13:35</date>
  <millis>1517823815921</millis>
  <sequence>75</sequence>
  <level>INFO</level>
  <class>com.kms.katalon.core.logging.KeywordLogger</class>
  <method>logMessage</method>
  <thread>1</thread>
  <message>Checking object</message>
  <nestedLevel>1</nestedLevel>
</record>
<record>
  <date>2018-02-05T15:13:35</date>
  <millis>1517823815921</millis>
  <sequence>76</sequence>
  <level>INFO</level>
  <class>com.kms.katalon.core.logging.KeywordLogger</class>
  <method>logMessage</method>
  <thread>1</thread>
  <message>Checking timeout</message>
  <nestedLevel>1</nestedLevel>
</record>
<record>
  <date>2018-02-05T15:13:35</date>
  <millis>1517823815921</millis>
  <sequence>77</sequence>
  <level>INFO</level>
  <class>com.kms.katalon.core.logging.KeywordLogger</class>
  <method>logMessage</method>
  <thread>1</thread>
  <message>Finding web element with id: &amp;apos;Object Repository/Quote_OR/btn-LOGIN&amp;apos; located by &amp;apos;By.xpath: //*[@id=\&amp;quot;btnSubmit\&amp;quot;]&amp;apos; in &amp;apos;30&amp;apos; second(s)</message>
  <nestedLevel>1</nestedLevel>
</record>
<record>
  <date>2018-02-05T15:13:35</date>
  <millis>1517823815953</millis>
  <sequence>78</sequence>
  <level>INFO</level>
  <class>com.kms.katalon.core.logging.KeywordLogger</class>
  <method>logMessage</method>
  <thread>1</thread>
  <message>Found 1 web elements with id: &amp;apos;Object Repository/Quote_OR/btn-LOGIN&amp;apos; located by &amp;apos;By.xpath: //*[@id=\&amp;quot;btnSubmit\&amp;quot;]&amp;apos; in &amp;apos;30&amp;apos; second(s)</message>
  <nestedLevel>1</nestedLevel>
</record>
<record>
  <date>2018-02-05T15:13:35</date>
  <millis>1517823815953</millis>
  <sequence>79</sequence>
  <level>INFO</level>
  <class>com.kms.katalon.core.logging.KeywordLogger</class>
  <method>logMessage</method>
  <thread>1</thread>
  <message>Clicking on object: &amp;apos;Object Repository/Quote_OR/btn-LOGIN&amp;apos;</message>
  <nestedLevel>1</nestedLevel>
</record>
<record>
  <date>2018-02-05T15:13:36</date>
  <millis>1517823816967</millis>
  <sequence>80</sequence>
  <level>PASSED</level>
  <class>com.kms.katalon.core.logging.KeywordLogger</class>
  <method>logMessage</method>
  <thread>1</thread>
  <message>Object: &amp;apos;Object Repository/Quote_OR/btn-LOGIN&amp;apos; is clicked on</message>
  <nestedLevel>1</nestedLevel>
</record>
<record>
  <date>2018-02-05T15:13:36</date>
  <millis>1517823816984</millis>
  <sequence>81</sequence>
  <level>INFO</level>
  <class>com.kms.katalon.core.logging.KeywordLogger</class>
  <method>logMessage</method>
  <thread>1</thread>
  <message>Delaying browser in 6 second(s)</message>
  <nestedLevel>1</nestedLevel>
</record>
<record>
  <date>2018-02-05T15:13:42</date>
  <millis>1517823822990</millis>
  <sequence>82</sequence>
  <level>PASSED</level>
  <class>com.kms.katalon.core.logging.KeywordLogger</class>
  <method>logMessage</method>
  <thread>1</thread>
  <message>Delayed 6 second(s)</message>
  <nestedLevel>1</nestedLevel>
</record>
<record>
  <date>2018-02-05T15:13:42</date>
  <millis>1517823822991</millis>
  <sequence>83</sequence>
  <level>INFO</level>
  <class>com.kms.katalon.core.logging.KeywordLogger</class>
  <method>logMessage</method>
  <thread>1</thread>
  <message>Finding Test Object with id &amp;apos;Object Repository/Quote_OR/txtfield_USERNAME&amp;apos;</message>
  <nestedLevel>1</nestedLevel>
</record>
<record>
  <date>2018-02-05T15:13:43</date>
  <millis>1517823823025</millis>
  <sequence>84</sequence>
  <level>INFO</level>
  <class>com.kms.katalon.core.logging.KeywordLogger</class>
  <method>logMessage</method>
  <thread>1</thread>
  <message>Checking object</message>
  <nestedLevel>1</nestedLevel>
</record>
<record>
  <date>2018-02-05T15:13:43</date>
  <millis>1517823823025</millis>
  <sequence>85</sequence>
  <level>INFO</level>
  <class>com.kms.katalon.core.logging.KeywordLogger</class>
  <method>logMessage</method>
  <thread>1</thread>
  <message>Checking text</message>
  <nestedLevel>1</nestedLevel>
</record>
<record>
  <date>2018-02-05T15:13:43</date>
  <millis>1517823823025</millis>
  <sequence>86</sequence>
  <level>INFO</level>
  <class>com.kms.katalon.core.logging.KeywordLogger</class>
  <method>logMessage</method>
  <thread>1</thread>
  <message>Checking timeout</message>
  <nestedLevel>1</nestedLevel>
</record>
<record>
  <date>2018-02-05T15:13:43</date>
  <millis>1517823823025</millis>
  <sequence>87</sequence>
  <level>INFO</level>
  <class>com.kms.katalon.core.logging.KeywordLogger</class>
  <method>logMessage</method>
  <thread>1</thread>
  <message>Finding web element with id: &amp;apos;Object Repository/Quote_OR/txtfield_USERNAME&amp;apos; located by &amp;apos;By.xpath: //*[@id=\&amp;quot;txtUserName\&amp;quot;]&amp;apos; in &amp;apos;30&amp;apos; second(s)</message>
  <nestedLevel>1</nestedLevel>
</record>
<record>
  <date>2018-02-05T15:13:43</date>
  <millis>1517823823026</millis>
  <sequence>88</sequence>
  <level>INFO</level>
  <class>com.kms.katalon.core.logging.KeywordLogger</class>
  <method>logMessage</method>
  <thread>1</thread>
  <message>Found 1 web elements with id: &amp;apos;Object Repository/Quote_OR/txtfield_USERNAME&amp;apos; located by &amp;apos;By.xpath: //*[@id=\&amp;quot;txtUserName\&amp;quot;]&amp;apos; in &amp;apos;30&amp;apos; second(s)</message>
  <nestedLevel>1</nestedLevel>
</record>
<record>
  <date>2018-02-05T15:13:43</date>
  <millis>1517823823026</millis>
  <sequence>89</sequence>
  <level>INFO</level>
  <class>com.kms.katalon.core.logging.KeywordLogger</class>
  <method>logMessage</method>
  <thread>1</thread>
  <message>Clearing text of object &amp;apos;Object Repository/Quote_OR/txtfield_USERNAME&amp;apos;</message>
  <nestedLevel>1</nestedLevel>
</record>
<record>
  <date>2018-02-05T15:13:43</date>
  <millis>1517823823059</millis>
  <sequence>90</sequence>
  <level>INFO</level>
  <class>com.kms.katalon.core.logging.KeywordLogger</class>
  <method>logMessage</method>
  <thread>1</thread>
  <message>Checking timeout</message>
  <nestedLevel>1</nestedLevel>
</record>
<record>
  <date>2018-02-05T15:13:43</date>
  <millis>1517823823059</millis>
  <sequence>91</sequence>
  <level>INFO</level>
  <class>com.kms.katalon.core.logging.KeywordLogger</class>
  <method>logMessage</method>
  <thread>1</thread>
  <message>Finding web element with id: &amp;apos;Object Repository/Quote_OR/txtfield_USERNAME&amp;apos; located by &amp;apos;By.xpath: //*[@id=\&amp;quot;txtUserName\&amp;quot;]&amp;apos; in &amp;apos;30&amp;apos; second(s)</message>
  <nestedLevel>1</nestedLevel>
</record>
<record>
  <date>2018-02-05T15:13:43</date>
  <millis>1517823823103</millis>
  <sequence>92</sequence>
  <level>INFO</level>
  <class>com.kms.katalon.core.logging.KeywordLogger</class>
  <method>logMessage</method>
  <thread>1</thread>
  <message>Found 1 web elements with id: &amp;apos;Object Repository/Quote_OR/txtfield_USERNAME&amp;apos; located by &amp;apos;By.xpath: //*[@id=\&amp;quot;txtUserName\&amp;quot;]&amp;apos; in &amp;apos;30&amp;apos; second(s)</message>
  <nestedLevel>1</nestedLevel>
</record>
<record>
  <date>2018-02-05T15:13:43</date>
  <millis>1517823823104</millis>
  <sequence>93</sequence>
  <level>INFO</level>
  <class>com.kms.katalon.core.logging.KeywordLogger</class>
  <method>logMessage</method>
  <thread>1</thread>
  <message>Setting text of object &amp;apos;Object Repository/Quote_OR/txtfield_USERNAME&amp;apos; to value &amp;apos;ih.chelms&amp;apos;</message>
  <nestedLevel>1</nestedLevel>
</record>
<record>
  <date>2018-02-05T15:13:43</date>
  <millis>1517823823175</millis>
  <sequence>94</sequence>
  <level>PASSED</level>
  <class>com.kms.katalon.core.logging.KeywordLogger</class>
  <method>logMessage</method>
  <thread>1</thread>
  <message>Text &amp;apos;ih.chelms&amp;apos; is set on object &amp;apos;Object Repository/Quote_OR/txtfield_USERNAME&amp;apos;</message>
  <nestedLevel>1</nestedLevel>
</record>
<record>
  <date>2018-02-05T15:13:43</date>
  <millis>1517823823175</millis>
  <sequence>95</sequence>
  <level>INFO</level>
  <class>com.kms.katalon.core.logging.KeywordLogger</class>
  <method>logMessage</method>
  <thread>1</thread>
  <message>Finding Test Object with id &amp;apos;Object Repository/Quote_OR/txtfield_PASSWORD&amp;apos;</message>
  <nestedLevel>1</nestedLevel>
</record>
<record>
  <date>2018-02-05T15:13:43</date>
  <millis>1517823823179</millis>
  <sequence>96</sequence>
  <level>INFO</level>
  <class>com.kms.katalon.core.logging.KeywordLogger</class>
  <method>logMessage</method>
  <thread>1</thread>
  <message>Checking object</message>
  <nestedLevel>1</nestedLevel>
</record>
<record>
  <date>2018-02-05T15:13:43</date>
  <millis>1517823823182</millis>
  <sequence>97</sequence>
  <level>INFO</level>
  <class>com.kms.katalon.core.logging.KeywordLogger</class>
  <method>logMessage</method>
  <thread>1</thread>
  <message>Checking text</message>
  <nestedLevel>1</nestedLevel>
</record>
<record>
  <date>2018-02-05T15:13:43</date>
  <millis>1517823823182</millis>
  <sequence>98</sequence>
  <level>INFO</level>
  <class>com.kms.katalon.core.logging.KeywordLogger</class>
  <method>logMessage</method>
  <thread>1</thread>
  <message>Checking timeout</message>
  <nestedLevel>1</nestedLevel>
</record>
<record>
  <date>2018-02-05T15:13:43</date>
  <millis>1517823823183</millis>
  <sequence>99</sequence>
  <level>INFO</level>
  <class>com.kms.katalon.core.logging.KeywordLogger</class>
  <method>logMessage</method>
  <thread>1</thread>
  <message>Finding web element with id: &amp;apos;Object Repository/Quote_OR/txtfield_PASSWORD&amp;apos; located by &amp;apos;By.xpath: //input[count(. | //*[@id = &amp;apos;txtPassword&amp;apos;]) = count(//*[@id = &amp;apos;txtPassword&amp;apos;])][count(. | //*[@type = &amp;apos;password&amp;apos;]) = count(//*[@type = &amp;apos;password&amp;apos;])][count(. | //*[@placeholder = &amp;apos;Password&amp;apos;]) = count(//*[@placeholder = &amp;apos;Password&amp;apos;])][count(. | //*[@name = &amp;apos;password&amp;apos;]) = count(//*[@name = &amp;apos;password&amp;apos;])][count(. | //*[@class = &amp;apos;form-control&amp;apos;]) = count(//*[@class = &amp;apos;form-control&amp;apos;])][count(. | //*[@maxlength = &amp;apos;25&amp;apos;]) = count(//*[@maxlength = &amp;apos;25&amp;apos;])][count(. | //*[@autocomplete = &amp;apos;new-password&amp;apos;]) = count(//*[@autocomplete = &amp;apos;new-password&amp;apos;])][count(. | id(\&amp;quot;txtPassword\&amp;quot;)) = count(id(\&amp;quot;txtPassword\&amp;quot;))]&amp;apos; in &amp;apos;30&amp;apos; second(s)</message>
  <nestedLevel>1</nestedLevel>
</record>
<record>
  <date>2018-02-05T15:14:14</date>
  <millis>1517823854523</millis>
  <sequence>100</sequence>
  <level>FAILED</level>
  <class>com.kms.katalon.core.logging.KeywordLogger</class>
  <method>logMessage</method>
  <thread>1</thread>
  <message>Unable to set text &amp;apos;123456&amp;apos; of object &amp;apos;Object Repository/Quote_OR/txtfield_PASSWORD&amp;apos; (Root cause: com.kms.katalon.core.webui.exception.WebElementNotFoundException: Web element with id: &amp;apos;Object Repository/Quote_OR/txtfield_PASSWORD&amp;apos; located by &amp;apos;By.xpath: //input[count(. | //*[@id = &amp;apos;txtPassword&amp;apos;]) = count(//*[@id = &amp;apos;txtPassword&amp;apos;])][count(. | //*[@type = &amp;apos;password&amp;apos;]) = count(//*[@type = &amp;apos;password&amp;apos;])][count(. | //*[@placeholder = &amp;apos;Password&amp;apos;]) = count(//*[@placeholder = &amp;apos;Password&amp;apos;])][count(. | //*[@name = &amp;apos;password&amp;apos;]) = count(//*[@name = &amp;apos;password&amp;apos;])][count(. | //*[@class = &amp;apos;form-control&amp;apos;]) = count(//*[@class = &amp;apos;form-control&amp;apos;])][count(. | //*[@maxlength = &amp;apos;25&amp;apos;]) = count(//*[@maxlength = &amp;apos;25&amp;apos;])][count(. | //*[@autocomplete = &amp;apos;new-password&amp;apos;]) = count(//*[@autocomplete = &amp;apos;new-password&amp;apos;])][count(. | id(\&amp;quot;txtPassword\&amp;quot;)) = count(id(\&amp;quot;txtPassword\&amp;quot;))]&amp;apos; not found)</message>
  <nestedLevel>1</nestedLevel>
  <property name="attachment">1517823854121.png</property>
</record>
<record>
  <date>2018-02-05T15:14:14</date>
  <millis>1517823854524</millis>
  <sequence>101</sequence>
  <level>FAILED</level>
  <class>com.kms.katalon.core.logging.KeywordLogger</class>
  <method>logMessage</method>
  <thread>1</thread>
  <message>Unable to set text &amp;apos;123456&amp;apos; of object &amp;apos;Object Repository/Quote_OR/txtfield_PASSWORD&amp;apos; (Root cause: com.kms.katalon.core.webui.exception.WebElementNotFoundException: Web element with id: &amp;apos;Object Repository/Quote_OR/txtfield_PASSWORD&amp;apos; located by &amp;apos;By.xpath: //input[count(. | //*[@id = &amp;apos;txtPassword&amp;apos;]) = count(//*[@id = &amp;apos;txtPassword&amp;apos;])][count(. | //*[@type = &amp;apos;password&amp;apos;]) = count(//*[@type = &amp;apos;password&amp;apos;])][count(. | //*[@placeholder = &amp;apos;Password&amp;apos;]) = count(//*[@placeholder = &amp;apos;Password&amp;apos;])][count(. | //*[@name = &amp;apos;password&amp;apos;]) = count(//*[@name = &amp;apos;password&amp;apos;])][count(. | //*[@class = &amp;apos;form-control&amp;apos;]) = count(//*[@class = &amp;apos;form-control&amp;apos;])][count(. | //*[@maxlength = &amp;apos;25&amp;apos;]) = count(//*[@maxlength = &amp;apos;25&amp;apos;])][count(. | //*[@autocomplete = &amp;apos;new-password&amp;apos;]) = count(//*[@autocomplete = &amp;apos;new-password&amp;apos;])][count(. | id(\&amp;quot;txtPassword\&amp;quot;)) = count(id(\&amp;quot;txtPassword\&amp;quot;))]&amp;apos; not found)</message>
  <nestedLevel>1</nestedLevel>
</record>
<record>
  <date>2018-02-05T15:14:14</date>
  <millis>1517823854539</millis>
  <sequence>102</sequence>
  <level>END</level>
  <class>com.kms.katalon.core.logging.KeywordLogger</class>
  <method>endKeyword</method>
  <thread>1</thread>
  <message>End action : com.PPE.IncorrectLogin.login</message>
  <nestedLevel>1</nestedLevel>
</record>
<record>
  <date>2018-02-05T15:14:14</date>
  <millis>1517823854539</millis>
  <sequence>103</sequence>
  <logger>com.kms.katalon.core.logging.KeywordLogger</logger>
  <level>FAILED</level>
  <class>com.kms.katalon.core.logging.KeywordLogger</class>
  <method>logMessage</method>
  <thread>1</thread>
  <message>Test Cases/QUOTE_CREATION FAILED because (of) Unable to set text &amp;apos;123456&amp;apos; of object &amp;apos;Object Repository/Quote_OR/txtfield_PASSWORD&amp;apos; (Root cause: com.kms.katalon.core.webui.exception.WebElementNotFoundException: Web element with id: &amp;apos;Object Repository/Quote_OR/txtfield_PASSWORD&amp;apos; located by &amp;apos;By.xpath: //input[count(. | //*[@id = &amp;apos;txtPassword&amp;apos;]) = count(//*[@id = &amp;apos;txtPassword&amp;apos;])][count(. | //*[@type = &amp;apos;password&amp;apos;]) = count(//*[@type = &amp;apos;password&amp;apos;])][count(. | //*[@placeholder = &amp;apos;Password&amp;apos;]) = count(//*[@placeholder = &amp;apos;Password&amp;apos;])][count(. | //*[@name = &amp;apos;password&amp;apos;]) = count(//*[@name = &amp;apos;password&amp;apos;])][count(. | //*[@class = &amp;apos;form-control&amp;apos;]) = count(//*[@class = &amp;apos;form-control&amp;apos;])][count(. | //*[@maxlength = &amp;apos;25&amp;apos;]) = count(//*[@maxlength = &amp;apos;25&amp;apos;])][count(. | //*[@autocomplete = &amp;apos;new-password&amp;apos;]) = count(//*[@autocomplete = &amp;apos;new-password&amp;apos;])][count(. | id(\&amp;quot;txtPassword\&amp;quot;)) = count(id(\&amp;quot;txtPassword\&amp;quot;))]&amp;apos; not found)</message>
  <exception>
    <message>com.kms.katalon.core.exception.StepFailedException: Unable to set text '123456' of object 'Object Repository/Quote_OR/txtfield_PASSWORD' (Root cause: com.kms.katalon.core.webui.exception.WebElementNotFoundException: Web element with id: 'Object Repository/Quote_OR/txtfield_PASSWORD' located by 'By.xpath: //input[count(. | //*[@id = 'txtPassword']) = count(//*[@id = 'txtPassword'])][count(. | //*[@type = 'password']) = count(//*[@type = 'password'])][count(. | //*[@placeholder = 'Password']) = count(//*[@placeholder = 'Password'])][count(. | //*[@name = 'password']) = count(//*[@name = 'password'])][count(. | //*[@class = 'form-control']) = count(//*[@class = 'form-control'])][count(. | //*[@maxlength = '25']) = count(//*[@maxlength = '25'])][count(. | //*[@autocomplete = 'new-password']) = count(//*[@autocomplete = 'new-password'])][count(. | id("txtPassword")) = count(id("txtPassword"))]' not found)</message>
    <frame>
      <class>com.kms.katalon.core.keyword.internal.KeywordMain</class>
      <method>stepFailed</method>
      <line>36</line>
    </frame>
    <frame>
      <class>com.kms.katalon.core.webui.keyword.internal.WebUIKeywordMain</class>
      <method>stepFailed</method>
      <line>49</line>
    </frame>
    <frame>
      <class>com.kms.katalon.core.webui.keyword.internal.WebUIKeywordMain</class>
      <method>runKeyword</method>
      <line>27</line>
    </frame>
    <frame>
      <class>com.kms.katalon.core.webui.keyword.builtin.SetTextKeyword</class>
      <method>setText</method>
      <line>65</line>
    </frame>
    <frame>
      <class>com.kms.katalon.core.webui.keyword.builtin.SetTextKeyword</class>
      <method>execute</method>
      <line>37</line>
    </frame>
    <frame>
      <class>com.kms.katalon.core.keyword.internal.KeywordExecutor</class>
      <method>executeKeywordForPlatform</method>
      <line>53</line>
    </frame>
    <frame>
      <class>com.kms.katalon.core.webui.keyword.WebUiBuiltInKeywords</class>
      <method>setText</method>
      <line>950</line>
    </frame>
    <frame>
      <class>com.kms.katalon.core.webui.keyword.WebUiBuiltInKeywords$setText$2</class>
      <method>call</method>
    </frame>
    <frame>
      <class>org.codehaus.groovy.runtime.callsite.CallSiteArray</class>
      <method>defaultCall</method>
      <line>48</line>
    </frame>
    <frame>
      <class>org.codehaus.groovy.runtime.callsite.AbstractCallSite</class>
      <method>call</method>
      <line>113</line>
    </frame>
    <frame>
      <class>org.codehaus.groovy.runtime.callsite.AbstractCallSite</class>
      <method>call</method>
      <line>133</line>
    </frame>
    <frame>
      <class>com.PPE.IncorrectLogin</class>
      <method>login</method>
      <line>53</line>
    </frame>
    <frame>
      <class>sun.reflect.NativeMethodAccessorImpl</class>
      <method>invoke0</method>
    </frame>
    <frame>
      <class>sun.reflect.NativeMethodAccessorImpl</class>
      <method>invoke</method>
      <line>62</line>
    </frame>
    <frame>
      <class>sun.reflect.DelegatingMethodAccessorImpl</class>
      <method>invoke</method>
      <line>43</line>
    </frame>
    <frame>
      <class>java.lang.reflect.Method</class>
      <method>invoke</method>
      <line>498</line>
    </frame>
    <frame>
      <class>org.codehaus.groovy.reflection.CachedMethod</class>
      <method>invoke</method>
      <line>93</line>
    </frame>
    <frame>
      <class>groovy.lang.MetaMethod</class>
      <method>doMethodInvoke</method>
      <line>325</line>
    </frame>
    <frame>
      <class>groovy.lang.MetaClassImpl</class>
      <method>invokeMethod</method>
      <line>1215</line>
    </frame>
    <frame>
      <class>groovy.lang.MetaClassImpl</class>
      <method>invokeMethod</method>
      <line>1024</line>
    </frame>
    <frame>
      <class>groovy.lang.MetaClassImpl</class>
      <method>invokeMethod</method>
      <line>812</line>
    </frame>
    <frame>
      <class>groovy.lang.DelegatingMetaClass</class>
      <method>invokeMethod</method>
      <line>144</line>
    </frame>
    <frame>
      <class>com.PPE.IncorrectLogin</class>
      <method>invokeMethod</method>
    </frame>
    <frame>
      <class>com.kms.katalon.core.main.CustomKeywordDelegatingMetaClass</class>
      <method>invokeStaticMethod</method>
      <line>46</line>
    </frame>
    <frame>
      <class>org.codehaus.groovy.runtime.callsite.StaticMetaClassSite</class>
      <method>call</method>
      <line>53</line>
    </frame>
    <frame>
      <class>org.codehaus.groovy.runtime.callsite.CallSiteArray</class>
      <method>defaultCall</method>
      <line>48</line>
    </frame>
    <frame>
      <class>org.codehaus.groovy.runtime.callsite.AbstractCallSite</class>
      <method>call</method>
      <line>113</line>
    </frame>
    <frame>
      <class>org.codehaus.groovy.runtime.callsite.AbstractCallSite</class>
      <method>call</method>
      <line>117</line>
    </frame>
    <frame>
      <class>Script1516183794027</class>
      <method>run</method>
      <line>33</line>
    </frame>
    <frame>
      <class>com.kms.katalon.core.main.ScriptEngine</class>
      <method>run</method>
      <line>183</line>
    </frame>
    <frame>
      <class>com.kms.katalon.core.main.ScriptEngine</class>
      <method>runScriptAsRawText</method>
      <line>108</line>
    </frame>
    <frame>
      <class>com.kms.katalon.core.main.TestCaseExecutor</class>
      <method>runScript</method>
      <line>215</line>
    </frame>
    <frame>
      <class>com.kms.katalon.core.main.TestCaseExecutor</class>
      <method>doExecute</method>
      <line>206</line>
    </frame>
    <frame>
      <class>com.kms.katalon.core.main.TestCaseExecutor</class>
      <method>processExecutionPhase</method>
      <line>185</line>
    </frame>
    <frame>
      <class>com.kms.katalon.core.main.TestCaseExecutor</class>
      <method>accessMainPhase</method>
      <line>177</line>
    </frame>
    <frame>
      <class>com.kms.katalon.core.main.TestCaseExecutor</class>
      <method>execute</method>
      <line>160</line>
    </frame>
    <frame>
      <class>com.kms.katalon.core.main.TestCaseMain</class>
      <method>runTestCase</method>
      <line>102</line>
    </frame>
    <frame>
      <class>com.kms.katalon.core.main.TestCaseMain$runTestCase$0</class>
      <method>call</method>
    </frame>
    <frame>
      <class>org.codehaus.groovy.runtime.callsite.CallSiteArray</class>
      <method>defaultCall</method>
      <line>48</line>
    </frame>
    <frame>
      <class>org.codehaus.groovy.runtime.callsite.AbstractCallSite</class>
      <method>call</method>
      <line>113</line>
    </frame>
    <frame>
      <class>org.codehaus.groovy.runtime.callsite.AbstractCallSite</class>
      <method>call</method>
      <line>141</line>
    </frame>
    <frame>
      <class>TempTestSuite1517823803683</class>
      <method>runTestCase_0</method>
      <line>18</line>
    </frame>
    <frame>
      <class>sun.reflect.NativeMethodAccessorImpl</class>
      <method>invoke0</method>
    </frame>
    <frame>
      <class>sun.reflect.NativeMethodAccessorImpl</class>
      <method>invoke</method>
      <line>62</line>
    </frame>
    <frame>
      <class>sun.reflect.DelegatingMethodAccessorImpl</class>
      <method>invoke</method>
      <line>43</line>
    </frame>
    <frame>
      <class>java.lang.reflect.Method</class>
      <method>invoke</method>
      <line>498</line>
    </frame>
    <frame>
      <class>org.codehaus.groovy.reflection.CachedMethod</class>
      <method>invoke</method>
      <line>93</line>
    </frame>
    <frame>
      <class>groovy.lang.MetaMethod</class>
      <method>doMethodInvoke</method>
      <line>325</line>
    </frame>
    <frame>
      <class>org.codehaus.groovy.runtime.metaclass.ClosureMetaClass</class>
      <method>invokeMethod</method>
      <line>384</line>
    </frame>
    <frame>
      <class>org.codehaus.groovy.runtime.ScriptBytecodeAdapter</class>
      <method>invokeMethodOnCurrentN</method>
      <line>82</line>
    </frame>
    <frame>
      <class>org.codehaus.groovy.runtime.ScriptBytecodeAdapter</class>
      <method>invokeMethodOnCurrent0</method>
      <line>113</line>
    </frame>
    <frame>
      <class>TempTestSuite1517823803683$_run_closure1</class>
      <method>doCall</method>
      <line>55</line>
    </frame>
    <frame>
      <class>sun.reflect.NativeMethodAccessorImpl</class>
      <method>invoke0</method>
    </frame>
    <frame>
      <class>sun.reflect.NativeMethodAccessorImpl</class>
      <method>invoke</method>
      <line>62</line>
    </frame>
    <frame>
      <class>sun.reflect.DelegatingMethodAccessorImpl</class>
      <method>invoke</method>
      <line>43</line>
    </frame>
    <frame>
      <class>java.lang.reflect.Method</class>
      <method>invoke</method>
      <line>498</line>
    </frame>
    <frame>
      <class>org.codehaus.groovy.reflection.CachedMethod</class>
      <method>invoke</method>
      <line>93</line>
    </frame>
    <frame>
      <class>groovy.lang.MetaMethod</class>
      <method>doMethodInvoke</method>
      <line>325</line>
    </frame>
    <frame>
      <class>org.codehaus.groovy.runtime.metaclass.ClosureMetaClass</class>
      <method>invokeMethod</method>
      <line>294</line>
    </frame>
    <frame>
      <class>groovy.lang.MetaClassImpl</class>
      <method>invokeMethod</method>
      <line>1024</line>
    </frame>
    <frame>
      <class>groovy.lang.Closure</class>
      <method>call</method>
      <line>414</line>
    </frame>
    <frame>
      <class>groovy.lang.Closure</class>
      <method>call</method>
      <line>430</line>
    </frame>
    <frame>
      <class>org.codehaus.groovy.runtime.DefaultGroovyMethods</class>
      <method>each</method>
      <line>2030</line>
    </frame>
    <frame>
      <class>org.codehaus.groovy.runtime.DefaultGroovyMethods</class>
      <method>each</method>
      <line>2015</line>
    </frame>
    <frame>
      <class>org.codehaus.groovy.runtime.DefaultGroovyMethods</class>
      <method>each</method>
      <line>2056</line>
    </frame>
    <frame>
      <class>org.codehaus.groovy.runtime.dgm$162</class>
      <method>invoke</method>
    </frame>
    <frame>
      <class>org.codehaus.groovy.runtime.callsite.PojoMetaMethodSite$PojoMetaMethodSiteNoUnwrapNoCoerce</class>
      <method>invoke</method>
      <line>274</line>
    </frame>
    <frame>
      <class>org.codehaus.groovy.runtime.callsite.PojoMetaMethodSite</class>
      <method>call</method>
      <line>56</line>
    </frame>
    <frame>
      <class>org.codehaus.groovy.runtime.callsite.CallSiteArray</class>
      <method>defaultCall</method>
      <line>48</line>
    </frame>
    <frame>
      <class>org.codehaus.groovy.runtime.callsite.AbstractCallSite</class>
      <method>call</method>
      <line>113</line>
    </frame>
    <frame>
      <class>org.codehaus.groovy.runtime.callsite.AbstractCallSite</class>
      <method>call</method>
      <line>125</line>
    </frame>
    <frame>
      <class>TempTestSuite1517823803683</class>
      <method>run</method>
      <line>54</line>
    </frame>
    <frame>
      <class>groovy.lang.GroovyShell</class>
      <method>runScriptOrMainOrTestOrRunnable</method>
      <line>263</line>
    </frame>
    <frame>
      <class>groovy.lang.GroovyShell</class>
      <method>run</method>
      <line>518</line>
    </frame>
    <frame>
      <class>groovy.lang.GroovyShell</class>
      <method>run</method>
      <line>507</line>
    </frame>
    <frame>
      <class>groovy.ui.GroovyMain</class>
      <method>processOnce</method>
      <line>653</line>
    </frame>
    <frame>
      <class>groovy.ui.GroovyMain</class>
      <method>run</method>
      <line>384</line>
    </frame>
    <frame>
      <class>groovy.ui.GroovyMain</class>
      <method>process</method>
      <line>370</line>
    </frame>
    <frame>
      <class>groovy.ui.GroovyMain</class>
      <method>processArgs</method>
      <line>129</line>
    </frame>
    <frame>
      <class>groovy.ui.GroovyMain</class>
      <method>main</method>
      <line>109</line>
    </frame>
    <frame>
      <class>sun.reflect.NativeMethodAccessorImpl</class>
      <method>invoke0</method>
    </frame>
    <frame>
      <class>sun.reflect.NativeMethodAccessorImpl</class>
      <method>invoke</method>
      <line>62</line>
    </frame>
    <frame>
      <class>sun.reflect.DelegatingMethodAccessorImpl</class>
      <method>invoke</method>
      <line>43</line>
    </frame>
    <frame>
      <class>java.lang.reflect.Method</class>
      <method>invoke</method>
      <line>498</line>
    </frame>
    <frame>
      <class>org.codehaus.groovy.tools.GroovyStarter</class>
      <method>rootLoader</method>
      <line>109</line>
    </frame>
    <frame>
      <class>org.codehaus.groovy.tools.GroovyStarter</class>
      <method>main</method>
      <line>131</line>
    </frame>
  </exception>
  <nestedLevel>0</nestedLevel>
</record>
<record>
  <date>2018-02-05T15:14:14</date>
  <millis>1517823854555</millis>
  <sequence>104</sequence>
  <level>END</level>
  <class>com.kms.katalon.core.logging.KeywordLogger</class>
  <method>endTest</method>
  <thread>1</thread>
  <message>End Test Case : Test Cases/QUOTE_CREATION</message>
  <nestedLevel>0</nestedLevel>
</record>
<record>
  <date>2018-02-05T15:14:14</date>
  <millis>1517823854621</millis>
  <sequence>105</sequence>
  <level>START</level>
  <class>com.kms.katalon.core.logging.KeywordLogger</class>
  <method>startTest</method>
  <thread>1</thread>
  <message>Start Test Case : Test Cases/APPLICATION_CREATION</message>
  <nestedLevel>1</nestedLevel>
  <property name="name">Test Cases/APPLICATION_CREATION</property>
  <property name="description"></property>
  <property name="id">Test Cases/APPLICATION_CREATION</property>
  <property name="source">D:\\Katalon_Practice_Workspace\\Katalon_PPE_GANESHTest Cases\\APPLICATION_CREATION.tc</property>
  <property name="isOptional">false</property>
</record>
<record>
  <date>2018-02-05T15:14:14</date>
  <millis>1517823854637</millis>
  <sequence>106</sequence>
  <level>INFO</level>
  <class>com.kms.katalon.core.logging.KeywordLogger</class>
  <method>logMessage</method>
  <thread>1</thread>
  <message>Evaluating variables for test case</message>
  <nestedLevel>1</nestedLevel>
</record>
<record>
  <date>2018-02-05T15:14:14</date>
  <millis>1517823854729</millis>
  <sequence>107</sequence>
  <level>START</level>
  <class>com.kms.katalon.core.logging.KeywordLogger</class>
  <method>startKeyword</method>
  <thread>1</thread>
  <message>Start action : Statement - propertyDataRowCounter = 0</message>
  <nestedLevel>1</nestedLevel>
  <property name="startLine">13</property>
  <property name="stepIndex">1</property>
</record>
<record>
  <date>2018-02-05T15:14:14</date>
  <millis>1517823854730</millis>
  <sequence>108</sequence>
  <level>END</level>
  <class>com.kms.katalon.core.logging.KeywordLogger</class>
  <method>endKeyword</method>
  <thread>1</thread>
  <message>End action : Statement - propertyDataRowCounter = 0</message>
  <nestedLevel>1</nestedLevel>
</record>
<record>
  <date>2018-02-05T15:14:14</date>
  <millis>1517823854731</millis>
  <sequence>109</sequence>
  <level>START</level>
  <class>com.kms.katalon.core.logging.KeywordLogger</class>
  <method>startKeyword</method>
  <thread>1</thread>
  <message>Start action : Statement - configDataRowCounter = 0</message>
  <nestedLevel>1</nestedLevel>
  <property name="startLine">14</property>
  <property name="stepIndex">2</property>
</record>
<record>
  <date>2018-02-05T15:14:14</date>
  <millis>1517823854732</millis>
  <sequence>110</sequence>
  <level>END</level>
  <class>com.kms.katalon.core.logging.KeywordLogger</class>
  <method>endKeyword</method>
  <thread>1</thread>
  <message>End action : Statement - configDataRowCounter = 0</message>
  <nestedLevel>1</nestedLevel>
</record>
<record>
  <date>2018-02-05T15:14:14</date>
  <millis>1517823854732</millis>
  <sequence>111</sequence>
  <level>START</level>
  <class>com.kms.katalon.core.logging.KeywordLogger</class>
  <method>startKeyword</method>
  <thread>1</thread>
  <message>Start action : Statement - genericDATA = com.kms.katalon.core.testdata.TestDataFactory.findTestData(PPE_Config_File)</message>
  <nestedLevel>1</nestedLevel>
  <property name="startLine">17</property>
  <property name="stepIndex">3</property>
</record>
<record>
  <date>2018-02-05T15:14:14</date>
  <millis>1517823854733</millis>
  <sequence>112</sequence>
  <level>INFO</level>
  <class>com.kms.katalon.core.logging.KeywordLogger</class>
  <method>logMessage</method>
  <thread>1</thread>
  <message>Checking test data id</message>
  <nestedLevel>1</nestedLevel>
</record>
<record>
  <date>2018-02-05T15:14:14</date>
  <millis>1517823854734</millis>
  <sequence>113</sequence>
  <level>INFO</level>
  <class>com.kms.katalon.core.logging.KeywordLogger</class>
  <method>logMessage</method>
  <thread>1</thread>
  <message>Finding test data with id &amp;apos;Data Files/PPE_Config_File&amp;apos;</message>
  <nestedLevel>1</nestedLevel>
</record>
<record>
  <date>2018-02-05T15:14:14</date>
  <millis>1517823854739</millis>
  <sequence>114</sequence>
  <level>INFO</level>
  <class>com.kms.katalon.core.logging.KeywordLogger</class>
  <method>logMessage</method>
  <thread>1</thread>
  <message>Test data is internal data, reading internal data</message>
  <nestedLevel>1</nestedLevel>
</record>
<record>
  <date>2018-02-05T15:14:14</date>
  <millis>1517823854740</millis>
  <sequence>115</sequence>
  <level>END</level>
  <class>com.kms.katalon.core.logging.KeywordLogger</class>
  <method>endKeyword</method>
  <thread>1</thread>
  <message>End action : Statement - genericDATA = com.kms.katalon.core.testdata.TestDataFactory.findTestData(PPE_Config_File)</message>
  <nestedLevel>1</nestedLevel>
</record>
<record>
  <date>2018-02-05T15:14:14</date>
  <millis>1517823854756</millis>
  <sequence>116</sequence>
  <level>START</level>
  <class>com.kms.katalon.core.logging.KeywordLogger</class>
  <method>startKeyword</method>
  <thread>1</thread>
  <message>Start action : Statement - propertyDATA = com.kms.katalon.core.testdata.TestDataFactory.findTestData(PPEPROPERTYDATA)</message>
  <nestedLevel>1</nestedLevel>
  <property name="startLine">18</property>
  <property name="stepIndex">4</property>
</record>
<record>
  <date>2018-02-05T15:14:14</date>
  <millis>1517823854756</millis>
  <sequence>117</sequence>
  <level>INFO</level>
  <class>com.kms.katalon.core.logging.KeywordLogger</class>
  <method>logMessage</method>
  <thread>1</thread>
  <message>Checking test data id</message>
  <nestedLevel>1</nestedLevel>
</record>
<record>
  <date>2018-02-05T15:14:14</date>
  <millis>1517823854772</millis>
  <sequence>118</sequence>
  <level>INFO</level>
  <class>com.kms.katalon.core.logging.KeywordLogger</class>
  <method>logMessage</method>
  <thread>1</thread>
  <message>Finding test data with id &amp;apos;Data Files/PPEPROPERTYDATA&amp;apos;</message>
  <nestedLevel>1</nestedLevel>
</record>
<record>
  <date>2018-02-05T15:14:14</date>
  <millis>1517823854772</millis>
  <sequence>119</sequence>
  <level>INFO</level>
  <class>com.kms.katalon.core.logging.KeywordLogger</class>
  <method>logMessage</method>
  <thread>1</thread>
  <message>Test data is internal data, reading internal data</message>
  <nestedLevel>1</nestedLevel>
</record>
<record>
  <date>2018-02-05T15:14:14</date>
  <millis>1517823854772</millis>
  <sequence>120</sequence>
  <level>END</level>
  <class>com.kms.katalon.core.logging.KeywordLogger</class>
  <method>endKeyword</method>
  <thread>1</thread>
  <message>End action : Statement - propertyDATA = com.kms.katalon.core.testdata.TestDataFactory.findTestData(PPEPROPERTYDATA)</message>
  <nestedLevel>1</nestedLevel>
</record>
<record>
  <date>2018-02-05T15:14:14</date>
  <millis>1517823854772</millis>
  <sequence>121</sequence>
  <level>START</level>
  <class>com.kms.katalon.core.logging.KeywordLogger</class>
  <method>startKeyword</method>
  <thread>1</thread>
  <message>Start action : com.PPE.Saving_PolicyHolderInfo_Page.PolicyHolderPage</message>
  <nestedLevel>1</nestedLevel>
  <property name="startLine">57</property>
  <property name="stepIndex">5</property>
</record>
<record>
  <date>2018-02-05T15:14:14</date>
  <millis>1517823854773</millis>
  <sequence>122</sequence>
  <level>INFO</level>
  <class>com.kms.katalon.core.logging.KeywordLogger</class>
  <method>logMessage</method>
  <thread>1</thread>
  <message>Checking test data id</message>
  <nestedLevel>1</nestedLevel>
</record>
<record>
  <date>2018-02-05T15:14:14</date>
  <millis>1517823854773</millis>
  <sequence>123</sequence>
  <level>INFO</level>
  <class>com.kms.katalon.core.logging.KeywordLogger</class>
  <method>logMessage</method>
  <thread>1</thread>
  <message>Finding test data with id &amp;apos;Data Files/PPEPROPERTYDATA&amp;apos;</message>
  <nestedLevel>1</nestedLevel>
</record>
<record>
  <date>2018-02-05T15:14:14</date>
  <millis>1517823854773</millis>
  <sequence>124</sequence>
  <level>INFO</level>
  <class>com.kms.katalon.core.logging.KeywordLogger</class>
  <method>logMessage</method>
  <thread>1</thread>
  <message>Test data is internal data, reading internal data</message>
  <nestedLevel>1</nestedLevel>
</record>
<record>
  <date>2018-02-05T15:14:14</date>
  <millis>1517823854773</millis>
  <sequence>125</sequence>
  <level>INFO</level>
  <class>com.kms.katalon.core.logging.KeywordLogger</class>
  <method>logMessage</method>
  <thread>1</thread>
  <message>Delaying browser in 4 second(s)</message>
  <nestedLevel>1</nestedLevel>
</record>
<record>
  <date>2018-02-05T15:14:18</date>
  <millis>1517823858761</millis>
  <sequence>126</sequence>
  <level>PASSED</level>
  <class>com.kms.katalon.core.logging.KeywordLogger</class>
  <method>logMessage</method>
  <thread>1</thread>
  <message>Delayed 4 second(s)</message>
  <nestedLevel>1</nestedLevel>
</record>
<record>
  <date>2018-02-05T15:14:18</date>
  <millis>1517823858762</millis>
  <sequence>127</sequence>
  <level>INFO</level>
  <class>com.kms.katalon.core.logging.KeywordLogger</class>
  <method>logMessage</method>
  <thread>1</thread>
  <message>Finding Test Object with id &amp;apos;Object Repository/Application_OR/btn_TOAPPLICATION&amp;apos;</message>
  <nestedLevel>1</nestedLevel>
</record>
<record>
  <date>2018-02-05T15:14:18</date>
  <millis>1517823858799</millis>
  <sequence>128</sequence>
  <level>INFO</level>
  <class>com.kms.katalon.core.logging.KeywordLogger</class>
  <method>logMessage</method>
  <thread>1</thread>
  <message>Checking object</message>
  <nestedLevel>1</nestedLevel>
</record>
<record>
  <date>2018-02-05T15:14:18</date>
  <millis>1517823858799</millis>
  <sequence>129</sequence>
  <level>INFO</level>
  <class>com.kms.katalon.core.logging.KeywordLogger</class>
  <method>logMessage</method>
  <thread>1</thread>
  <message>Checking timeout</message>
  <nestedLevel>1</nestedLevel>
</record>
<record>
  <date>2018-02-05T15:14:18</date>
  <millis>1517823858799</millis>
  <sequence>130</sequence>
  <level>INFO</level>
  <class>com.kms.katalon.core.logging.KeywordLogger</class>
  <method>logMessage</method>
  <thread>1</thread>
  <message>Finding web element with id: &amp;apos;Object Repository/Application_OR/btn_TOAPPLICATION&amp;apos; located by &amp;apos;By.xpath: //*[@id=\&amp;quot;btnToApplication\&amp;quot;]&amp;apos; in &amp;apos;30&amp;apos; second(s)</message>
  <nestedLevel>1</nestedLevel>
</record>
