<?xml version="1.0" encoding="UTF-8" standalone="no"?>
<!DOCTYPE log SYSTEM "logger.dtd">
<log>
<record>
  <date>2018-02-07T12:35:38</date>
  <millis>1517987138958</millis>
  <sequence>0</sequence>
  <level>START</level>
  <class>com.kms.katalon.core.logging.KeywordLogger</class>
  <method>startSuite</method>
  <thread>1</thread>
  <message>Start Test Suite : PPE</message>
  <nestedLevel>0</nestedLevel>
  <property name="name">PPE</property>
  <property name="description"></property>
  <property name="id">Test Suites/PPE</property>
</record>
<record>
  <date>2018-02-07T12:35:38</date>
  <millis>1517987138987</millis>
  <sequence>1</sequence>
  <level>RUN_DATA</level>
  <class>com.kms.katalon.core.logging.KeywordLogger</class>
  <method>logMessage</method>
  <thread>1</thread>
  <message>Logging run data &amp;apos;hostName&amp;apos; with value &amp;apos;gsalunkhe - CTS-QUA-4.cogitate.india&amp;apos;</message>
  <nestedLevel>0</nestedLevel>
  <property name="hostName">gsalunkhe - CTS-QUA-4.cogitate.india</property>
</record>
<record>
  <date>2018-02-07T12:35:38</date>
  <millis>1517987138988</millis>
  <sequence>2</sequence>
  <level>RUN_DATA</level>
  <class>com.kms.katalon.core.logging.KeywordLogger</class>
  <method>logMessage</method>
  <thread>1</thread>
  <message>Logging run data &amp;apos;os&amp;apos; with value &amp;apos;Windows 7 64bit&amp;apos;</message>
  <nestedLevel>0</nestedLevel>
  <property name="os">Windows 7 64bit</property>
</record>
<record>
  <date>2018-02-07T12:35:38</date>
  <millis>1517987138989</millis>
  <sequence>3</sequence>
  <level>RUN_DATA</level>
  <class>com.kms.katalon.core.logging.KeywordLogger</class>
  <method>logMessage</method>
  <thread>1</thread>
  <message>Logging run data &amp;apos;hostAddress&amp;apos; with value &amp;apos;192.168.0.4&amp;apos;</message>
  <nestedLevel>0</nestedLevel>
  <property name="hostAddress">192.168.0.4</property>
</record>
<record>
  <date>2018-02-07T12:35:38</date>
  <millis>1517987138990</millis>
  <sequence>4</sequence>
  <level>RUN_DATA</level>
  <class>com.kms.katalon.core.logging.KeywordLogger</class>
  <method>logMessage</method>
  <thread>1</thread>
  <message>Logging run data &amp;apos;katalonVersion&amp;apos; with value &amp;apos;5.0.1.1&amp;apos;</message>
  <nestedLevel>0</nestedLevel>
  <property name="katalonVersion">5.0.1.1</property>
</record>
<record>
  <date>2018-02-07T12:35:39</date>
  <millis>1517987139280</millis>
  <sequence>5</sequence>
  <level>START</level>
  <class>com.kms.katalon.core.logging.KeywordLogger</class>
  <method>startTest</method>
  <thread>1</thread>
  <message>Start Test Case : Test Cases/QUOTE_CREATION</message>
  <nestedLevel>1</nestedLevel>
  <property name="name">Test Cases/QUOTE_CREATION</property>
  <property name="description">Agent Quote process</property>
  <property name="id">Test Cases/QUOTE_CREATION</property>
  <property name="source">D:\\Katalon_Practice_Workspace\\Katalon_PPE_GANESHTest Cases\\QUOTE_CREATION.tc</property>
  <property name="isOptional">false</property>
</record>
<record>
  <date>2018-02-07T12:35:39</date>
  <millis>1517987139453</millis>
  <sequence>6</sequence>
  <level>INFO</level>
  <class>com.kms.katalon.core.logging.KeywordLogger</class>
  <method>logMessage</method>
  <thread>1</thread>
  <message>Evaluating variables for test case</message>
  <nestedLevel>1</nestedLevel>
</record>
<record>
  <date>2018-02-07T12:35:40</date>
  <millis>1517987140080</millis>
  <sequence>7</sequence>
  <level>START</level>
  <class>com.kms.katalon.core.logging.KeywordLogger</class>
  <method>startKeyword</method>
  <thread>1</thread>
  <message>Start action : Statement - propertyDataRowCounter = 0</message>
  <nestedLevel>1</nestedLevel>
  <property name="startLine">9</property>
  <property name="stepIndex">1</property>
</record>
<record>
  <date>2018-02-07T12:35:40</date>
  <millis>1517987140081</millis>
  <sequence>8</sequence>
  <level>END</level>
  <class>com.kms.katalon.core.logging.KeywordLogger</class>
  <method>endKeyword</method>
  <thread>1</thread>
  <message>End action : Statement - propertyDataRowCounter = 0</message>
  <nestedLevel>1</nestedLevel>
</record>
<record>
  <date>2018-02-07T12:35:40</date>
  <millis>1517987140082</millis>
  <sequence>9</sequence>
  <level>START</level>
  <class>com.kms.katalon.core.logging.KeywordLogger</class>
  <method>startKeyword</method>
  <thread>1</thread>
  <message>Start action : Statement - configDataRowCounter = 0</message>
  <nestedLevel>1</nestedLevel>
  <property name="startLine">10</property>
  <property name="stepIndex">2</property>
</record>
<record>
  <date>2018-02-07T12:35:40</date>
  <millis>1517987140083</millis>
  <sequence>10</sequence>
  <level>END</level>
  <class>com.kms.katalon.core.logging.KeywordLogger</class>
  <method>endKeyword</method>
  <thread>1</thread>
  <message>End action : Statement - configDataRowCounter = 0</message>
  <nestedLevel>1</nestedLevel>
</record>
<record>
  <date>2018-02-07T12:35:40</date>
  <millis>1517987140084</millis>
  <sequence>11</sequence>
  <level>START</level>
  <class>com.kms.katalon.core.logging.KeywordLogger</class>
  <method>startKeyword</method>
  <thread>1</thread>
  <message>Start action : Statement - genericDATA = com.kms.katalon.core.testdata.TestDataFactory.findTestData(PPE_Config_File)</message>
  <nestedLevel>1</nestedLevel>
  <property name="startLine">14</property>
  <property name="stepIndex">3</property>
</record>
<record>
  <date>2018-02-07T12:35:40</date>
  <millis>1517987140100</millis>
  <sequence>12</sequence>
  <level>INFO</level>
  <class>com.kms.katalon.core.logging.KeywordLogger</class>
  <method>logMessage</method>
  <thread>1</thread>
  <message>Checking test data id</message>
  <nestedLevel>1</nestedLevel>
</record>
<record>
  <date>2018-02-07T12:35:40</date>
  <millis>1517987140101</millis>
  <sequence>13</sequence>
  <level>INFO</level>
  <class>com.kms.katalon.core.logging.KeywordLogger</class>
  <method>logMessage</method>
  <thread>1</thread>
  <message>Finding test data with id &amp;apos;Data Files/PPE_Config_File&amp;apos;</message>
  <nestedLevel>1</nestedLevel>
</record>
<record>
  <date>2018-02-07T12:35:40</date>
  <millis>1517987140169</millis>
  <sequence>14</sequence>
  <level>INFO</level>
  <class>com.kms.katalon.core.logging.KeywordLogger</class>
  <method>logMessage</method>
  <thread>1</thread>
  <message>Test data is internal data, reading internal data</message>
  <nestedLevel>1</nestedLevel>
</record>
<record>
  <date>2018-02-07T12:35:40</date>
  <millis>1517987140171</millis>
  <sequence>15</sequence>
  <level>END</level>
  <class>com.kms.katalon.core.logging.KeywordLogger</class>
  <method>endKeyword</method>
  <thread>1</thread>
  <message>End action : Statement - genericDATA = com.kms.katalon.core.testdata.TestDataFactory.findTestData(PPE_Config_File)</message>
  <nestedLevel>1</nestedLevel>
</record>
<record>
  <date>2018-02-07T12:35:40</date>
  <millis>1517987140188</millis>
  <sequence>16</sequence>
  <level>START</level>
  <class>com.kms.katalon.core.logging.KeywordLogger</class>
  <method>startKeyword</method>
  <thread>1</thread>
  <message>Start action : Statement - propertyDATA = com.kms.katalon.core.testdata.TestDataFactory.findTestData(PPEPROPERTYDATA)</message>
  <nestedLevel>1</nestedLevel>
  <property name="startLine">17</property>
  <property name="stepIndex">4</property>
</record>
<record>
  <date>2018-02-07T12:35:40</date>
  <millis>1517987140189</millis>
  <sequence>17</sequence>
  <level>INFO</level>
  <class>com.kms.katalon.core.logging.KeywordLogger</class>
  <method>logMessage</method>
  <thread>1</thread>
  <message>Checking test data id</message>
  <nestedLevel>1</nestedLevel>
</record>
<record>
  <date>2018-02-07T12:35:40</date>
  <millis>1517987140189</millis>
  <sequence>18</sequence>
  <level>INFO</level>
  <class>com.kms.katalon.core.logging.KeywordLogger</class>
  <method>logMessage</method>
  <thread>1</thread>
  <message>Finding test data with id &amp;apos;Data Files/PPEPROPERTYDATA&amp;apos;</message>
  <nestedLevel>1</nestedLevel>
</record>
<record>
  <date>2018-02-07T12:35:40</date>
  <millis>1517987140203</millis>
  <sequence>19</sequence>
  <level>INFO</level>
  <class>com.kms.katalon.core.logging.KeywordLogger</class>
  <method>logMessage</method>
  <thread>1</thread>
  <message>Test data is internal data, reading internal data</message>
  <nestedLevel>1</nestedLevel>
</record>
<record>
  <date>2018-02-07T12:35:40</date>
  <millis>1517987140205</millis>
  <sequence>20</sequence>
  <level>END</level>
  <class>com.kms.katalon.core.logging.KeywordLogger</class>
  <method>endKeyword</method>
  <thread>1</thread>
  <message>End action : Statement - propertyDATA = com.kms.katalon.core.testdata.TestDataFactory.findTestData(PPEPROPERTYDATA)</message>
  <nestedLevel>1</nestedLevel>
</record>
<record>
  <date>2018-02-07T12:35:40</date>
  <millis>1517987140206</millis>
  <sequence>21</sequence>
  <level>START</level>
  <class>com.kms.katalon.core.logging.KeywordLogger</class>
  <method>startKeyword</method>
  <thread>1</thread>
  <message>Start action : Statement - obj = data.get(propertyDataRowCounter)</message>
  <nestedLevel>1</nestedLevel>
  <property name="startLine">20</property>
  <property name="stepIndex">5</property>
</record>
<record>
  <date>2018-02-07T12:35:40</date>
  <millis>1517987140228</millis>
  <sequence>22</sequence>
  <level>END</level>
  <class>com.kms.katalon.core.logging.KeywordLogger</class>
  <method>endKeyword</method>
  <thread>1</thread>
  <message>End action : Statement - obj = data.get(propertyDataRowCounter)</message>
  <nestedLevel>1</nestedLevel>
</record>
<record>
  <date>2018-02-07T12:35:40</date>
  <millis>1517987140229</millis>
  <sequence>23</sequence>
  <level>START</level>
  <class>com.kms.katalon.core.logging.KeywordLogger</class>
  <method>startKeyword</method>
  <thread>1</thread>
  <message>Start action : Statement - obj.toString().replace(\&amp;quot;N\&amp;quot;, \&amp;quot;Y\&amp;quot;)</message>
  <nestedLevel>1</nestedLevel>
  <property name="startLine">22</property>
  <property name="stepIndex">6</property>
</record>
<record>
  <date>2018-02-07T12:35:40</date>
  <millis>1517987140232</millis>
  <sequence>24</sequence>
  <level>END</level>
  <class>com.kms.katalon.core.logging.KeywordLogger</class>
  <method>endKeyword</method>
  <thread>1</thread>
  <message>End action : Statement - obj.toString().replace(\&amp;quot;N\&amp;quot;, \&amp;quot;Y\&amp;quot;)</message>
  <nestedLevel>1</nestedLevel>
</record>
<record>
  <date>2018-02-07T12:35:40</date>
  <millis>1517987140233</millis>
  <sequence>25</sequence>
  <level>START</level>
  <class>com.kms.katalon.core.logging.KeywordLogger</class>
  <method>startKeyword</method>
  <thread>1</thread>
  <message>Start action : Statement - data.add(obj)</message>
  <nestedLevel>1</nestedLevel>
  <property name="startLine">24</property>
  <property name="stepIndex">7</property>
</record>
<record>
  <date>2018-02-07T12:35:40</date>
  <millis>1517987140237</millis>
  <sequence>26</sequence>
  <level>END</level>
  <class>com.kms.katalon.core.logging.KeywordLogger</class>
  <method>endKeyword</method>
  <thread>1</thread>
  <message>End action : Statement - data.add(obj)</message>
  <nestedLevel>1</nestedLevel>
</record>
<record>
  <date>2018-02-07T12:35:40</date>
  <millis>1517987140237</millis>
  <sequence>27</sequence>
  <level>START</level>
  <class>com.kms.katalon.core.logging.KeywordLogger</class>
  <method>startKeyword</method>
  <thread>1</thread>
  <message>Start action : Statement - println(obj)</message>
  <nestedLevel>1</nestedLevel>
  <property name="startLine">26</property>
  <property name="stepIndex">8</property>
</record>
<record>
  <date>2018-02-07T12:35:40</date>
  <millis>1517987140245</millis>
  <sequence>28</sequence>
  <level>END</level>
  <class>com.kms.katalon.core.logging.KeywordLogger</class>
  <method>endKeyword</method>
  <thread>1</thread>
  <message>End action : Statement - println(obj)</message>
  <nestedLevel>1</nestedLevel>
</record>
<record>
  <date>2018-02-07T12:35:40</date>
  <millis>1517987140245</millis>
  <sequence>29</sequence>
  <level>START</level>
  <class>com.kms.katalon.core.logging.KeywordLogger</class>
  <method>startKeyword</method>
  <thread>1</thread>
  <message>Start action : com.PPE.url_Navigation.gotoURL</message>
  <nestedLevel>1</nestedLevel>
  <property name="startLine">30</property>
  <property name="stepIndex">9</property>
</record>
<record>
  <date>2018-02-07T12:35:40</date>
  <millis>1517987140281</millis>
  <sequence>30</sequence>
  <level>INFO</level>
  <class>com.kms.katalon.core.logging.KeywordLogger</class>
  <method>logMessage</method>
  <thread>1</thread>
  <message>Checking test data id</message>
  <nestedLevel>1</nestedLevel>
</record>
<record>
  <date>2018-02-07T12:35:40</date>
  <millis>1517987140282</millis>
  <sequence>31</sequence>
  <level>INFO</level>
  <class>com.kms.katalon.core.logging.KeywordLogger</class>
  <method>logMessage</method>
  <thread>1</thread>
  <message>Finding test data with id &amp;apos;Data Files/PPE_Config_File&amp;apos;</message>
  <nestedLevel>1</nestedLevel>
</record>
<record>
  <date>2018-02-07T12:35:40</date>
  <millis>1517987140287</millis>
  <sequence>32</sequence>
  <level>INFO</level>
  <class>com.kms.katalon.core.logging.KeywordLogger</class>
  <method>logMessage</method>
  <thread>1</thread>
  <message>Test data is internal data, reading internal data</message>
  <nestedLevel>1</nestedLevel>
</record>
<record>
  <date>2018-02-07T12:35:40</date>
  <millis>1517987140942</millis>
  <sequence>33</sequence>
  <level>INFO</level>
  <class>com.kms.katalon.core.logging.KeywordLogger</class>
  <method>logMessage</method>
  <thread>1</thread>
  <message>Opening browser</message>
  <nestedLevel>1</nestedLevel>
</record>
<record>
  <date>2018-02-07T12:35:40</date>
  <millis>1517987140951</millis>
  <sequence>34</sequence>
  <level>INFO</level>
  <class>com.kms.katalon.core.logging.KeywordLogger</class>
  <method>logMessage</method>
  <thread>1</thread>
  <message>Starting &amp;apos;Chrome&amp;apos; driver</message>
  <nestedLevel>1</nestedLevel>
</record>
<record>
  <date>2018-02-07T12:35:40</date>
  <millis>1517987140987</millis>
  <sequence>35</sequence>
  <level>INFO</level>
  <class>com.kms.katalon.core.logging.KeywordLogger</class>
  <method>logMessage</method>
  <thread>1</thread>
  <message>Action delay is set to 0 seconds</message>
  <nestedLevel>1</nestedLevel>
</record>
<record>
  <date>2018-02-07T12:35:43</date>
  <millis>1517987143921</millis>
  <sequence>36</sequence>
  <level>RUN_DATA</level>
  <class>com.kms.katalon.core.logging.KeywordLogger</class>
  <method>logMessage</method>
  <thread>1</thread>
  <message>Logging run data &amp;apos;sessionId&amp;apos; with value &amp;apos;da014a9848ffa63920a6a76a2864f417&amp;apos;</message>
  <nestedLevel>1</nestedLevel>
  <property name="sessionId">da014a9848ffa63920a6a76a2864f417</property>
</record>
<record>
  <date>2018-02-07T12:35:43</date>
  <millis>1517987143949</millis>
  <sequence>37</sequence>
  <level>RUN_DATA</level>
  <class>com.kms.katalon.core.logging.KeywordLogger</class>
  <method>logMessage</method>
  <thread>1</thread>
  <message>Logging run data &amp;apos;browser&amp;apos; with value &amp;apos;Chrome 63.0.3239.132&amp;apos;</message>
  <nestedLevel>1</nestedLevel>
  <property name="browser">Chrome 63.0.3239.132</property>
</record>
<record>
  <date>2018-02-07T12:35:43</date>
  <millis>1517987143951</millis>
  <sequence>38</sequence>
  <level>RUN_DATA</level>
  <class>com.kms.katalon.core.logging.KeywordLogger</class>
  <method>logMessage</method>
  <thread>1</thread>
  <message>Logging run data &amp;apos;platform&amp;apos; with value &amp;apos;Windows 7&amp;apos;</message>
  <nestedLevel>1</nestedLevel>
  <property name="platform">Windows 7</property>
</record>
<record>
  <date>2018-02-07T12:35:43</date>
  <millis>1517987143954</millis>
  <sequence>39</sequence>
  <level>RUN_DATA</level>
  <class>com.kms.katalon.core.logging.KeywordLogger</class>
  <method>logMessage</method>
  <thread>1</thread>
  <message>Logging run data &amp;apos;seleniumVersion&amp;apos; with value &amp;apos;2.53.0&amp;apos;</message>
  <nestedLevel>1</nestedLevel>
  <property name="seleniumVersion">2.53.0</property>
</record>
<record>
  <date>2018-02-07T12:35:43</date>
  <millis>1517987143955</millis>
  <sequence>40</sequence>
  <level>RUN_DATA</level>
  <class>com.kms.katalon.core.logging.KeywordLogger</class>
  <method>logMessage</method>
  <thread>1</thread>
  <message>Logging run data &amp;apos;proxyInformation&amp;apos; with value &amp;apos;ProxyInformation{proxyOption=NO_PROXY, proxyServerType=HTTP, password=, proxyServerAddress=, proxyServerPort=0}&amp;apos;</message>
  <nestedLevel>1</nestedLevel>
  <property name="proxyInformation">ProxyInformation{proxyOption=NO_PROXY, proxyServerType=HTTP, password=, proxyServerAddress=, proxyServerPort=0}</property>
</record>
<record>
  <date>2018-02-07T12:35:43</date>
  <millis>1517987143958</millis>
  <sequence>41</sequence>
  <level>INFO</level>
  <class>com.kms.katalon.core.logging.KeywordLogger</class>
  <method>logMessage</method>
  <thread>1</thread>
  <message>Navigating browser to: &amp;apos;http://13.90.102.191:8066/&amp;apos;</message>
  <nestedLevel>1</nestedLevel>
</record>
<record>
  <date>2018-02-07T12:36:05</date>
  <millis>1517987165139</millis>
  <sequence>42</sequence>
  <level>PASSED</level>
  <class>com.kms.katalon.core.logging.KeywordLogger</class>
  <method>logMessage</method>
  <thread>1</thread>
  <message>Browser is opened with url: &amp;apos;http://13.90.102.191:8066/&amp;apos;</message>
  <nestedLevel>1</nestedLevel>
</record>
<record>
  <date>2018-02-07T12:36:05</date>
  <millis>1517987165178</millis>
  <sequence>43</sequence>
  <level>INFO</level>
  <class>com.kms.katalon.core.logging.KeywordLogger</class>
  <method>logMessage</method>
  <thread>1</thread>
  <message>Checking timeout</message>
  <nestedLevel>1</nestedLevel>
</record>
<record>
  <date>2018-02-07T12:36:05</date>
  <millis>1517987165309</millis>
  <sequence>44</sequence>
  <level>PASSED</level>
  <class>com.kms.katalon.core.logging.KeywordLogger</class>
  <method>logMessage</method>
  <thread>1</thread>
  <message>Wait for page load successfully</message>
  <nestedLevel>1</nestedLevel>
</record>
<record>
  <date>2018-02-07T12:36:05</date>
  <millis>1517987165322</millis>
  <sequence>45</sequence>
  <level>INFO</level>
  <class>com.kms.katalon.core.logging.KeywordLogger</class>
  <method>logMessage</method>
  <thread>1</thread>
  <message>Maximizing current window</message>
  <nestedLevel>1</nestedLevel>
</record>
<record>
  <date>2018-02-07T12:36:06</date>
  <millis>1517987166459</millis>
  <sequence>46</sequence>
  <level>PASSED</level>
  <class>com.kms.katalon.core.logging.KeywordLogger</class>
  <method>logMessage</method>
  <thread>1</thread>
  <message>Current window maximized</message>
  <nestedLevel>1</nestedLevel>
</record>
<record>
  <date>2018-02-07T12:36:06</date>
  <millis>1517987166460</millis>
  <sequence>47</sequence>
  <level>PASSED</level>
  <class>com.kms.katalon.core.logging.KeywordLogger</class>
  <method>logMessage</method>
  <thread>1</thread>
  <message>com.PPE.url_Navigation.gotoURL is PASSED</message>
  <nestedLevel>1</nestedLevel>
</record>
<record>
  <date>2018-02-07T12:36:06</date>
  <millis>1517987166461</millis>
  <sequence>48</sequence>
  <level>END</level>
  <class>com.kms.katalon.core.logging.KeywordLogger</class>
  <method>endKeyword</method>
  <thread>1</thread>
  <message>End action : com.PPE.url_Navigation.gotoURL</message>
  <nestedLevel>1</nestedLevel>
</record>
<record>
  <date>2018-02-07T12:36:06</date>
  <millis>1517987166462</millis>
  <sequence>49</sequence>
  <level>START</level>
  <class>com.kms.katalon.core.logging.KeywordLogger</class>
  <method>startKeyword</method>
  <thread>1</thread>
  <message>Start action : com.PPE.IncorrectLogin.login</message>
  <nestedLevel>1</nestedLevel>
  <property name="startLine">33</property>
  <property name="stepIndex">10</property>
</record>
<record>
  <date>2018-02-07T12:36:06</date>
  <millis>1517987166491</millis>
  <sequence>50</sequence>
  <level>INFO</level>
  <class>com.kms.katalon.core.logging.KeywordLogger</class>
  <method>logMessage</method>
  <thread>1</thread>
  <message>Finding Test Object with id &amp;apos;Object Repository/Quote_OR/txtfield_USERNAME&amp;apos;</message>
  <nestedLevel>1</nestedLevel>
</record>
<record>
  <date>2018-02-07T12:36:06</date>
  <millis>1517987166514</millis>
  <sequence>51</sequence>
  <level>INFO</level>
  <class>com.kms.katalon.core.logging.KeywordLogger</class>
  <method>logMessage</method>
  <thread>1</thread>
  <message>Checking object</message>
  <nestedLevel>1</nestedLevel>
</record>
<record>
  <date>2018-02-07T12:36:06</date>
  <millis>1517987166515</millis>
  <sequence>52</sequence>
  <level>INFO</level>
  <class>com.kms.katalon.core.logging.KeywordLogger</class>
  <method>logMessage</method>
  <thread>1</thread>
  <message>Checking text</message>
  <nestedLevel>1</nestedLevel>
</record>
<record>
  <date>2018-02-07T12:36:06</date>
  <millis>1517987166515</millis>
  <sequence>53</sequence>
  <level>INFO</level>
  <class>com.kms.katalon.core.logging.KeywordLogger</class>
  <method>logMessage</method>
  <thread>1</thread>
  <message>Checking timeout</message>
  <nestedLevel>1</nestedLevel>
</record>
<record>
  <date>2018-02-07T12:36:06</date>
  <millis>1517987166516</millis>
  <sequence>54</sequence>
  <level>INFO</level>
  <class>com.kms.katalon.core.logging.KeywordLogger</class>
  <method>logMessage</method>
  <thread>1</thread>
  <message>Finding web element with id: &amp;apos;Object Repository/Quote_OR/txtfield_USERNAME&amp;apos; located by &amp;apos;By.xpath: //*[@id=\&amp;quot;txtUserName\&amp;quot;]&amp;apos; in &amp;apos;30&amp;apos; second(s)</message>
  <nestedLevel>1</nestedLevel>
</record>
