<?xml version="1.0" encoding="UTF-8" standalone="no"?>
<!DOCTYPE log SYSTEM "logger.dtd">
<log>
<record>
  <date>2017-12-04T14:46:13</date>
  <millis>1512378973580</millis>
  <sequence>0</sequence>
  <level>START</level>
  <class>com.kms.katalon.core.logging.KeywordLogger</class>
  <method>startSuite</method>
  <thread>1</thread>
  <message>Start Test Suite : PPE_Login</message>
  <nestedLevel>0</nestedLevel>
  <property name="name">PPE_Login</property>
  <property name="description"></property>
  <property name="id">Test Suites/PPE_Login</property>
</record>
<record>
  <date>2017-12-04T14:46:13</date>
  <millis>1512378973617</millis>
  <sequence>1</sequence>
  <level>RUN_DATA</level>
  <class>com.kms.katalon.core.logging.KeywordLogger</class>
  <method>logMessage</method>
  <thread>1</thread>
  <message>Logging run data &amp;apos;hostName&amp;apos; with value &amp;apos;gsalunkhe - CTS-QUA-4.cogitate.india&amp;apos;</message>
  <nestedLevel>0</nestedLevel>
  <property name="hostName">gsalunkhe - CTS-QUA-4.cogitate.india</property>
</record>
<record>
  <date>2017-12-04T14:46:13</date>
  <millis>1512378973618</millis>
  <sequence>2</sequence>
  <level>RUN_DATA</level>
  <class>com.kms.katalon.core.logging.KeywordLogger</class>
  <method>logMessage</method>
  <thread>1</thread>
  <message>Logging run data &amp;apos;os&amp;apos; with value &amp;apos;Windows 7 64bit&amp;apos;</message>
  <nestedLevel>0</nestedLevel>
  <property name="os">Windows 7 64bit</property>
</record>
<record>
  <date>2017-12-04T14:46:13</date>
  <millis>1512378973619</millis>
  <sequence>3</sequence>
  <level>RUN_DATA</level>
  <class>com.kms.katalon.core.logging.KeywordLogger</class>
  <method>logMessage</method>
  <thread>1</thread>
  <message>Logging run data &amp;apos;hostAddress&amp;apos; with value &amp;apos;192.168.0.4&amp;apos;</message>
  <nestedLevel>0</nestedLevel>
  <property name="hostAddress">192.168.0.4</property>
</record>
<record>
  <date>2017-12-04T14:46:13</date>
  <millis>1512378973621</millis>
  <sequence>4</sequence>
  <level>RUN_DATA</level>
  <class>com.kms.katalon.core.logging.KeywordLogger</class>
  <method>logMessage</method>
  <thread>1</thread>
  <message>Logging run data &amp;apos;katalonVersion&amp;apos; with value &amp;apos;5.0.1.1&amp;apos;</message>
  <nestedLevel>0</nestedLevel>
  <property name="katalonVersion">5.0.1.1</property>
</record>
<record>
  <date>2017-12-04T14:46:13</date>
  <millis>1512378973973</millis>
  <sequence>5</sequence>
  <level>START</level>
  <class>com.kms.katalon.core.logging.KeywordLogger</class>
  <method>startTest</method>
  <thread>1</thread>
  <message>Start Test Case : Test Cases/Open_Browser</message>
  <nestedLevel>1</nestedLevel>
  <property name="name">Test Cases/Open_Browser</property>
  <property name="description">Try to open an Browser</property>
  <property name="id">Test Cases/Open_Browser</property>
  <property name="source">D:\\Katalon_Practice_Workspace\\Beginner ThreeTest Cases\\Open_Browser.tc</property>
  <property name="isOptional">false</property>
</record>
<record>
  <date>2017-12-04T14:46:14</date>
  <millis>1512378974274</millis>
  <sequence>6</sequence>
  <level>INFO</level>
  <class>com.kms.katalon.core.logging.KeywordLogger</class>
  <method>logMessage</method>
  <thread>1</thread>
  <message>Evaluating variables for test case</message>
  <nestedLevel>1</nestedLevel>
</record>
<record>
  <date>2017-12-04T14:46:14</date>
  <millis>1512378974595</millis>
  <sequence>7</sequence>
  <level>START</level>
  <class>com.kms.katalon.core.logging.KeywordLogger</class>
  <method>startKeyword</method>
  <thread>1</thread>
  <message>Start action : openBrowser</message>
  <nestedLevel>1</nestedLevel>
  <property name="startLine">22</property>
  <property name="stepIndex">1</property>
</record>
<record>
  <date>2017-12-04T14:46:14</date>
  <millis>1512378974975</millis>
  <sequence>8</sequence>
  <level>INFO</level>
  <class>com.kms.katalon.core.logging.KeywordLogger</class>
  <method>logMessage</method>
  <thread>1</thread>
  <message>Opening browser</message>
  <nestedLevel>1</nestedLevel>
</record>
<record>
  <date>2017-12-04T14:46:14</date>
  <millis>1512378974982</millis>
  <sequence>9</sequence>
  <level>INFO</level>
  <class>com.kms.katalon.core.logging.KeywordLogger</class>
  <method>logMessage</method>
  <thread>1</thread>
  <message>Starting &amp;apos;Firefox&amp;apos; driver</message>
  <nestedLevel>1</nestedLevel>
</record>
<record>
  <date>2017-12-04T14:46:15</date>
  <millis>1512378975551</millis>
  <sequence>10</sequence>
  <level>INFO</level>
  <class>com.kms.katalon.core.logging.KeywordLogger</class>
  <method>logMessage</method>
  <thread>1</thread>
  <message>Action delay is set to 0 seconds</message>
  <nestedLevel>1</nestedLevel>
</record>
<record>
  <date>2017-12-04T14:46:19</date>
  <millis>1512378979340</millis>
  <sequence>11</sequence>
  <level>RUN_DATA</level>
  <class>com.kms.katalon.core.logging.KeywordLogger</class>
  <method>logMessage</method>
  <thread>1</thread>
  <message>Logging run data &amp;apos;sessionId&amp;apos; with value &amp;apos;23eb1253-dcee-4ac8-9869-b4d667884842&amp;apos;</message>
  <nestedLevel>1</nestedLevel>
  <property name="sessionId">23eb1253-dcee-4ac8-9869-b4d667884842</property>
</record>
<record>
  <date>2017-12-04T14:46:19</date>
  <millis>1512378979379</millis>
  <sequence>12</sequence>
  <level>RUN_DATA</level>
  <class>com.kms.katalon.core.logging.KeywordLogger</class>
  <method>logMessage</method>
  <thread>1</thread>
  <message>Logging run data &amp;apos;browser&amp;apos; with value &amp;apos;Firefox 41.0&amp;apos;</message>
  <nestedLevel>1</nestedLevel>
  <property name="browser">Firefox 41.0</property>
</record>
<record>
  <date>2017-12-04T14:46:19</date>
  <millis>1512378979380</millis>
  <sequence>13</sequence>
  <level>RUN_DATA</level>
  <class>com.kms.katalon.core.logging.KeywordLogger</class>
  <method>logMessage</method>
  <thread>1</thread>
  <message>Logging run data &amp;apos;platform&amp;apos; with value &amp;apos;Windows 7&amp;apos;</message>
  <nestedLevel>1</nestedLevel>
  <property name="platform">Windows 7</property>
</record>
<record>
  <date>2017-12-04T14:46:19</date>
  <millis>1512378979384</millis>
  <sequence>14</sequence>
  <level>RUN_DATA</level>
  <class>com.kms.katalon.core.logging.KeywordLogger</class>
  <method>logMessage</method>
  <thread>1</thread>
  <message>Logging run data &amp;apos;seleniumVersion&amp;apos; with value &amp;apos;2.53.0&amp;apos;</message>
  <nestedLevel>1</nestedLevel>
  <property name="seleniumVersion">2.53.0</property>
</record>
<record>
  <date>2017-12-04T14:46:19</date>
  <millis>1512378979387</millis>
  <sequence>15</sequence>
  <level>RUN_DATA</level>
  <class>com.kms.katalon.core.logging.KeywordLogger</class>
  <method>logMessage</method>
  <thread>1</thread>
  <message>Logging run data &amp;apos;proxyInformation&amp;apos; with value &amp;apos;ProxyInformation{proxyOption=NO_PROXY, proxyServerType=HTTP, password=, proxyServerAddress=, proxyServerPort=0}&amp;apos;</message>
  <nestedLevel>1</nestedLevel>
  <property name="proxyInformation">ProxyInformation{proxyOption=NO_PROXY, proxyServerType=HTTP, password=, proxyServerAddress=, proxyServerPort=0}</property>
</record>
<record>
  <date>2017-12-04T14:46:19</date>
  <millis>1512378979389</millis>
  <sequence>16</sequence>
  <level>INFO</level>
  <class>com.kms.katalon.core.logging.KeywordLogger</class>
  <method>logMessage</method>
  <thread>1</thread>
  <message>Navigating browser to: &amp;apos;http://13.90.102.191:8066/&amp;apos;</message>
  <nestedLevel>1</nestedLevel>
</record>
<record>
  <date>2017-12-04T14:46:23</date>
  <millis>1512378983654</millis>
  <sequence>17</sequence>
  <level>PASSED</level>
  <class>com.kms.katalon.core.logging.KeywordLogger</class>
  <method>logMessage</method>
  <thread>1</thread>
  <message>Browser is opened with url: &amp;apos;http://13.90.102.191:8066/&amp;apos;</message>
  <nestedLevel>1</nestedLevel>
</record>
<record>
  <date>2017-12-04T14:46:23</date>
  <millis>1512378983655</millis>
  <sequence>18</sequence>
  <level>END</level>
  <class>com.kms.katalon.core.logging.KeywordLogger</class>
  <method>endKeyword</method>
  <thread>1</thread>
  <message>End action : openBrowser</message>
  <nestedLevel>1</nestedLevel>
</record>
<record>
  <date>2017-12-04T14:46:23</date>
  <millis>1512378983655</millis>
  <sequence>19</sequence>
  <level>PASSED</level>
  <class>com.kms.katalon.core.logging.KeywordLogger</class>
  <method>logMessage</method>
  <thread>1</thread>
  <message>Test Cases/Open_Browser</message>
  <nestedLevel>1</nestedLevel>
</record>
<record>
  <date>2017-12-04T14:46:23</date>
  <millis>1512378983656</millis>
  <sequence>20</sequence>
  <level>END</level>
  <class>com.kms.katalon.core.logging.KeywordLogger</class>
  <method>endTest</method>
  <thread>1</thread>
  <message>End Test Case : Test Cases/Open_Browser</message>
  <nestedLevel>0</nestedLevel>
</record>
<record>
  <date>2017-12-04T14:46:23</date>
  <millis>1512378983724</millis>
  <sequence>21</sequence>
  <level>START</level>
  <class>com.kms.katalon.core.logging.KeywordLogger</class>
  <method>startTest</method>
  <thread>1</thread>
  <message>Start Test Case : Test Cases/Entering Username</message>
  <nestedLevel>1</nestedLevel>
  <property name="name">Test Cases/Entering Username</property>
  <property name="description">Entering Username in Username field.</property>
  <property name="id">Test Cases/Entering Username</property>
  <property name="source">D:\\Katalon_Practice_Workspace\\Beginner ThreeTest Cases\\Entering Username.tc</property>
  <property name="isOptional">false</property>
</record>
<record>
  <date>2017-12-04T14:46:23</date>
  <millis>1512378983730</millis>
  <sequence>22</sequence>
  <level>INFO</level>
  <class>com.kms.katalon.core.logging.KeywordLogger</class>
  <method>logMessage</method>
  <thread>1</thread>
  <message>Evaluating variables for test case</message>
  <nestedLevel>1</nestedLevel>
</record>
<record>
  <date>2017-12-04T14:46:23</date>
  <millis>1512378983810</millis>
  <sequence>23</sequence>
  <level>START</level>
  <class>com.kms.katalon.core.logging.KeywordLogger</class>
  <method>startKeyword</method>
  <thread>1</thread>
  <message>Start action : sendKeys</message>
  <nestedLevel>1</nestedLevel>
  <property name="startLine">22</property>
  <property name="stepIndex">1</property>
</record>
<record>
  <date>2017-12-04T14:46:23</date>
  <millis>1512378983814</millis>
  <sequence>24</sequence>
  <level>INFO</level>
  <class>com.kms.katalon.core.logging.KeywordLogger</class>
  <method>logMessage</method>
  <thread>1</thread>
  <message>Finding Test Object with id &amp;apos;Object Repository/input_userName&amp;apos;</message>
  <nestedLevel>1</nestedLevel>
</record>
<record>
  <date>2017-12-04T14:46:23</date>
  <millis>1512378983851</millis>
  <sequence>25</sequence>
  <level>INFO</level>
  <class>com.kms.katalon.core.logging.KeywordLogger</class>
  <method>logMessage</method>
  <thread>1</thread>
  <message>Sending keys &amp;apos;ih.chelms&amp;apos; to object: &amp;apos;Object Repository/input_userName&amp;apos;</message>
  <nestedLevel>1</nestedLevel>
</record>
<record>
  <date>2017-12-04T14:46:23</date>
  <millis>1512378983852</millis>
  <sequence>26</sequence>
  <level>INFO</level>
  <class>com.kms.katalon.core.logging.KeywordLogger</class>
  <method>logMessage</method>
  <thread>1</thread>
  <message>Checking timeout</message>
  <nestedLevel>1</nestedLevel>
</record>
<record>
  <date>2017-12-04T14:46:23</date>
  <millis>1512378983858</millis>
  <sequence>27</sequence>
  <level>INFO</level>
  <class>com.kms.katalon.core.logging.KeywordLogger</class>
  <method>logMessage</method>
  <thread>1</thread>
  <message>Finding web element with id: &amp;apos;Object Repository/input_userName&amp;apos; located by &amp;apos;By.xpath: //input[count(. | //*[@id = &amp;apos;txtUserName&amp;apos;]) = count(//*[@id = &amp;apos;txtUserName&amp;apos;])][count(. | //*[@type = &amp;apos;text&amp;apos;]) = count(//*[@type = &amp;apos;text&amp;apos;])][count(. | //*[@placeholder = &amp;apos;Username&amp;apos;]) = count(//*[@placeholder = &amp;apos;Username&amp;apos;])][count(. | //*[@name = &amp;apos;userName&amp;apos;]) = count(//*[@name = &amp;apos;userName&amp;apos;])][count(. | //*[@class = &amp;apos;form-control&amp;apos;]) = count(//*[@class = &amp;apos;form-control&amp;apos;])][count(. | //*[@maxlength = &amp;apos;25&amp;apos;]) = count(//*[@maxlength = &amp;apos;25&amp;apos;])][count(. | //*[@autocomplete = &amp;apos;new-password&amp;apos;]) = count(//*[@autocomplete = &amp;apos;new-password&amp;apos;])][count(. | id(\&amp;quot;txtUserName\&amp;quot;)) = count(id(\&amp;quot;txtUserName\&amp;quot;))]&amp;apos; in &amp;apos;30&amp;apos; second(s)</message>
  <nestedLevel>1</nestedLevel>
</record>
<record>
  <date>2017-12-04T14:46:23</date>
  <millis>1512378983932</millis>
  <sequence>28</sequence>
  <level>INFO</level>
  <class>com.kms.katalon.core.logging.KeywordLogger</class>
  <method>logMessage</method>
  <thread>1</thread>
  <message>Found 1 web elements with id: &amp;apos;Object Repository/input_userName&amp;apos; located by &amp;apos;By.xpath: //input[count(. | //*[@id = &amp;apos;txtUserName&amp;apos;]) = count(//*[@id = &amp;apos;txtUserName&amp;apos;])][count(. | //*[@type = &amp;apos;text&amp;apos;]) = count(//*[@type = &amp;apos;text&amp;apos;])][count(. | //*[@placeholder = &amp;apos;Username&amp;apos;]) = count(//*[@placeholder = &amp;apos;Username&amp;apos;])][count(. | //*[@name = &amp;apos;userName&amp;apos;]) = count(//*[@name = &amp;apos;userName&amp;apos;])][count(. | //*[@class = &amp;apos;form-control&amp;apos;]) = count(//*[@class = &amp;apos;form-control&amp;apos;])][count(. | //*[@maxlength = &amp;apos;25&amp;apos;]) = count(//*[@maxlength = &amp;apos;25&amp;apos;])][count(. | //*[@autocomplete = &amp;apos;new-password&amp;apos;]) = count(//*[@autocomplete = &amp;apos;new-password&amp;apos;])][count(. | id(\&amp;quot;txtUserName\&amp;quot;)) = count(id(\&amp;quot;txtUserName\&amp;quot;))]&amp;apos; in &amp;apos;30&amp;apos; second(s)</message>
  <nestedLevel>1</nestedLevel>
</record>
<record>
  <date>2017-12-04T14:46:24</date>
  <millis>1512378984040</millis>
  <sequence>29</sequence>
  <level>PASSED</level>
  <class>com.kms.katalon.core.logging.KeywordLogger</class>
  <method>logMessage</method>
  <thread>1</thread>
  <message>Keys &amp;apos;ih.chelms&amp;apos; sent to object: &amp;apos;Object Repository/input_userName&amp;apos;</message>
  <nestedLevel>1</nestedLevel>
</record>
<record>
  <date>2017-12-04T14:46:24</date>
  <millis>1512378984044</millis>
  <sequence>30</sequence>
  <level>END</level>
  <class>com.kms.katalon.core.logging.KeywordLogger</class>
  <method>endKeyword</method>
  <thread>1</thread>
  <message>End action : sendKeys</message>
  <nestedLevel>1</nestedLevel>
</record>
<record>
  <date>2017-12-04T14:46:24</date>
  <millis>1512378984044</millis>
  <sequence>31</sequence>
  <level>PASSED</level>
  <class>com.kms.katalon.core.logging.KeywordLogger</class>
  <method>logMessage</method>
  <thread>1</thread>
  <message>Test Cases/Entering Username</message>
  <nestedLevel>1</nestedLevel>
</record>
<record>
  <date>2017-12-04T14:46:24</date>
  <millis>1512378984045</millis>
  <sequence>32</sequence>
  <level>END</level>
  <class>com.kms.katalon.core.logging.KeywordLogger</class>
  <method>endTest</method>
  <thread>1</thread>
  <message>End Test Case : Test Cases/Entering Username</message>
  <nestedLevel>0</nestedLevel>
</record>
<record>
  <date>2017-12-04T14:46:24</date>
  <millis>1512378984099</millis>
  <sequence>33</sequence>
  <level>START</level>
  <class>com.kms.katalon.core.logging.KeywordLogger</class>
  <method>startTest</method>
  <thread>1</thread>
  <message>Start Test Case : Test Cases/Entering Password</message>
  <nestedLevel>1</nestedLevel>
  <property name="name">Test Cases/Entering Password</property>
  <property name="description">Entering Password in Password field.</property>
  <property name="id">Test Cases/Entering Password</property>
  <property name="source">D:\\Katalon_Practice_Workspace\\Beginner ThreeTest Cases\\Entering Password.tc</property>
  <property name="isOptional">false</property>
</record>
<record>
  <date>2017-12-04T14:46:24</date>
  <millis>1512378984107</millis>
  <sequence>34</sequence>
  <level>INFO</level>
  <class>com.kms.katalon.core.logging.KeywordLogger</class>
  <method>logMessage</method>
  <thread>1</thread>
  <message>Evaluating variables for test case</message>
  <nestedLevel>1</nestedLevel>
</record>
<record>
  <date>2017-12-04T14:46:24</date>
  <millis>1512378984234</millis>
  <sequence>35</sequence>
  <level>START</level>
  <class>com.kms.katalon.core.logging.KeywordLogger</class>
  <method>startKeyword</method>
  <thread>1</thread>
  <message>Start action : sendKeys</message>
  <nestedLevel>1</nestedLevel>
  <property name="startLine">22</property>
  <property name="stepIndex">1</property>
</record>
<record>
  <date>2017-12-04T14:46:24</date>
  <millis>1512378984235</millis>
  <sequence>36</sequence>
  <level>INFO</level>
  <class>com.kms.katalon.core.logging.KeywordLogger</class>
  <method>logMessage</method>
  <thread>1</thread>
  <message>Finding Test Object with id &amp;apos;Object Repository/input_password&amp;apos;</message>
  <nestedLevel>1</nestedLevel>
</record>
<record>
  <date>2017-12-04T14:46:24</date>
  <millis>1512378984272</millis>
  <sequence>37</sequence>
  <level>INFO</level>
  <class>com.kms.katalon.core.logging.KeywordLogger</class>
  <method>logMessage</method>
  <thread>1</thread>
  <message>Sending keys &amp;apos;10#Hammer&amp;apos; to object: &amp;apos;Object Repository/input_password&amp;apos;</message>
  <nestedLevel>1</nestedLevel>
</record>
<record>
  <date>2017-12-04T14:46:24</date>
  <millis>1512378984273</millis>
  <sequence>38</sequence>
  <level>INFO</level>
  <class>com.kms.katalon.core.logging.KeywordLogger</class>
  <method>logMessage</method>
  <thread>1</thread>
  <message>Checking timeout</message>
  <nestedLevel>1</nestedLevel>
</record>
<record>
  <date>2017-12-04T14:46:24</date>
  <millis>1512378984280</millis>
  <sequence>39</sequence>
  <level>INFO</level>
  <class>com.kms.katalon.core.logging.KeywordLogger</class>
  <method>logMessage</method>
  <thread>1</thread>
  <message>Finding web element with id: &amp;apos;Object Repository/input_password&amp;apos; located by &amp;apos;By.xpath: //input[count(. | //*[@id = &amp;apos;txtPassword&amp;apos;]) = count(//*[@id = &amp;apos;txtPassword&amp;apos;])][count(. | //*[@type = &amp;apos;password&amp;apos;]) = count(//*[@type = &amp;apos;password&amp;apos;])][count(. | //*[@placeholder = &amp;apos;Password&amp;apos;]) = count(//*[@placeholder = &amp;apos;Password&amp;apos;])][count(. | //*[@name = &amp;apos;password&amp;apos;]) = count(//*[@name = &amp;apos;password&amp;apos;])][count(. | //*[@class = &amp;apos;form-control&amp;apos;]) = count(//*[@class = &amp;apos;form-control&amp;apos;])][count(. | //*[@maxlength = &amp;apos;25&amp;apos;]) = count(//*[@maxlength = &amp;apos;25&amp;apos;])][count(. | //*[@autocomplete = &amp;apos;new-password&amp;apos;]) = count(//*[@autocomplete = &amp;apos;new-password&amp;apos;])][count(. | id(\&amp;quot;txtPassword\&amp;quot;)) = count(id(\&amp;quot;txtPassword\&amp;quot;))]&amp;apos; in &amp;apos;30&amp;apos; second(s)</message>
  <nestedLevel>1</nestedLevel>
</record>
<record>
  <date>2017-12-04T14:46:24</date>
  <millis>1512378984314</millis>
  <sequence>40</sequence>
  <level>INFO</level>
  <class>com.kms.katalon.core.logging.KeywordLogger</class>
  <method>logMessage</method>
  <thread>1</thread>
  <message>Found 1 web elements with id: &amp;apos;Object Repository/input_password&amp;apos; located by &amp;apos;By.xpath: //input[count(. | //*[@id = &amp;apos;txtPassword&amp;apos;]) = count(//*[@id = &amp;apos;txtPassword&amp;apos;])][count(. | //*[@type = &amp;apos;password&amp;apos;]) = count(//*[@type = &amp;apos;password&amp;apos;])][count(. | //*[@placeholder = &amp;apos;Password&amp;apos;]) = count(//*[@placeholder = &amp;apos;Password&amp;apos;])][count(. | //*[@name = &amp;apos;password&amp;apos;]) = count(//*[@name = &amp;apos;password&amp;apos;])][count(. | //*[@class = &amp;apos;form-control&amp;apos;]) = count(//*[@class = &amp;apos;form-control&amp;apos;])][count(. | //*[@maxlength = &amp;apos;25&amp;apos;]) = count(//*[@maxlength = &amp;apos;25&amp;apos;])][count(. | //*[@autocomplete = &amp;apos;new-password&amp;apos;]) = count(//*[@autocomplete = &amp;apos;new-password&amp;apos;])][count(. | id(\&amp;quot;txtPassword\&amp;quot;)) = count(id(\&amp;quot;txtPassword\&amp;quot;))]&amp;apos; in &amp;apos;30&amp;apos; second(s)</message>
  <nestedLevel>1</nestedLevel>
</record>
<record>
  <date>2017-12-04T14:46:24</date>
  <millis>1512378984401</millis>
  <sequence>41</sequence>
  <level>PASSED</level>
  <class>com.kms.katalon.core.logging.KeywordLogger</class>
  <method>logMessage</method>
  <thread>1</thread>
  <message>Keys &amp;apos;10#Hammer&amp;apos; sent to object: &amp;apos;Object Repository/input_password&amp;apos;</message>
  <nestedLevel>1</nestedLevel>
</record>
<record>
  <date>2017-12-04T14:46:24</date>
  <millis>1512378984401</millis>
  <sequence>42</sequence>
  <level>END</level>
  <class>com.kms.katalon.core.logging.KeywordLogger</class>
  <method>endKeyword</method>
  <thread>1</thread>
  <message>End action : sendKeys</message>
  <nestedLevel>1</nestedLevel>
</record>
<record>
  <date>2017-12-04T14:46:24</date>
  <millis>1512378984402</millis>
  <sequence>43</sequence>
  <level>PASSED</level>
  <class>com.kms.katalon.core.logging.KeywordLogger</class>
  <method>logMessage</method>
  <thread>1</thread>
  <message>Test Cases/Entering Password</message>
  <nestedLevel>1</nestedLevel>
</record>
<record>
  <date>2017-12-04T14:46:24</date>
  <millis>1512378984402</millis>
  <sequence>44</sequence>
  <level>END</level>
  <class>com.kms.katalon.core.logging.KeywordLogger</class>
  <method>endTest</method>
  <thread>1</thread>
  <message>End Test Case : Test Cases/Entering Password</message>
  <nestedLevel>0</nestedLevel>
</record>
<record>
  <date>2017-12-04T14:46:24</date>
  <millis>1512378984456</millis>
  <sequence>45</sequence>
  <level>START</level>
  <class>com.kms.katalon.core.logging.KeywordLogger</class>
  <method>startTest</method>
  <thread>1</thread>
  <message>Start Test Case : Test Cases/Wait time</message>
  <nestedLevel>1</nestedLevel>
  <property name="name">Test Cases/Wait time</property>
  <property name="description"></property>
  <property name="id">Test Cases/Wait time</property>
  <property name="source">D:\\Katalon_Practice_Workspace\\Beginner ThreeTest Cases\\Wait time.tc</property>
  <property name="isOptional">false</property>
</record>
<record>
  <date>2017-12-04T14:46:24</date>
  <millis>1512378984465</millis>
  <sequence>46</sequence>
  <level>INFO</level>
  <class>com.kms.katalon.core.logging.KeywordLogger</class>
  <method>logMessage</method>
  <thread>1</thread>
  <message>Evaluating variables for test case</message>
  <nestedLevel>1</nestedLevel>
</record>
<record>
  <date>2017-12-04T14:46:24</date>
  <millis>1512378984583</millis>
  <sequence>47</sequence>
  <level>START</level>
  <class>com.kms.katalon.core.logging.KeywordLogger</class>
  <method>startKeyword</method>
  <thread>1</thread>
  <message>Start action : waitForElementClickable</message>
  <nestedLevel>1</nestedLevel>
  <property name="startLine">22</property>
  <property name="stepIndex">1</property>
</record>
<record>
  <date>2017-12-04T14:46:24</date>
  <millis>1512378984585</millis>
  <sequence>48</sequence>
  <level>INFO</level>
  <class>com.kms.katalon.core.logging.KeywordLogger</class>
  <method>logMessage</method>
  <thread>1</thread>
  <message>Finding Test Object with id &amp;apos;Object Repository/input_name&amp;apos;</message>
  <nestedLevel>1</nestedLevel>
</record>
<record>
  <date>2017-12-04T14:46:24</date>
  <millis>1512378984610</millis>
  <sequence>49</sequence>
  <level>INFO</level>
  <class>com.kms.katalon.core.logging.KeywordLogger</class>
  <method>logMessage</method>
  <thread>1</thread>
  <message>Checking object</message>
  <nestedLevel>1</nestedLevel>
</record>
<record>
  <date>2017-12-04T14:46:24</date>
  <millis>1512378984611</millis>
  <sequence>50</sequence>
  <level>INFO</level>
  <class>com.kms.katalon.core.logging.KeywordLogger</class>
  <method>logMessage</method>
  <thread>1</thread>
  <message>Checking timeout</message>
  <nestedLevel>1</nestedLevel>
</record>
<record>
  <date>2017-12-04T14:46:24</date>
  <millis>1512378984611</millis>
  <sequence>51</sequence>
  <level>INFO</level>
  <class>com.kms.katalon.core.logging.KeywordLogger</class>
  <method>logMessage</method>
  <thread>1</thread>
  <message>Checking timeout</message>
  <nestedLevel>1</nestedLevel>
</record>
<record>
  <date>2017-12-04T14:46:24</date>
  <millis>1512378984613</millis>
  <sequence>52</sequence>
  <level>INFO</level>
  <class>com.kms.katalon.core.logging.KeywordLogger</class>
  <method>logMessage</method>
  <thread>1</thread>
  <message>Finding web element with id: &amp;apos;Object Repository/input_name&amp;apos; located by &amp;apos;By.xpath: //input[count(. | //*[@id = &amp;apos;btnSubmit&amp;apos;]) = count(//*[@id = &amp;apos;btnSubmit&amp;apos;])][count(. | //*[@class = &amp;apos;buttonLogin&amp;apos;]) = count(//*[@class = &amp;apos;buttonLogin&amp;apos;])][count(. | //*[@type = &amp;apos;submit&amp;apos;]) = count(//*[@type = &amp;apos;submit&amp;apos;])][count(. | //*[@name = &amp;apos;name&amp;apos;]) = count(//*[@name = &amp;apos;name&amp;apos;])][count(. | //*[@value = &amp;apos;Log in&amp;apos;]) = count(//*[@value = &amp;apos;Log in&amp;apos;])][count(. | id(\&amp;quot;btnSubmit\&amp;quot;)) = count(id(\&amp;quot;btnSubmit\&amp;quot;))]&amp;apos; in &amp;apos;5&amp;apos; second(s)</message>
  <nestedLevel>1</nestedLevel>
</record>
<record>
  <date>2017-12-04T14:46:24</date>
  <millis>1512378984644</millis>
  <sequence>53</sequence>
  <level>INFO</level>
  <class>com.kms.katalon.core.logging.KeywordLogger</class>
  <method>logMessage</method>
  <thread>1</thread>
  <message>Found 1 web elements with id: &amp;apos;Object Repository/input_name&amp;apos; located by &amp;apos;By.xpath: //input[count(. | //*[@id = &amp;apos;btnSubmit&amp;apos;]) = count(//*[@id = &amp;apos;btnSubmit&amp;apos;])][count(. | //*[@class = &amp;apos;buttonLogin&amp;apos;]) = count(//*[@class = &amp;apos;buttonLogin&amp;apos;])][count(. | //*[@type = &amp;apos;submit&amp;apos;]) = count(//*[@type = &amp;apos;submit&amp;apos;])][count(. | //*[@name = &amp;apos;name&amp;apos;]) = count(//*[@name = &amp;apos;name&amp;apos;])][count(. | //*[@value = &amp;apos;Log in&amp;apos;]) = count(//*[@value = &amp;apos;Log in&amp;apos;])][count(. | id(\&amp;quot;btnSubmit\&amp;quot;)) = count(id(\&amp;quot;btnSubmit\&amp;quot;))]&amp;apos; in &amp;apos;5&amp;apos; second(s)</message>
  <nestedLevel>1</nestedLevel>
</record>
<record>
  <date>2017-12-04T14:46:24</date>
  <millis>1512378984684</millis>
  <sequence>54</sequence>
  <level>PASSED</level>
  <class>com.kms.katalon.core.logging.KeywordLogger</class>
  <method>logMessage</method>
  <thread>1</thread>
  <message>Object &amp;apos;Object Repository/input_name&amp;apos; is clickable</message>
  <nestedLevel>1</nestedLevel>
</record>
<record>
  <date>2017-12-04T14:46:24</date>
  <millis>1512378984688</millis>
  <sequence>55</sequence>
  <level>END</level>
  <class>com.kms.katalon.core.logging.KeywordLogger</class>
  <method>endKeyword</method>
  <thread>1</thread>
  <message>End action : waitForElementClickable</message>
  <nestedLevel>1</nestedLevel>
</record>
<record>
  <date>2017-12-04T14:46:24</date>
  <millis>1512378984689</millis>
  <sequence>56</sequence>
  <level>PASSED</level>
  <class>com.kms.katalon.core.logging.KeywordLogger</class>
  <method>logMessage</method>
  <thread>1</thread>
  <message>Test Cases/Wait time</message>
  <nestedLevel>1</nestedLevel>
</record>
<record>
  <date>2017-12-04T14:46:24</date>
  <millis>1512378984691</millis>
  <sequence>57</sequence>
  <level>END</level>
  <class>com.kms.katalon.core.logging.KeywordLogger</class>
  <method>endTest</method>
  <thread>1</thread>
  <message>End Test Case : Test Cases/Wait time</message>
  <nestedLevel>0</nestedLevel>
</record>
<record>
  <date>2017-12-04T14:46:24</date>
  <millis>1512378984799</millis>
  <sequence>58</sequence>
  <level>START</level>
  <class>com.kms.katalon.core.logging.KeywordLogger</class>
  <method>startTest</method>
  <thread>1</thread>
  <message>Start Test Case : Test Cases/Click Submit</message>
  <nestedLevel>1</nestedLevel>
  <property name="name">Test Cases/Click Submit</property>
  <property name="description">Clicking on SUBMIT button</property>
  <property name="id">Test Cases/Click Submit</property>
  <property name="source">D:\\Katalon_Practice_Workspace\\Beginner ThreeTest Cases\\Click Submit.tc</property>
  <property name="isOptional">false</property>
</record>
<record>
  <date>2017-12-04T14:46:24</date>
  <millis>1512378984812</millis>
  <sequence>59</sequence>
  <level>INFO</level>
  <class>com.kms.katalon.core.logging.KeywordLogger</class>
  <method>logMessage</method>
  <thread>1</thread>
  <message>Evaluating variables for test case</message>
  <nestedLevel>1</nestedLevel>
</record>
<record>
  <date>2017-12-04T14:46:24</date>
  <millis>1512378984938</millis>
  <sequence>60</sequence>
  <level>START</level>
  <class>com.kms.katalon.core.logging.KeywordLogger</class>
  <method>startKeyword</method>
  <thread>1</thread>
  <message>Start action : click</message>
  <nestedLevel>1</nestedLevel>
  <property name="startLine">23</property>
  <property name="stepIndex">1</property>
</record>
<record>
  <date>2017-12-04T14:46:24</date>
  <millis>1512378984939</millis>
  <sequence>61</sequence>
  <level>INFO</level>
  <class>com.kms.katalon.core.logging.KeywordLogger</class>
  <method>logMessage</method>
  <thread>1</thread>
  <message>Finding Test Object with id &amp;apos;Object Repository/input_name&amp;apos;</message>
  <nestedLevel>1</nestedLevel>
</record>
<record>
  <date>2017-12-04T14:46:24</date>
  <millis>1512378984956</millis>
  <sequence>62</sequence>
  <level>INFO</level>
  <class>com.kms.katalon.core.logging.KeywordLogger</class>
  <method>logMessage</method>
  <thread>1</thread>
  <message>Checking object</message>
  <nestedLevel>1</nestedLevel>
</record>
<record>
  <date>2017-12-04T14:46:24</date>
  <millis>1512378984958</millis>
  <sequence>63</sequence>
  <level>INFO</level>
  <class>com.kms.katalon.core.logging.KeywordLogger</class>
  <method>logMessage</method>
  <thread>1</thread>
  <message>Checking timeout</message>
  <nestedLevel>1</nestedLevel>
</record>
<record>
  <date>2017-12-04T14:46:24</date>
  <millis>1512378984962</millis>
  <sequence>64</sequence>
  <level>INFO</level>
  <class>com.kms.katalon.core.logging.KeywordLogger</class>
  <method>logMessage</method>
  <thread>1</thread>
  <message>Finding web element with id: &amp;apos;Object Repository/input_name&amp;apos; located by &amp;apos;By.xpath: //input[count(. | //*[@id = &amp;apos;btnSubmit&amp;apos;]) = count(//*[@id = &amp;apos;btnSubmit&amp;apos;])][count(. | //*[@class = &amp;apos;buttonLogin&amp;apos;]) = count(//*[@class = &amp;apos;buttonLogin&amp;apos;])][count(. | //*[@type = &amp;apos;submit&amp;apos;]) = count(//*[@type = &amp;apos;submit&amp;apos;])][count(. | //*[@name = &amp;apos;name&amp;apos;]) = count(//*[@name = &amp;apos;name&amp;apos;])][count(. | //*[@value = &amp;apos;Log in&amp;apos;]) = count(//*[@value = &amp;apos;Log in&amp;apos;])][count(. | id(\&amp;quot;btnSubmit\&amp;quot;)) = count(id(\&amp;quot;btnSubmit\&amp;quot;))]&amp;apos; in &amp;apos;30&amp;apos; second(s)</message>
  <nestedLevel>1</nestedLevel>
</record>
<record>
  <date>2017-12-04T14:46:24</date>
  <millis>1512378984983</millis>
  <sequence>65</sequence>
  <level>INFO</level>
  <class>com.kms.katalon.core.logging.KeywordLogger</class>
  <method>logMessage</method>
  <thread>1</thread>
  <message>Found 1 web elements with id: &amp;apos;Object Repository/input_name&amp;apos; located by &amp;apos;By.xpath: //input[count(. | //*[@id = &amp;apos;btnSubmit&amp;apos;]) = count(//*[@id = &amp;apos;btnSubmit&amp;apos;])][count(. | //*[@class = &amp;apos;buttonLogin&amp;apos;]) = count(//*[@class = &amp;apos;buttonLogin&amp;apos;])][count(. | //*[@type = &amp;apos;submit&amp;apos;]) = count(//*[@type = &amp;apos;submit&amp;apos;])][count(. | //*[@name = &amp;apos;name&amp;apos;]) = count(//*[@name = &amp;apos;name&amp;apos;])][count(. | //*[@value = &amp;apos;Log in&amp;apos;]) = count(//*[@value = &amp;apos;Log in&amp;apos;])][count(. | id(\&amp;quot;btnSubmit\&amp;quot;)) = count(id(\&amp;quot;btnSubmit\&amp;quot;))]&amp;apos; in &amp;apos;30&amp;apos; second(s)</message>
  <nestedLevel>1</nestedLevel>
</record>
<record>
  <date>2017-12-04T14:46:24</date>
  <millis>1512378984986</millis>
  <sequence>66</sequence>
  <level>INFO</level>
  <class>com.kms.katalon.core.logging.KeywordLogger</class>
  <method>logMessage</method>
  <thread>1</thread>
  <message>Clicking on object: &amp;apos;Object Repository/input_name&amp;apos;</message>
  <nestedLevel>1</nestedLevel>
</record>
<record>
  <date>2017-12-04T14:46:30</date>
  <millis>1512378990952</millis>
  <sequence>67</sequence>
  <level>PASSED</level>
  <class>com.kms.katalon.core.logging.KeywordLogger</class>
  <method>logMessage</method>
  <thread>1</thread>
  <message>Object: &amp;apos;Object Repository/input_name&amp;apos; is clicked on</message>
  <nestedLevel>1</nestedLevel>
</record>
<record>
  <date>2017-12-04T14:46:30</date>
  <millis>1512378990953</millis>
  <sequence>68</sequence>
  <level>END</level>
  <class>com.kms.katalon.core.logging.KeywordLogger</class>
  <method>endKeyword</method>
  <thread>1</thread>
  <message>End action : click</message>
  <nestedLevel>1</nestedLevel>
</record>
<record>
  <date>2017-12-04T14:46:30</date>
  <millis>1512378990953</millis>
  <sequence>69</sequence>
  <level>PASSED</level>
  <class>com.kms.katalon.core.logging.KeywordLogger</class>
  <method>logMessage</method>
  <thread>1</thread>
  <message>Test Cases/Click Submit</message>
  <nestedLevel>1</nestedLevel>
</record>
<record>
  <date>2017-12-04T14:46:30</date>
  <millis>1512378990953</millis>
  <sequence>70</sequence>
  <level>END</level>
  <class>com.kms.katalon.core.logging.KeywordLogger</class>
  <method>endTest</method>
  <thread>1</thread>
  <message>End Test Case : Test Cases/Click Submit</message>
  <nestedLevel>0</nestedLevel>
</record>
<record>
  <date>2017-12-04T14:46:31</date>
  <millis>1512378991005</millis>
  <sequence>71</sequence>
  <level>START</level>
  <class>com.kms.katalon.core.logging.KeywordLogger</class>
  <method>startTest</method>
  <thread>1</thread>
  <message>Start Test Case : Test Cases/Clicking on Logout Button</message>
  <nestedLevel>1</nestedLevel>
  <property name="name">Test Cases/Clicking on Logout Button</property>
  <property name="description"></property>
  <property name="id">Test Cases/Clicking on Logout Button</property>
  <property name="source">D:\\Katalon_Practice_Workspace\\Beginner ThreeTest Cases\\Clicking on Logout Button.tc</property>
  <property name="isOptional">false</property>
</record>
<record>
  <date>2017-12-04T14:46:31</date>
  <millis>1512378991036</millis>
  <sequence>72</sequence>
  <level>INFO</level>
  <class>com.kms.katalon.core.logging.KeywordLogger</class>
  <method>logMessage</method>
  <thread>1</thread>
  <message>Evaluating variables for test case</message>
  <nestedLevel>1</nestedLevel>
</record>
<record>
  <date>2017-12-04T14:46:31</date>
  <millis>1512378991146</millis>
  <sequence>73</sequence>
  <level>START</level>
  <class>com.kms.katalon.core.logging.KeywordLogger</class>
  <method>startKeyword</method>
  <thread>1</thread>
  <message>Start action : click</message>
  <nestedLevel>1</nestedLevel>
  <property name="startLine">23</property>
  <property name="stepIndex">1</property>
</record>
<record>
  <date>2017-12-04T14:46:31</date>
  <millis>1512378991147</millis>
  <sequence>74</sequence>
  <level>INFO</level>
  <class>com.kms.katalon.core.logging.KeywordLogger</class>
  <method>logMessage</method>
  <thread>1</thread>
  <message>Finding Test Object with id &amp;apos;Object Repository/a_Logout&amp;apos;</message>
  <nestedLevel>1</nestedLevel>
</record>
<record>
  <date>2017-12-04T14:46:31</date>
  <millis>1512378991151</millis>
  <sequence>75</sequence>
  <level>INFO</level>
  <class>com.kms.katalon.core.logging.KeywordLogger</class>
  <method>logMessage</method>
  <thread>1</thread>
  <message>Checking object</message>
  <nestedLevel>1</nestedLevel>
</record>
<record>
  <date>2017-12-04T14:46:31</date>
  <millis>1512378991151</millis>
  <sequence>76</sequence>
  <level>INFO</level>
  <class>com.kms.katalon.core.logging.KeywordLogger</class>
  <method>logMessage</method>
  <thread>1</thread>
  <message>Checking timeout</message>
  <nestedLevel>1</nestedLevel>
</record>
<record>
  <date>2017-12-04T14:46:31</date>
  <millis>1512378991152</millis>
  <sequence>77</sequence>
  <level>INFO</level>
  <class>com.kms.katalon.core.logging.KeywordLogger</class>
  <method>logMessage</method>
  <thread>1</thread>
  <message>Finding web element with id: &amp;apos;Object Repository/a_Logout&amp;apos; located by &amp;apos;By.xpath: //a[count(. | //*[@href = &amp;apos;/login/Logout&amp;apos;]) = count(//*[@href = &amp;apos;/login/Logout&amp;apos;])][count(. | //*[text() = &amp;apos;\n            Logout &amp;apos;]) = count(//*[text() = &amp;apos;\n            Logout &amp;apos;])][count(. | id(\&amp;quot;_AgentUI\&amp;quot;)/div[@class=\&amp;quot;pull-right\&amp;quot;]/div[@class=\&amp;quot;username\&amp;quot;]/a[1]) = count(id(\&amp;quot;_AgentUI\&amp;quot;)/div[@class=\&amp;quot;pull-right\&amp;quot;]/div[@class=\&amp;quot;username\&amp;quot;]/a[1])]&amp;apos; in &amp;apos;30&amp;apos; second(s)</message>
  <nestedLevel>1</nestedLevel>
</record>
<record>
  <date>2017-12-04T14:46:31</date>
  <millis>1512378991178</millis>
  <sequence>78</sequence>
  <level>INFO</level>
  <class>com.kms.katalon.core.logging.KeywordLogger</class>
  <method>logMessage</method>
  <thread>1</thread>
  <message>Found 1 web elements with id: &amp;apos;Object Repository/a_Logout&amp;apos; located by &amp;apos;By.xpath: //a[count(. | //*[@href = &amp;apos;/login/Logout&amp;apos;]) = count(//*[@href = &amp;apos;/login/Logout&amp;apos;])][count(. | //*[text() = &amp;apos;\n            Logout &amp;apos;]) = count(//*[text() = &amp;apos;\n            Logout &amp;apos;])][count(. | id(\&amp;quot;_AgentUI\&amp;quot;)/div[@class=\&amp;quot;pull-right\&amp;quot;]/div[@class=\&amp;quot;username\&amp;quot;]/a[1]) = count(id(\&amp;quot;_AgentUI\&amp;quot;)/div[@class=\&amp;quot;pull-right\&amp;quot;]/div[@class=\&amp;quot;username\&amp;quot;]/a[1])]&amp;apos; in &amp;apos;30&amp;apos; second(s)</message>
  <nestedLevel>1</nestedLevel>
</record>
<record>
  <date>2017-12-04T14:46:31</date>
  <millis>1512378991179</millis>
  <sequence>79</sequence>
  <level>INFO</level>
  <class>com.kms.katalon.core.logging.KeywordLogger</class>
  <method>logMessage</method>
  <thread>1</thread>
  <message>Clicking on object: &amp;apos;Object Repository/a_Logout&amp;apos;</message>
  <nestedLevel>1</nestedLevel>
</record>
<record>
  <date>2017-12-04T14:46:32</date>
  <millis>1512378992604</millis>
  <sequence>80</sequence>
  <level>PASSED</level>
  <class>com.kms.katalon.core.logging.KeywordLogger</class>
  <method>logMessage</method>
  <thread>1</thread>
  <message>Object: &amp;apos;Object Repository/a_Logout&amp;apos; is clicked on</message>
  <nestedLevel>1</nestedLevel>
</record>
<record>
  <date>2017-12-04T14:46:32</date>
  <millis>1512378992604</millis>
  <sequence>81</sequence>
  <level>END</level>
  <class>com.kms.katalon.core.logging.KeywordLogger</class>
  <method>endKeyword</method>
  <thread>1</thread>
  <message>End action : click</message>
  <nestedLevel>1</nestedLevel>
</record>
<record>
  <date>2017-12-04T14:46:32</date>
  <millis>1512378992606</millis>
  <sequence>82</sequence>
  <level>PASSED</level>
  <class>com.kms.katalon.core.logging.KeywordLogger</class>
  <method>logMessage</method>
  <thread>1</thread>
  <message>Test Cases/Clicking on Logout Button</message>
  <nestedLevel>1</nestedLevel>
</record>
<record>
  <date>2017-12-04T14:46:32</date>
  <millis>1512378992606</millis>
  <sequence>83</sequence>
  <level>END</level>
  <class>com.kms.katalon.core.logging.KeywordLogger</class>
  <method>endTest</method>
  <thread>1</thread>
  <message>End Test Case : Test Cases/Clicking on Logout Button</message>
  <nestedLevel>0</nestedLevel>
</record>
<record>
  <date>2017-12-04T14:46:33</date>
  <millis>1512378993066</millis>
  <sequence>84</sequence>
  <level>END</level>
  <class>com.kms.katalon.core.logging.KeywordLogger</class>
  <method>endSuite</method>
  <thread>1</thread>
  <message>End Test Suite : PPE_Login</message>
  <nestedLevel>0</nestedLevel>
</record>
</log>
