<?xml version="1.0" encoding="UTF-8" standalone="no"?>
<!DOCTYPE log SYSTEM "logger.dtd">
<log>
<record>
  <date>2018-02-12T17:03:58</date>
  <millis>1518435238515</millis>
  <sequence>0</sequence>
  <level>START</level>
  <class>com.kms.katalon.core.logging.KeywordLogger</class>
  <method>startSuite</method>
  <thread>1</thread>
  <message>Start Test Suite : PPE</message>
  <nestedLevel>0</nestedLevel>
  <property name="name">PPE</property>
  <property name="description"></property>
  <property name="id">Test Suites/PPE</property>
</record>
<record>
  <date>2018-02-12T17:03:58</date>
  <millis>1518435238543</millis>
  <sequence>1</sequence>
  <level>RUN_DATA</level>
  <class>com.kms.katalon.core.logging.KeywordLogger</class>
  <method>logMessage</method>
  <thread>1</thread>
  <message>Logging run data &amp;apos;hostName&amp;apos; with value &amp;apos;gsalunkhe - CTS-QUA-4.cogitate.india&amp;apos;</message>
  <nestedLevel>0</nestedLevel>
  <property name="hostName">gsalunkhe - CTS-QUA-4.cogitate.india</property>
</record>
<record>
  <date>2018-02-12T17:03:58</date>
  <millis>1518435238545</millis>
  <sequence>2</sequence>
  <level>RUN_DATA</level>
  <class>com.kms.katalon.core.logging.KeywordLogger</class>
  <method>logMessage</method>
  <thread>1</thread>
  <message>Logging run data &amp;apos;os&amp;apos; with value &amp;apos;Windows 7 64bit&amp;apos;</message>
  <nestedLevel>0</nestedLevel>
  <property name="os">Windows 7 64bit</property>
</record>
<record>
  <date>2018-02-12T17:03:58</date>
  <millis>1518435238546</millis>
  <sequence>3</sequence>
  <level>RUN_DATA</level>
  <class>com.kms.katalon.core.logging.KeywordLogger</class>
  <method>logMessage</method>
  <thread>1</thread>
  <message>Logging run data &amp;apos;hostAddress&amp;apos; with value &amp;apos;192.168.0.4&amp;apos;</message>
  <nestedLevel>0</nestedLevel>
  <property name="hostAddress">192.168.0.4</property>
</record>
<record>
  <date>2018-02-12T17:03:58</date>
  <millis>1518435238548</millis>
  <sequence>4</sequence>
  <level>RUN_DATA</level>
  <class>com.kms.katalon.core.logging.KeywordLogger</class>
  <method>logMessage</method>
  <thread>1</thread>
  <message>Logging run data &amp;apos;katalonVersion&amp;apos; with value &amp;apos;5.0.1.1&amp;apos;</message>
  <nestedLevel>0</nestedLevel>
  <property name="katalonVersion">5.0.1.1</property>
</record>
<record>
  <date>2018-02-12T17:03:58</date>
  <millis>1518435238841</millis>
  <sequence>5</sequence>
  <level>START</level>
  <class>com.kms.katalon.core.logging.KeywordLogger</class>
  <method>startTest</method>
  <thread>1</thread>
  <message>Start Test Case : Test Cases/QUOTE_CREATION</message>
  <nestedLevel>1</nestedLevel>
  <property name="name">Test Cases/QUOTE_CREATION</property>
  <property name="description">Agent Quote process</property>
  <property name="id">Test Cases/QUOTE_CREATION</property>
  <property name="source">D:\\Katalon_Practice_Workspace\\Katalon_PPE_GANESHTest Cases\\QUOTE_CREATION.tc</property>
  <property name="isOptional">false</property>
</record>
<record>
  <date>2018-02-12T17:03:59</date>
  <millis>1518435239018</millis>
  <sequence>6</sequence>
  <level>INFO</level>
  <class>com.kms.katalon.core.logging.KeywordLogger</class>
  <method>logMessage</method>
  <thread>1</thread>
  <message>Evaluating variables for test case</message>
  <nestedLevel>1</nestedLevel>
</record>
<record>
  <date>2018-02-12T17:03:59</date>
  <millis>1518435239915</millis>
  <sequence>7</sequence>
  <level>START</level>
  <class>com.kms.katalon.core.logging.KeywordLogger</class>
  <method>startKeyword</method>
  <thread>1</thread>
  <message>Start action : Statement - propertyDataRowCounter = 0</message>
  <nestedLevel>1</nestedLevel>
  <property name="startLine">9</property>
  <property name="stepIndex">1</property>
</record>
<record>
  <date>2018-02-12T17:03:59</date>
  <millis>1518435239917</millis>
  <sequence>8</sequence>
  <level>END</level>
  <class>com.kms.katalon.core.logging.KeywordLogger</class>
  <method>endKeyword</method>
  <thread>1</thread>
  <message>End action : Statement - propertyDataRowCounter = 0</message>
  <nestedLevel>1</nestedLevel>
</record>
<record>
  <date>2018-02-12T17:03:59</date>
  <millis>1518435239918</millis>
  <sequence>9</sequence>
  <level>START</level>
  <class>com.kms.katalon.core.logging.KeywordLogger</class>
  <method>startKeyword</method>
  <thread>1</thread>
  <message>Start action : Statement - configDataRowCounter = 0</message>
  <nestedLevel>1</nestedLevel>
  <property name="startLine">10</property>
  <property name="stepIndex">2</property>
</record>
<record>
  <date>2018-02-12T17:03:59</date>
  <millis>1518435239919</millis>
  <sequence>10</sequence>
  <level>END</level>
  <class>com.kms.katalon.core.logging.KeywordLogger</class>
  <method>endKeyword</method>
  <thread>1</thread>
  <message>End action : Statement - configDataRowCounter = 0</message>
  <nestedLevel>1</nestedLevel>
</record>
<record>
  <date>2018-02-12T17:03:59</date>
  <millis>1518435239921</millis>
  <sequence>11</sequence>
  <level>START</level>
  <class>com.kms.katalon.core.logging.KeywordLogger</class>
  <method>startKeyword</method>
  <thread>1</thread>
  <message>Start action : Statement - genericDATA = com.kms.katalon.core.testdata.TestDataFactory.findTestData(PPE_Config_File)</message>
  <nestedLevel>1</nestedLevel>
  <property name="startLine">14</property>
  <property name="stepIndex">3</property>
</record>
<record>
  <date>2018-02-12T17:03:59</date>
  <millis>1518435239934</millis>
  <sequence>12</sequence>
  <level>INFO</level>
  <class>com.kms.katalon.core.logging.KeywordLogger</class>
  <method>logMessage</method>
  <thread>1</thread>
  <message>Checking test data id</message>
  <nestedLevel>1</nestedLevel>
</record>
<record>
  <date>2018-02-12T17:03:59</date>
  <millis>1518435239935</millis>
  <sequence>13</sequence>
  <level>INFO</level>
  <class>com.kms.katalon.core.logging.KeywordLogger</class>
  <method>logMessage</method>
  <thread>1</thread>
  <message>Finding test data with id &amp;apos;Data Files/PPE_Config_File&amp;apos;</message>
  <nestedLevel>1</nestedLevel>
</record>
<record>
  <date>2018-02-12T17:03:59</date>
  <millis>1518435239946</millis>
  <sequence>14</sequence>
  <level>INFO</level>
  <class>com.kms.katalon.core.logging.KeywordLogger</class>
  <method>logMessage</method>
  <thread>1</thread>
  <message>Test data is internal data, reading internal data</message>
  <nestedLevel>1</nestedLevel>
</record>
<record>
  <date>2018-02-12T17:03:59</date>
  <millis>1518435239949</millis>
  <sequence>15</sequence>
  <level>END</level>
  <class>com.kms.katalon.core.logging.KeywordLogger</class>
  <method>endKeyword</method>
  <thread>1</thread>
  <message>End action : Statement - genericDATA = com.kms.katalon.core.testdata.TestDataFactory.findTestData(PPE_Config_File)</message>
  <nestedLevel>1</nestedLevel>
</record>
<record>
  <date>2018-02-12T17:03:59</date>
  <millis>1518435239950</millis>
  <sequence>16</sequence>
  <level>START</level>
  <class>com.kms.katalon.core.logging.KeywordLogger</class>
  <method>startKeyword</method>
  <thread>1</thread>
  <message>Start action : Statement - propertyDATA = com.kms.katalon.core.testdata.TestDataFactory.findTestData(PPEPROPERTYDATA)</message>
  <nestedLevel>1</nestedLevel>
  <property name="startLine">17</property>
  <property name="stepIndex">4</property>
</record>
<record>
  <date>2018-02-12T17:03:59</date>
  <millis>1518435239952</millis>
  <sequence>17</sequence>
  <level>INFO</level>
  <class>com.kms.katalon.core.logging.KeywordLogger</class>
  <method>logMessage</method>
  <thread>1</thread>
  <message>Checking test data id</message>
  <nestedLevel>1</nestedLevel>
</record>
<record>
  <date>2018-02-12T17:03:59</date>
  <millis>1518435239957</millis>
  <sequence>18</sequence>
  <level>INFO</level>
  <class>com.kms.katalon.core.logging.KeywordLogger</class>
  <method>logMessage</method>
  <thread>1</thread>
  <message>Finding test data with id &amp;apos;Data Files/PPEPROPERTYDATA&amp;apos;</message>
  <nestedLevel>1</nestedLevel>
</record>
<record>
  <date>2018-02-12T17:03:59</date>
  <millis>1518435239986</millis>
  <sequence>19</sequence>
  <level>INFO</level>
  <class>com.kms.katalon.core.logging.KeywordLogger</class>
  <method>logMessage</method>
  <thread>1</thread>
  <message>Test data is internal data, reading internal data</message>
  <nestedLevel>1</nestedLevel>
</record>
<record>
  <date>2018-02-12T17:03:59</date>
  <millis>1518435239988</millis>
  <sequence>20</sequence>
  <level>END</level>
  <class>com.kms.katalon.core.logging.KeywordLogger</class>
  <method>endKeyword</method>
  <thread>1</thread>
  <message>End action : Statement - propertyDATA = com.kms.katalon.core.testdata.TestDataFactory.findTestData(PPEPROPERTYDATA)</message>
  <nestedLevel>1</nestedLevel>
</record>
<record>
  <date>2018-02-12T17:03:59</date>
  <millis>1518435239989</millis>
  <sequence>21</sequence>
  <level>START</level>
  <class>com.kms.katalon.core.logging.KeywordLogger</class>
  <method>startKeyword</method>
  <thread>1</thread>
  <message>Start action : Statement - obj = data.get(propertyDataRowCounter)</message>
  <nestedLevel>1</nestedLevel>
  <property name="startLine">20</property>
  <property name="stepIndex">5</property>
</record>
<record>
  <date>2018-02-12T17:03:59</date>
  <millis>1518435239998</millis>
  <sequence>22</sequence>
  <level>END</level>
  <class>com.kms.katalon.core.logging.KeywordLogger</class>
  <method>endKeyword</method>
  <thread>1</thread>
  <message>End action : Statement - obj = data.get(propertyDataRowCounter)</message>
  <nestedLevel>1</nestedLevel>
</record>
<record>
  <date>2018-02-12T17:03:59</date>
  <millis>1518435239999</millis>
  <sequence>23</sequence>
  <level>START</level>
  <class>com.kms.katalon.core.logging.KeywordLogger</class>
  <method>startKeyword</method>
  <thread>1</thread>
  <message>Start action : Statement - obj.toString().replace(\&amp;quot;N\&amp;quot;, \&amp;quot;Y\&amp;quot;)</message>
  <nestedLevel>1</nestedLevel>
  <property name="startLine">22</property>
  <property name="stepIndex">6</property>
</record>
<record>
  <date>2018-02-12T17:04:00</date>
  <millis>1518435240002</millis>
  <sequence>24</sequence>
  <level>END</level>
  <class>com.kms.katalon.core.logging.KeywordLogger</class>
  <method>endKeyword</method>
  <thread>1</thread>
  <message>End action : Statement - obj.toString().replace(\&amp;quot;N\&amp;quot;, \&amp;quot;Y\&amp;quot;)</message>
  <nestedLevel>1</nestedLevel>
</record>
<record>
  <date>2018-02-12T17:04:00</date>
  <millis>1518435240002</millis>
  <sequence>25</sequence>
  <level>START</level>
  <class>com.kms.katalon.core.logging.KeywordLogger</class>
  <method>startKeyword</method>
  <thread>1</thread>
  <message>Start action : Statement - data.add(obj)</message>
  <nestedLevel>1</nestedLevel>
  <property name="startLine">24</property>
  <property name="stepIndex">7</property>
</record>
<record>
  <date>2018-02-12T17:04:00</date>
  <millis>1518435240004</millis>
  <sequence>26</sequence>
  <level>END</level>
  <class>com.kms.katalon.core.logging.KeywordLogger</class>
  <method>endKeyword</method>
  <thread>1</thread>
  <message>End action : Statement - data.add(obj)</message>
  <nestedLevel>1</nestedLevel>
</record>
<record>
  <date>2018-02-12T17:04:00</date>
  <millis>1518435240004</millis>
  <sequence>27</sequence>
  <level>START</level>
  <class>com.kms.katalon.core.logging.KeywordLogger</class>
  <method>startKeyword</method>
  <thread>1</thread>
  <message>Start action : Statement - println(obj)</message>
  <nestedLevel>1</nestedLevel>
  <property name="startLine">26</property>
  <property name="stepIndex">8</property>
</record>
<record>
  <date>2018-02-12T17:04:00</date>
  <millis>1518435240009</millis>
  <sequence>28</sequence>
  <level>END</level>
  <class>com.kms.katalon.core.logging.KeywordLogger</class>
  <method>endKeyword</method>
  <thread>1</thread>
  <message>End action : Statement - println(obj)</message>
  <nestedLevel>1</nestedLevel>
</record>
<record>
  <date>2018-02-12T17:04:00</date>
  <millis>1518435240010</millis>
  <sequence>29</sequence>
  <level>START</level>
  <class>com.kms.katalon.core.logging.KeywordLogger</class>
  <method>startKeyword</method>
  <thread>1</thread>
  <message>Start action : com.PPE.url_Navigation.gotoURL</message>
  <nestedLevel>1</nestedLevel>
  <property name="startLine">30</property>
  <property name="stepIndex">9</property>
</record>
<record>
  <date>2018-02-12T17:04:00</date>
  <millis>1518435240018</millis>
  <sequence>30</sequence>
  <level>INFO</level>
  <class>com.kms.katalon.core.logging.KeywordLogger</class>
  <method>logMessage</method>
  <thread>1</thread>
  <message>Checking test data id</message>
  <nestedLevel>1</nestedLevel>
</record>
<record>
  <date>2018-02-12T17:04:00</date>
  <millis>1518435240019</millis>
  <sequence>31</sequence>
  <level>INFO</level>
  <class>com.kms.katalon.core.logging.KeywordLogger</class>
  <method>logMessage</method>
  <thread>1</thread>
  <message>Finding test data with id &amp;apos;Data Files/PPE_Config_File&amp;apos;</message>
  <nestedLevel>1</nestedLevel>
</record>
<record>
  <date>2018-02-12T17:04:00</date>
  <millis>1518435240023</millis>
  <sequence>32</sequence>
  <level>INFO</level>
  <class>com.kms.katalon.core.logging.KeywordLogger</class>
  <method>logMessage</method>
  <thread>1</thread>
  <message>Test data is internal data, reading internal data</message>
  <nestedLevel>1</nestedLevel>
</record>
<record>
  <date>2018-02-12T17:04:00</date>
  <millis>1518435240614</millis>
  <sequence>33</sequence>
  <level>INFO</level>
  <class>com.kms.katalon.core.logging.KeywordLogger</class>
  <method>logMessage</method>
  <thread>1</thread>
  <message>Opening browser</message>
  <nestedLevel>1</nestedLevel>
</record>
<record>
  <date>2018-02-12T17:04:00</date>
  <millis>1518435240623</millis>
  <sequence>34</sequence>
  <level>INFO</level>
  <class>com.kms.katalon.core.logging.KeywordLogger</class>
  <method>logMessage</method>
  <thread>1</thread>
  <message>Starting &amp;apos;Chrome&amp;apos; driver</message>
  <nestedLevel>1</nestedLevel>
</record>
<record>
  <date>2018-02-12T17:04:00</date>
  <millis>1518435240668</millis>
  <sequence>35</sequence>
  <level>INFO</level>
  <class>com.kms.katalon.core.logging.KeywordLogger</class>
  <method>logMessage</method>
  <thread>1</thread>
  <message>Action delay is set to 0 seconds</message>
  <nestedLevel>1</nestedLevel>
</record>
